SLURM_JOB_ID = 14227772
SLURM JOBID: 14227772
SLURM JOBID: 14227772
== jobstats: running vmstat in background to monitor cpu usage and memory stats
== jobstats: running vmstat in background to monitor cpu usage and memory stats
Number of nodes of list (body:0) 1049 
Number of nodes of list (body:0) 1049 
Number of nodes of list (body:0) 1049 
Number of nodes of list (body:0) 1049 
Number of nodes of list (body:0) 1049 
Number of nodes of list (body:0) 1049 
Number of nodes of list (body:0) 1049 
Number of nodes of list (body:0) 1049 
Number of element of list(body:0) 1984 
Number of ghost nodes 112
Number of element of list(body:0) 1984 
Number of element of list(body:0) 1984 
Number of element of list(body:0) 1984 
Number of element of list(body:0) 1984 
Number of element of list(body:0) 1984 
Number of element of list(body:0) 1984 
Number of element of list(body:0) 1984 
Number of nodes of list (body:1) 1049 
Number of nodes of list (body:1) 1049 
Number of nodes of list (body:1) 1049 
Number of nodes of list (body:1) 1049 
Number of nodes of list (body:1) 1049 
Number of nodes of list (body:1) 1049 
Number of nodes of list (body:1) 1049 
Number of nodes of list (body:1) 1049 
Number of element of list(body:1) 1984 
Number of element of list(body:1) 1984 
Number of element of list(body:1) 1984 
Number of element of list(body:1) 1984 
Number of element of list(body:1) 1984 
Number of element of list(body:1) 1984 
Number of element of list(body:1) 1984 
Number of element of list(body:1) 1984 
Number of ghost nodes 112
Number of nodes of list (body:2) 1049 
Number of nodes of list (body:2) 1049 
Number of nodes of list (body:2) 1049 
Number of nodes of list (body:2) 1049 
Number of nodes of list (body:2) 1049 
Number of nodes of list (body:2) 1049 
Number of nodes of list (body:2) 1049 
Number of nodes of list (body:2) 1049 
Number of element of list(body:2) 1984 
Number of element of list(body:2) 1984 
Number of ghost nodes 112
Number of element of list(body:2) 1984 
Number of element of list(body:2) 1984 
Number of element of list(body:2) 1984 
Number of element of list(body:2) 1984 
Number of element of list(body:2) 1984 
Number of element of list(body:2) 1984 
Fung learning rate file successfully has being read
Error reading value
Error reading value
Error reading value
Error reading value
Error reading value
Error reading value
Error reading value
Error reading value
Before PetscFinalize 3
Before PetscFinalize 6
Before PetscFinalize 7
Before PetscFinalize 5
Before PetscFinalize 4
Before PetscFinalize 2
Before PetscFinalize 0
Before PetscFinalize 1
WARNING! There are options you set that were not used!
WARNING! could be spelling mistake, etc!
There are 4 unused database options. They are:
Option left: name:-e_coefficient_restitution value: 1.0 source: file
Option left: name:-fem_snes_mf (no value) source: file
Option left: name:-fem_snes_monitor (no value) source: file
Option left: name:-fem_snes_rtol value: 1.e-16 source: file
