CPU_MEM_TOTAL: 394153276
CPUS_ON_NODE: 48
CPUS_ON_NODE: 48
REQUESTED_CPUS: 8
REQUESTED_CPUS: 8
REQUESTED_NODES 1
REQUESTED_NODES 1
NODE_NAME: c304
NODE_NAME: c304
procs -----------memory---------- ---swap-- -----io---- -system-- ------cpu-----
 r  b   swpd   free   buff  cache   si   so    bi    bo   in   cs us sy id wa st
 6  0 331260 314033344   5248 15138804    0    0     0     4    0    0 57  1 42  0  0
procs -----------memory---------- ---swap-- -----io---- -system-- ------cpu-----
 r  b   swpd   free   buff  cache   si   so    bi    bo   in   cs us sy id wa st
 5  0 331260 314033344   5248 15138804    0    0     0     4    0    0 57  1 42  0  0
12  0 331260 291307328   5248 15292544    0    0     0   828 15001 29495 13  3 79  5  0
12  0 331260 291307328   5248 15292544    0    0     0   828 14993 29452 13  3 79  5  0
12  0 331260 291296128   5248 15293724    0    0     0    18 13590 4602 22  1 76  2  0
12  0 331260 291296128   5248 15293724    0    0     0    18 13590 4602 22  1 76  2  0
12  0 331260 291296928   5248 15293724    0    0     0     0 13226  989 25  0 75  0  0
12  0 331260 291296928   5248 15293724    0    0     0     0 13236  989 25  0 75  0  0
12  0 331260 291297728   5248 15293596    0    0     0     0 13706 4204 25  0 75  0  0
12  0 331260 291297728   5248 15293596    0    0     0     0 13715 4208 25  0 75  0  0
13  0 331260 284221312   5248 15327468    0    0     0    41 13299 4622 23  1 75  1  0
13  0 331260 284221312   5248 15327468    0    0     0    41 13299 4619 23  1 75  1  0
12  0 331260 291257280   5248 15327608    0    0     0     1 13143  702 25  0 75  0  0
12  0 331260 291257280   5248 15327608    0    0     0     1 13146  703 25  0 75  0  0
12  0 331260 291257088   5248 15327608    0    0     0     0 13179  697 25  0 75  0  0
12  0 331260 291257088   5248 15327608    0    0     0     0 13176  696 25  0 75  0  0
12  0 331260 291256928   5248 15327612    0    0     0     8 13660 3974 25  0 75  0  0
12  0 331260 291256928   5248 15327612    0    0     0     8 13661 3977 25  0 75  0  0
13  0 331260 291255968   5248 15327508    0    0     0     0 14093 6291 24  1 75  0  0
13  0 331260 291255968   5248 15327508    0    0     0     0 14092 6287 24  1 75  0  0
12  0 331260 291255968   5248 15327420    0    0     0     0 13128  669 25  0 75  0  0
12  0 331260 291255968   5248 15327420    0    0     0     0 13128  670 25  0 75  0  0
12  0 331260 291255648   5248 15327420    0    0     0     2 13131  899 25  0 75  0  0
12  0 331260 291255648   5248 15327420    0    0     0     2 13131  901 25  0 75  0  0
12  0 331260 284219488   5248 15327292    0    0     0     0 13481 4553 24  1 75  0  0
11  0 331260 284219488   5248 15327292    0    0     0     0 13487 4580 24  1 75  0  0
13  0 331260 291253088   5248 15330568    0    0     0     0 13414 5908 24  0 75  0  0
13  0 331260 291253088   5248 15330568    0    0     0     0 13402 5879 24  0 75  0  0
13  0 331260 291213760   5248 15366556    0    0     0    10 12789  864 25  0 75  0  0
12  0 331260 291213760   5248 15366556    0    0     0    10 12788  864 25  0 75  0  0
12  0 331260 291209888   5248 15369868    0    0     0     2 12922 1077 25  0 75  0  0
12  0 331260 291209888   5248 15369868    0    0     0     2 12926 1076 25  0 75  0  0
12  0 331260 291207072   5248 15373056    0    0     0     0 13403 2845 25  0 75  0  0
13  0 331260 291207072   5248 15373056    0    0     0     0 13412 2846 25  0 75  0  0
14  0 331260 291203168   5248 15376364    0    0     0     1 13761 6151 25  0 75  0  0
13  0 331260 291203232   5248 15376364    0    0     0     1 13770 6155 25  0 75  0  0
12  0 331260 291200928   5248 15379560    0    0     0     0 13137  776 25  0 75  0  0
12  0 331260 291200928   5248 15379560    0    0     0     0 13137  773 25  0 75  0  0
13  0 331260 291197152   5248 15382740    0    0     0     0 13051  885 25  0 75  0  0
12  0 331260 291197152   5248 15382740    0    0     0     0 13049  885 25  0 75  0  0
12  0 331260 291193568   5248 15386080    0    0     0    10 13019  742 25  0 75  0  0
12  0 331260 291193568   5248 15386080    0    0     0    10 13008  741 25  0 75  0  0
 9  0 331260 291190176   5248 15389392    0    0     0     0 13189  913 25  0 75  0  0
 9  0 331260 291190176   5248 15389392    0    0     0     0 13176  912 25  0 75  0  0
12  0 331260 291151616   5248 15425320    0    0     0     0 13017  805 25  0 75  0  0
12  0 331260 291151616   5248 15425320    0    0     0     0 13012  805 25  0 75  0  0
12  0 331260 291151584   5248 15425192    0    0     0     1 13038  570 25  0 75  0  0
13  0 331260 291151584   5248 15425192    0    0     0     1 13038  570 25  0 75  0  0
12  0 331260 291152000   5248 15425196    0    0     0     1 13467 2358 25  0 75  0  0
12  0 331260 291152000   5248 15425196    0    0     0     1 13468 2361 25  0 75  0  0
13  0 331260 291151776   5248 15425196    0    0     0     0 14278 8183 25  0 75  0  0
12  0 331260 291151776   5248 15425196    0    0     0     0 14278 8182 25  0 75  0  0
12  0 331260 291151104   5248 15424992    0    0     0     6 13164 1512 24  1 75  0  0
12  0 331260 291151104   5248 15424992    0    0     0     6 13163 1510 24  1 75  0  0
12  0 331260 291151296   5248 15424864    0    0     0     0 13180 1033 25  0 75  0  0
12  0 331260 291151296   5248 15424864    0    0     0     0 13180 1033 25  0 75  0  0
12  0 331260 291151072   5248 15424736    0    0     0     0 13279 1532 25  0 75  0  0
12  0 331260 291151072   5248 15424736    0    0     0     0 13280 1536 25  0 75  0  0
12  0 331260 284113600   5248 15424736    0    0     0     4 13943 7348 24  1 75  0  0
12  0 331260 284113600   5248 15424736    0    0     0     4 13942 7344 24  1 75  0  0
13  0 331260 291116192   5248 15457360    0    0     0     0 13394 3139 25  0 75  0  0
12  0 331260 291116192   5248 15457360    0    0     0     0 13395 3140 25  0 75  0  0
12  0 331260 291116096   5248 15457232    0    0     0     0 13000  678 25  0 75  0  0
12  0 331260 291116096   5248 15457232    0    0     0     0 13000  678 25  0 75  0  0
12  0 331260 291115680   5248 15457104    0    0     0     5 12703  893 25  0 75  0  0
12  0 331260 291115680   5248 15457104    0    0     0     5 12706  900 25  0 75  0  0
13  0 331260 291112576   5248 15460416    0    0     0     2 13709 6815 24  1 75  0  0
12  0 331260 291112576   5248 15460416    0    0     0     2 13717 6816 24  1 75  0  0
12  0 331260 291109472   5248 15463592    0    0     0     2 13007 3485 25  0 75  0  0
12  0 331260 291109472   5248 15463592    0    0     0     2 13014 3477 25  0 75  0  0
12  0 331260 291105856   5248 15466772    0    0     0     1 12594  700 25  0 75  0  0
12  0 331260 291105856   5248 15466772    0    0     0     1 12598  701 25  0 75  0  0
12  0 331260 291102432   5248 15470084    0    0     0     0 13013  972 25  0 75  0  0
12  0 331260 291102432   5248 15470084    0    0     0     0 13012  971 25  0 75  0  0
12  0 331260 291098752   5248 15473424    0    0     0     0 13581 4943 25  0 75  0  0
12  0 331260 291098752   5248 15473424    0    0     0     0 13592 4945 25  0 75  0  0
13  0 331260 291095392   5248 15476660    0    0     0    13 13595 5754 25  0 75  0  0
13  0 331260 291095392   5248 15476660    0    0     0    13 13602 5753 25  0 75  0  0
12  0 331260 291054848   5248 15512484    0    0     0     0 13588 2772 25  0 75  0  0
12  0 331260 291054848   5248 15512484    0    0     0     0 13601 2773 25  0 75  0  0
12  0 331260 291051456   5248 15515792    0    0     0     0 13069  835 25  0 75  0  0
12  0 331260 291051456   5248 15515792    0    0     0     0 13076  835 25  0 75  0  0
12  0 331260 291047872   5248 15519096    0    0     0     1 13327 2324 25  0 75  0  0
12  0 331260 291047872   5248 15519096    0    0     0     1 13339 2351 25  0 75  0  0
13  0 331260 291044768   5248 15522384    0    0     0     2 13638 4754 25  0 75  0  0
13  0 331260 291044768   5248 15522384    0    0     0     2 13645 4729 25  0 75  0  0
12  0 331260 291044992   5248 15522296    0    0     0     0 13075  736 25  0 75  0  0
12  0 331260 291044992   5248 15522296    0    0     0     0 13082  735 25  0 75  0  0
12  0 331260 291044992   5248 15522168    0    0     0     7 13046  636 25  0 75  0  0
12  0 331260 291044992   5248 15522168    0    0     0     7 13055  637 25  0 75  0  0
12  0 331260 291045024   5248 15522084    0    0     0     0 13557 2802 25  0 75  0  0
12  0 331260 291045024   5248 15522084    0    0     0     0 13606 2843 25  0 75  0  0
13  0 331260 291042464   5248 15521776    0    0     0     0 14031 7000 24  1 75  0  0
13  0 331260 291042464   5248 15521776    0    0     0     0 13984 6962 24  1 75  0  0
12  0 331260 291009792   5248 15554292    0    0     0     1 13108  802 25  0 75  0  0
12  0 331260 291009792   5248 15554292    0    0     0     1 13106  797 25  0 75  0  0
12  0 331260 291010144   5248 15554128    0    0     0     0 13363  690 25  0 75  0  0
12  0 331260 291010144   5248 15554128    0    0     0     0 13358  690 25  0 75  0  0
11  0 331260 281337376   5248 15554000    0    0     0     0 13773 2301 24  1 75  0  0
12  0 331260 281336352   5248 15554000    0    0     0     0 13778 2319 24  1 75  0  0
13  0 331260 291009888   5248 15554104    0    0     0    10 13462 3475 25  0 75  0  0
13  0 331260 291009888   5248 15554104    0    0     0    10 13460 3461 25  0 75  0  0
12  0 331260 291010048   5248 15553860    0    0     0     1 12901  877 25  0 75  0  0
12  0 331260 291010048   5248 15553860    0    0     0     1 12898  875 25  0 75  0  0
12  0 331260 291009568   5248 15553860    0    0     0     0 12733  770 25  0 75  0  0
13  0 331260 291009568   5248 15553860    0    0     0     0 12736  770 25  0 75  0  0
12  0 331260 291006432   5248 15556916    0    0     0     1 13037 2592 24  1 75  0  0
12  0 331260 291006432   5248 15556916    0    0     0     1 13032 2615 24  1 75  0  0
13  0 331260 291002944   5248 15560320    0    0     0     0 13284 4483 25  0 75  0  0
13  0 331260 291002944   5248 15560320    0    0     0     0 13271 4463 25  0 75  0  0
12  0 331260 290964224   5248 15596176    0    0     0     0 13108  964 25  0 75  0  0
12  0 331260 290964224   5248 15596176    0    0     0     0 13106  965 25  0 75  0  0
12  0 331260 290960768   5248 15599488    0    0     0     0 13074  822 25  0 75  0  0
12  0 331260 290960768   5248 15599488    0    0     0    10 13074  820 25  0 75  0  0
12  0 331260 290956800   5248 15602536    0    0     0    10 13594 3540 25  0 75  0  0
12  0 331260 290956800   5248 15602536    0    0     0     0 13594 3554 25  0 75  0  0
14  0 331260 290953408   5248 15605820    0    0     0     0 13939 7066 25  0 75  0  0
13  0 331260 290953408   5248 15605820    0    0     0     0 13938 7052 25  0 75  0  0
13  0 331260 290950048   5248 15608984    0    0     0     0 13102  674 25  0 75  0  0
12  0 331260 290950048   5248 15608984    0    0     0     0 13101  672 25  0 75  0  0
12  0 331260 290947072   5248 15612224    0    0     0     2 13158  917 25  0 75  0  0
12  0 331260 290947072   5248 15612224    0    0     0     2 13155  916 25  0 75  0  0
12  0 331260 290943424   5248 15615512    0    0     0     0 13522 3561 25  0 75  0  0
12  0 331260 290943424   5248 15615512    0    0     0     0 13569 3608 25  0 75  0  0
13  0 331260 290940032   5248 15618888    0    0     0     0 14305 8880 25  0 75  0  0
13  0 331260 290940032   5248 15618888    0    0     0     0 14260 8836 25  0 75  0  0
13  0 331260 290922432   5248 15635156    0    0     0     5 13249 1008 25  0 75  0  0
12  0 331260 290922432   5248 15635156    0    0     0     5 13257 1007 25  0 75  0  0
12  0 331260 290922304   5248 15635028    0    0     0     0 13056  707 25  0 75  0  0
12  0 331260 290922304   5248 15635028    0    0     0     0 13065  716 25  0 75  0  0
12  0 331260 290922432   5248 15634772    0    0     0     0 13169 1849 25  0 75  0  0
13  0 331260 290922432   5248 15634772    0    0     0     0 13179 1863 25  0 75  0  0
13  0 331260 283885024   5248 15634980    0    0     0     6 13509 4106 24  1 75  0  0
14  0 331260 283885024   5248 15634980    0    0     0     6 13515 4087 24  1 75  0  0
12  0 331260 290904544   5248 15651004    0    0     0     0 13636  718 25  0 75  0  0
12  0 331260 290904544   5248 15651004    0    0     0     0 13674  715 25  0 75  0  0
12  0 331260 290903520   5248 15651008    0    0     0     0 13086  752 25  0 75  0  0
12  0 331260 290903520   5248 15651008    0    0     0     0 13048  752 25  0 75  0  0
12  0 331260 290903456   5248 15650888    0    0     0     8 13759 4160 25  0 75  0  0
12  0 331260 290903456   5248 15650888    0    0     0     8 13770 4219 25  0 75  0  0
13  0 331260 290903040   5248 15650888    0    0     0     0 13510 6737 24  1 75  0  0
13  0 331260 290903040   5248 15650888    0    0     0     0 13499 6681 24  1 75  0  0
12  0 331260 290903296   5248 15650596    0    0     0     0 12691  894 25  0 75  0  0
13  0 331260 290903296   5248 15650596    0    0     0     0 12682  891 25  0 75  0  0
12  0 331260 290904000   5248 15650468    0    0     0     4 12676  746 25  0 75  0  0
12  0 331260 290904000   5248 15650468    0    0     0     4 12667  746 25  0 75  0  0
11  0 331260 283866528   5248 15650472    0    0     0     0 13337 3182 24  1 75  0  0
12  0 331260 283866528   5248 15650472    0    0     0     0 13333 3227 24  1 75  0  0
12  0 331260 290900096   5248 15653776    0    0     0     0 14078 8544 25  0 75  0  0
12  0 331260 290900096   5248 15653776    0    0     0     0 14066 8560 25  0 75  0  0
12  0 331260 290861952   5248 15689596    0    0     0    10 13246 1666 25  0 75  0  0
12  0 331260 290861952   5248 15689596    0    0     0    10 13231 1605 25  0 75  0  0
12  0 331260 290858208   5248 15692908    0    0     0     0 12986  829 25  0 75  0  0
12  0 331260 290858208   5248 15692908    0    0     0     0 12986  833 25  0 75  0  0
12  0 331260 290854624   5248 15696088    0    0     0     0 13150 1538 25  0 75  0  0
12  0 331260 290854624   5248 15696088    0    0     0     0 13153 1544 25  0 75  0  0
12  0 331260 290851104   5248 15699396    0    0     0     8 13818 5350 25  0 75  0  0
12  0 331260 290851104   5248 15699396    0    0     0     8 13820 5372 25  0 75  0  0
12  0 331260 290847520   5248 15702644    0    0     0     0 13075 1370 25  0 75  0  0
12  0 331260 290847520   5248 15702644    0    0     0     0 13070 1337 25  0 75  0  0
12  0 331260 290847904   5248 15702300    0    0     0     0 13031  800 25  0 75  0  0
12  0 331260 290847904   5248 15702300    0    0     0     0 13032  801 25  0 75  0  0
12  0 331260 290846464   5248 15703332    0    0     0     1 13122 1073 25  0 75  0  0
12  0 331260 290846464   5248 15703332    0    0     0     1 13122 1072 25  0 75  0  0
12  0 331260 290843136   5248 15706640    0    0     0     0 13058  675 25  0 75  0  0
12  0 331260 290843136   5248 15706640    0    0     0     0 13059  675 25  0 75  0  0
12  0 331260 290804672   5248 15742692    0    0     0     0 13149  986 25  0 75  0  0
12  0 331260 290804672   5248 15742692    0    0     0     0 13157  986 25  0 75  0  0
12  0 331260 290803776   5248 15742564    0    0     0     6 13275  855 25  0 75  0  0
12  0 331260 290803776   5248 15742564    0    0     0     6 13285  857 25  0 75  0  0
13  0 331260 290804480   5248 15742560    0    0     0     0 13310 1746 25  0 75  0  0
12  0 331260 290804480   5248 15742560    0    0     0     0 13323 1778 25  0 75  0  0
12  0 331260 290804512   5248 15742560    0    0     0     0 13859 6534 25  0 75  0  0
12  0 331260 290804512   5248 15742560    0    0     0     0 13875 6588 25  0 75  0  0
12  0 331260 290895360   5248 15780380    0    0     0     6 13450 2576 24  1 75  0  0
12  0 331260 290895360   5248 15780380    0    0     0     6 13436 2488 24  1 75  0  0
12  0 331260 290895680   5248 15780380    0    0     0     0 13096  709 25  0 75  0  0
12  0 331260 290895680   5248 15780380    0    0     0     0 13099  710 25  0 75  0  0
12  0 331260 290855936   5248 15780384    0    0     0     0 13291 1478 25  0 75  0  0
12  0 331260 290855936   5248 15780384    0    0     0     0 13331 1498 25  0 75  0  0
12  0 331260 290855584   5248 15780384    0    0     0     6 13583 5097 24  1 75  0  0
12  0 331260 290855584   5248 15780384    0    0     0     6 13554 5129 24  1 75  0  0
13  0 331260 290855072   5248 15875308    0    0     0     0 13040 2749 25  0 75  0  0
12  0 331260 290855072   5248 15875308    0    0     0     0 13027 2696 25  0 75  0  0
12  0 331260 290855104   5248 15875312    0    0     0     0 12724  759 25  0 75  0  0
12  0 331260 290855104   5248 15875312    0    0     0     0 12720  760 25  0 75  0  0
12  0 331260 283755744   5248 15875312    0    0     0     6 13081 1890 24  1 75  0  0
12  0 331260 283755744   5248 15875312    0    0     0     6 13075 1909 24  1 75  0  0
12  0 331260 290787744   5248 15878628    0    0     0     2 14042 6618 25  0 75  0  0
12  0 331260 290787744   5248 15878628    0    0     0     2 14031 6626 25  0 75  0  0
12  0 331260 290786304   5248 15914864    0    0     0     0 13336 2470 25  0 75  0  0
12  0 331260 290786304   5248 15914864    0    0     0     0 13323 2442 25  0 75  0  0
12  0 331260 290782752   5248 15918212    0    0     0     8 13182  842 25  0 75  0  0
12  0 331260 290782752   5248 15918212    0    0     0     8 13175  843 25  0 75  0  0
12  0 331260 290762464   5248 15921524    0    0     0     0 13254 1220 25  0 75  0  0
12  0 331260 290762464   5248 15921524    0    0     0     0 13244 1224 25  0 75  0  0
13  0 331260 290759232   5248 15924788    0    0     0     2 14232 7663 25  0 75  0  0
13  0 331260 290759232   5248 15924788    0    0     0     2 14234 7669 25  0 75  0  0
12  0 331260 290702496   5248 15992292    0    0     0    27 13990 5565 25  0 75  0  0
12  0 331260 290702496   5248 15992292    0    0     0    27 13987 5553 25  0 75  0  0
12  0 331260 290699200   5248 15995500    0    0     0     0 13053  843 25  0 75  0  0
12  0 331260 290699200   5248 15995500    0    0     0     0 13054  844 25  0 75  0  0
12  0 331260 290695680   5248 15953896    0    0     0     0 13020 1011 25  0 75  0  0
12  0 331260 290695680   5248 15953896    0    0     0     0 13019 1011 25  0 75  0  0
12  0 331260 290692608   5248 15957208    0    0     0    39 13897 5883 25  0 75  0  0
12  0 331260 290692608   5248 15957208    0    0     0    39 13900 5896 25  0 75  0  0
13  0 331260 290733440   5248 15961444    0    0     0     0 13371 3410 25  0 75  0  0
12  0 331260 290733440   5248 15961444    0    0     0     0 13380 3397 25  0 75  0  0
12  0 331260 290733568   5248 15961448    0    0     0     0 12963  714 25  0 75  0  0
12  0 331260 290733568   5248 15961448    0    0     0     0 12972  715 25  0 75  0  0
12  0 331260 290711616   5248 15961456    0    0     0     5 13273 1012 25  0 75  0  0
12  0 331260 290711616   5248 15961456    0    0     0     5 13287 1031 25  0 75  0  0
12  0 331260 290711296   5248 15961460    0    0     0     0 14092 3480 25  0 75  0  0
12  0 331260 290711296   5248 15961460    0    0     0     0 14100 3486 25  0 75  0  0
12  0 331260 290671488   5248 16021452    0    0     0     0 13464 2177 24  1 75  0  0
13  0 331260 290671488   5248 16021452    0    0     0     0 13459 2153 24  1 75  0  0
12  0 331260 290671776   5248 16021452    0    0     0     6 12618  708 25  0 75  0  0
12  0 331260 290671776   5248 16021452    0    0     0     6 12618  708 25  0 75  0  0
12  0 331260 290654784   5248 15999308    0    0     0     0 12753  939 25  0 75  0  0
12  0 331260 290654784   5248 15999308    0    0     0     0 12755  948 25  0 75  0  0
12  0 331260 283617760   5248 15999308    0    0     0     0 13414 5580 24  1 75  0  0
12  0 331260 283617760   5248 15999308    0    0     0     0 13409 5620 24  1 75  0  0
12  0 331260 290693152   5248 15999796    0    0     0     5 13330 4620 25  0 75  0  0
12  0 331260 290693152   5248 15999796    0    0     0     5 13316 4570 25  0 75  0  0
12  0 331260 290692736   5248 15999796    0    0     0     0 12981  786 25  0 75  0  0
12  0 331260 290692736   5248 15999796    0    0     0     0 12973  789 25  0 75  0  0
12  0 331260 290670176   5248 15999796    0    0     0     0 13074  842 25  0 75  0  0
12  0 331260 290669888   5248 15999796    0    0     0     0 13066  839 25  0 75  0  0
12  0 331260 290661504   5248 16003120    0    0     0     7 13988 6170 24  1 75  0  0
12  0 331260 290661504   5248 16003120    0    0     0     7 13979 6189 24  1 75  0  0
12  0 331260 290635744   5248 16053672    0    0     0     0 13745 5959 25  0 75  0  0
12  0 331260 290635744   5248 16053672    0    0     0     0 13744 5940 25  0 75  0  0
12  0 331260 290632512   5248 16057016    0    0     0     0 12994  714 25  0 75  0  0
12  0 331260 290632512   5248 16057016    0    0     0     0 12994  714 25  0 75  0  0
12  0 331260 290605632   5248 16058828    0    0     0     1 13153 1118 25  0 75  0  0
13  0 331260 290605632   5248 16058828    0    0     0     1 13154 1119 25  0 75  0  0
12  0 331260 290601792   5248 16050220    0    0     0     0 13522 3998 25  0 75  0  0
12  0 331260 290601792   5248 16050220    0    0     0     0 13526 4011 25  0 75  0  0
13  0 331260 290629760   5248 16059500    0    0     0     0 13633 5254 25  0 75  0  0
13  0 331260 290629760   5248 16059500    0    0     0     0 13631 5241 25  0 75  0  0
12  0 331260 290626560   5248 16063072    0    0     0     6 13036  759 25  0 75  0  0
12  0 331260 290626560   5248 16063072    0    0     0     6 13036  758 25  0 75  0  0
12  0 331260 290605984   5248 16066396    0    0     0     0 13093  890 25  0 75  0  0
12  0 331260 290605664   5248 16066396    0    0     0     0 13093  891 25  0 75  0  0
12  0 331260 290588224   5248 16061400    0    0     0     0 13646 4538 25  0 75  0  0
12  0 331260 290588224   5248 16061400    0    0     0     0 13645 4543 25  0 75  0  0
13  0 331260 290584544   5248 16065356    0    0     0     6 13637 5333 25  0 75  0  0
13  0 331260 290584544   5248 16065356    0    0     0     6 13637 5328 25  0 75  0  0
13  0 331260 290617792   5248 16070860    0    0     0     0 13523  648 25  0 75  0  0
12  0 331260 290617792   5248 16070860    0    0     0     0 13523  649 25  0 75  0  0
12  0 331260 290617280   5248 16070860    0    0     0     0 13059  812 25  0 75  0  0
12  0 331260 290617280   5248 16070860    0    0     0     0 13059  813 25  0 75  0  0
12  0 331260 290587360   5248 16070860    0    0     0     6 13518 3402 25  0 75  0  0
12  0 331260 290587360   5248 16070860    0    0     0     6 13510 3405 25  0 75  0  0
13  0 331260 283546656   5248 16073668    0    0     0     0 13320 5329 24  1 75  0  0
13  0 331260 283546656   5248 16073668    0    0     0     0 13312 5324 24  1 75  0  0
12  0 331260 290548192   5248 16106716    0    0     0     0 12655  804 25  0 75  0  0
12  0 331260 290548192   5248 16106716    0    0     0     0 12645  803 25  0 75  0  0
13  0 331260 290547520   5248 16106716    0    0     0     9 13192 2766 25  0 75  0  0
13  0 331260 290547520   5248 16106716    0    0     0     9 13178 2764 25  0 75  0  0
12  0 331260 290547680   5248 16106460    0    0     0     0 13204 3364 25  0 75  0  0
12  0 331260 290547680   5248 16106460    0    0     0     0 13209 3365 25  0 75  0  0
16  0 331260 290545152   5248 16136932    0    0     0     0 14009 7757 24  1 75  0  0
13  0 331260 290544992   5248 16137252    0    0     0     0 14009 7757 24  1 75  0  0
12  0 331260 290545248   5248 16137588    0    0     0     7 13114  853 25  0 75  0  0
12  0 331260 290545248   5248 16137588    0    0     0     7 13161  852 25  0 75  0  0
12  0 331260 290545312   5248 16137460    0    0     0     0 13034  834 25  0 75  0  0
12  0 331260 290545312   5248 16137460    0    0     0     0 13004  835 25  0 75  0  0
12  0 331260 290545184   5248 16101888    0    0     0     0 13340 2426 24  1 75  0  0
13  0 331260 290545184   5248 16101888    0    0     0     0 13348 2441 24  1 75  0  0
13  0 331260 290541344   5248 16105200    0    0     0     2 13789 6088 25  0 75  0  0
13  0 331260 290541344   5248 16105200    0    0     0     2 13786 6073 25  0 75  0  0
12  0 331260 290529312   5248 16152148    0    0     0     0 13065  934 25  0 75  0  0
12  0 331260 290528800   5248 16152148    0    0     0     0 13065  933 25  0 75  0  0
12  0 331260 290526400   5248 16154828    0    0     0     0 12998  795 25  0 75  0  0
12  0 331260 290526400   5248 16154828    0    0     0     0 12999  801 25  0 75  0  0
12  0 331260 290496608   5248 16157812    0    0     0     9 13387 2112 25  0 75  0  0
12  0 331260 290496608   5248 16157812    0    0     0     9 13389 2118 25  0 75  0  0
12  0 331260 290499968   5248 16161156    0    0     0     0 13667 6035 25  0 75  0  0
12  0 331260 290499968   5248 16161156    0    0     0     0 13665 6035 25  0 75  0  0
12  0 331260 290486848   5248 16196440    0    0     0     0 13038 1194 25  0 75  0  0
12  0 331260 290486848   5248 16196440    0    0     0     0 13047 1184 25  0 75  0  0
12  0 331260 290482688   5248 16199640    0    0     0     2 13112 1005 25  0 75  0  0
12  0 331260 290482688   5248 16199640    0    0     0     2 13122 1007 25  0 75  0  0
12  0 331260 290482656   5248 16166720    0    0     0     0 13161 1499 25  0 75  0  0
12  0 331260 290482656   5248 16166720    0    0     0     0 13168 1526 25  0 75  0  0
12  0 331260 290479168   5248 16170028    0    0     0     0 14180 5837 25  0 75  0  0
12  0 331260 290479168   5248 16170028    0    0     0     0 14173 5818 25  0 75  0  0
13  0 331260 290460960   5248 16220272    0    0     0     6 13509 2496 25  0 75  0  0
15  0 331260 290460960   5248 16220272    0    0     0     6 13508 2488 25  0 75  0  0
12  0 331260 290460864   5248 16220272    0    0     0     0 12816  605 25  0 75  0  0
12  0 331260 290460864   5248 16220272    0    0     0     0 12816  604 25  0 75  0  0
12  0 331260 290440352   5248 16216432    0    0     0     0 12748 1006 25  0 75  0  0
12  0 331260 290440352   5248 16216432    0    0     0     0 12745 1016 25  0 75  0  0
12  0 331260 280768544   5248 16216432    0    0     0     4 13789 7537 24  1 75  0  0
12  0 331260 280767520   5248 16216432    0    0     0     4 13781 7552 24  1 75  0  0
12  0 331260 290437504   5248 16241408    0    0     0     0 13018 3604 25  0 75  0  0
12  0 331260 290437504   5248 16241408    0    0     0     0 13007 3577 25  0 75  0  0
12  0 331260 290437536   5248 16241280    0    0     0     0 12887  673 25  0 75  0  0
12  0 331260 290437536   5248 16241280    0    0     0     0 12878  673 25  0 75  0  0
12  0 331260 290438624   5248 16225928    0    0     0     7 13194 1139 25  0 75  0  0
12  0 331260 290438624   5248 16225928    0    0     0     7 13186 1138 25  0 75  0  0
12  0 331260 290438560   5248 16225932    0    0     0     0 13625 4343 24  1 75  0  0
13  0 331260 290438560   5248 16225932    0    0     0     0 13625 4343 24  1 75  0  0
12  0 331260 290413504   5248 16263468    0    0     0     0 13272 2351 25  0 75  0  0
13  0 331260 290413504   5248 16263468    0    0     0     0 13274 2352 25  0 75  0  0
13  0 331260 290412960   5248 16263468    0    0     0     1 13080  961 25  0 75  0  0
12  0 331260 290412960   5248 16263468    0    0     0     1 13088  961 25  0 75  0  0
12  0 331260 283368032   5248 16233780    0    0     0     2 13174  993 24  1 75  0  0
12  0 331260 283368032   5248 16233780    0    0     0     2 13186 1002 24  1 75  0  0
12  0 331260 290401664   5248 16237116    0    0     0     0 13792 5368 25  0 75  0  0
12  0 331260 290401664   5248 16237116    0    0     0     0 13799 5360 25  0 75  0  0
12  0 331260 290421344   5248 16255264    0    0     0     6 13698 4357 25  0 75  0  0
12  0 331260 290421344   5248 16255264    0    0     0     6 13706 4357 25  0 75  0  0
12  0 331260 290417888   5248 16258604    0    0     0     0 13061  748 25  0 75  0  0
12  0 331260 290417888   5248 16258604    0    0     0     0 13068  748 25  0 75  0  0
12  0 331260 290389696   5248 16261416    0    0     0     0 13067  874 25  0 75  0  0
12  0 331260 290389696   5248 16260916    0    0     0     0 13069  881 25  0 75  0  0
12  0 331260 290386016   5248 16258224    0    0     0    10 14650 8812 25  0 75  0  0
12  0 331260 290386016   5248 16258224    0    0     0    10 14695 8854 25  0 75  0  0
12  0 331260 290345280   5248 16325916    0    0     0     0 13810 5997 25  0 75  0  0
12  0 331260 290345312   5248 16325916    0    0     0     0 13764 5948 25  0 75  0  0
12  0 331260 290341760   5248 16329260    0    0     0     0 12932  738 25  0 75  0  0
12  0 331260 290341760   5248 16329260    0    0     0     0 12932  740 25  0 75  0  0
12  0 331260 290339296   5248 16315340    0    0     0    22 13024 1015 25  0 75  0  0
12  0 331260 290339296   5248 16315340    0    0     0    22 13013 1013 25  0 75  0  0
12  0 331260 290337056   5248 16301236    0    0     0     0 13683 5494 25  0 75  0  0
13  0 331260 290337056   5248 16301236    0    0     0     0 13678 5520 25  0 75  0  0
13  0 331260 290338080   5248 16332876    0    0     0     0 13719 6442 25  0 75  0  0
13  0 331260 290338080   5248 16332876    0    0     0     0 13706 6415 25  0 75  0  0
12  0 331260 290337920   5248 16332876    0    0     0     7 13122  830 25  0 75  0  0
12  0 331260 290337920   5248 16332876    0    0     0     7 13113  830 25  0 75  0  0
12  0 331260 290336064   5248 16332876    0    0     0     0 12916  887 25  0 75  0  0
12  0 331260 290336064   5248 16332876    0    0     0     0 12907  886 25  0 75  0  0
13  0 331260 290332800   5248 16305996    0    0     0     0 13014 2630 25  0 75  0  0
12  0 331260 290332800   5248 16305996    0    0     0     0 13023 2633 25  0 75  0  0
14  0 331260 290329376   5248 16339628    0    0     0     8 13508 5820 24  1 75  0  0
13  0 331260 290329376   5248 16339628    0    0     0     8 13516 5820 24  1 75  0  0
12  0 331260 290294080   5248 16372440    0    0     0     0 12749  741 25  0 75  0  0
12  0 331260 290294080   5248 16372440    0    0     0     0 12740  740 25  0 75  0  0
13  0 331260 290294176   5248 16372440    0    0     0     0 13057  792 25  0 75  0  0
12  0 331260 290294176   5248 16372440    0    0     0     0 13066  793 25  0 75  0  0
12  0 331260 283258528   5248 16345816    0    0     0     5 13419 1544 24  1 75  0  0
12  0 331260 283258528   5248 16345816    0    0     0     5 13428 1544 24  1 75  0  0
13  0 331260 290295328   5248 16345824    0    0     0     0 13630 4371 25  0 75  0  0
13  0 331260 290295328   5248 16345824    0    0     0     0 13631 4372 25  0 75  0  0
12  0 331260 290320352   5248 16347656    0    0     0     0 13125  747 25  0 75  0  0
12  0 331260 290320352   5248 16347656    0    0     0     0 13124  746 25  0 75  0  0
12  0 331260 290319712   5248 16347656    0    0     0     5 13168  756 25  0 75  0  0
12  0 331260 290319712   5248 16347656    0    0     0     5 13164  756 25  0 75  0  0
13  0 331260 290292256   5248 16348948    0    0     0     0 13549 2846 24  1 75  0  0
12  0 331260 290292256   5248 16348948    0    0     0     0 13558 2847 24  1 75  0  0
12  0 331260 290288672   5248 16352272    0    0     0     0 14250 9402 25  0 75  0  0
12  0 331260 290288672   5248 16352272    0    0     0     0 14299 9416 25  0 75  0  0
12  0 331260 290247808   5248 16415308    0    0     0     2 13296 1950 25  0 75  0  0
12  0 331260 290247808   5248 16415308    0    0     0     2 13258 1936 25  0 75  0  0
12  0 331260 290244128   5248 16418504    0    0     0     0 13149  813 25  0 75  0  0
12  0 331260 290244128   5248 16418504    0    0     0     0 13150  814 25  0 75  0  0
12  0 331260 290243040   5248 16386524    0    0     0     0 13368 1912 25  0 75  0  0
12  0 331260 290243040   5248 16386524    0    0     0     0 13377 1918 25  0 75  0  0
12  0 331260 290240160   5248 16389832    0    0     0     9 14351 8737 25  0 75  0  0
13  0 331260 290240160   5248 16389832    0    0     0     9 14352 8751 25  0 75  0  0
12  0 331260 290247264   5248 16416436    0    0     0     0 13385 3435 25  0 75  0  0
12  0 331260 290247264   5248 16416436    0    0     0     0 13383 3415 25  0 75  0  0
12  0 331260 290243840   5248 16419760    0    0     0     0 13189  976 25  0 75  0  0
12  0 331260 290243840   5248 16419760    0    0     0     0 13190  986 25  0 75  0  0
12  0 331260 290229920   5248 16395308    0    0     0     1 13913 1104 25  0 75  0  0
12  0 331260 290229920   5248 16395308    0    0     0     1 13912 1097 25  0 75  0  0
12  0 331260 290226656   5248 16398616    0    0     0     0 13705 5087 25  0 75  0  0
12  0 331260 290226656   5248 16398616    0    0     0     0 13706 5105 25  0 75  0  0
12  0 331260 290226176   5248 16436020    0    0     0     0 13103 3847 25  0 75  0  0
13  0 331260 290226176   5248 16436020    0    0     0     0 13101 3827 25  0 75  0  0
12  0 331260 290225888   5248 16436032    0    0     0     7 12657  694 25  0 75  0  0
12  0 331260 290225888   5248 16436032    0    0     0     7 12657  694 25  0 75  0  0
13  0 331260 290192896   5248 16414920    0    0     0     0 12744  776 25  0 75  0  0
12  0 331260 290192896   5248 16414920    0    0     0     0 12743  775 25  0 75  0  0
12  0 331260 283155584   5248 16408388    0    0     0     0 13448 5187 24  1 75  0  0
13  0 331260 283155584   5248 16408388    0    0     0     0 13452 5212 24  1 75  0  0
13  0 331260 290194048   5248 16407388    0    0     0     8 14067 6373 25  0 75  0  0
14  0 331260 290194048   5248 16407388    0    0     0     8 14058 6348 25  0 75  0  0
12  0 331260 290247488   5248 16415296    0    0     0     0 13097  666 25  0 75  0  0
12  0 331260 290247488   5248 16415296    0    0     0     0 13094  666 25  0 75  0  0
13  0 331260 290242080   5248 16415296    0    0     0     0 13125  742 25  0 75  0  0
12  0 331260 290240576   5248 16415296    0    0     0     0 13125  742 25  0 75  0  0
12  0 331260 290205888   5248 16415540    0    0     0     7 13475 3182 24  1 75  0  0
12  0 331260 290205888   5248 16415540    0    0     0     7 13478 3197 24  1 75  0  0
13  0 331260 290195328   5248 16425252    0    0     0     0 13354 3664 25  0 75  0  0
14  0 331260 290195328   5248 16425252    0    0     0     0 13351 3648 25  0 75  0  0
12  0 331260 290190272   5248 16461492    0    0     0     0 13064  739 25  0 75  0  0
12  0 331260 290190272   5248 16461492    0    0     0     0 13065  739 25  0 75  0  0
12  0 331260 290169216   5248 16464836    0    0     0     3 13315 1066 24  1 75  0  0
12  0 331260 290169216   5248 16464836    0    0     0     3 13316 1068 24  1 75  0  0
13  0 331260 290154400   5248 16441936    0    0     0     0 13494 3114 25  0 75  0  0
12  0 331260 290154400   5248 16441936    0    0     0     0 13494 3119 25  0 75  0  0
12  0 331260 290151168   5248 16445192    0    0     0     0 14167 9032 25  0 75  0  0
12  0 331260 290151168   5248 16445192    0    0     0     0 14170 9052 25  0 75  0  0
12  0 331260 290185376   5248 16466464    0    0     0    10 13125 1166 25  0 75  0  0
12  0 331260 290185376   5248 16466464    0    0     0    10 13121 1141 25  0 75  0  0
12  0 331260 290182304   5248 16469284    0    0     0     0 13060  822 25  0 75  0  0
12  0 331260 290182304   5248 16469284    0    0     0     0 13060  821 25  0 75  0  0
12  0 331260 290142016   5248 16450588    0    0     0     0 13140 1416 25  0 75  0  0
12  0 331260 290142016   5248 16450588    0    0     0     0 13140 1419 25  0 75  0  0
12  0 331260 290138368   5248 16453900    0    0     0     1 14466 5926 25  0 75  0  0
12  0 331260 290138368   5248 16453900    0    0     0     1 14469 5947 25  0 75  0  0
12  0 331260 290214592   5248 16498376    0    0     0     0 13370 2852 25  0 75  0  0
13  0 331260 290214592   5248 16498376    0    0     0     0 13367 2828 25  0 75  0  0
12  0 331260 290176416   5248 16501676    0    0     0     0 12607  751 25  0 75  0  0
12  0 331260 290176416   5248 16501676    0    0     0     0 12607  751 25  0 75  0  0
13  0 331260 290095936   5248 16504000    0    0     0     7 12893 1003 25  0 75  0  0
12  0 331260 290095936   5248 16504000    0    0     0     7 12894 1004 25  0 75  0  0
12  0 331260 290093504   5248 16506148    0    0     0     0 13458 5450 25  0 75  0  0
12  0 331260 290093504   5248 16506148    0    0     0     0 13468 5460 25  0 75  0  0
12  0 331260 290178944   5248 16533376    0    0     0     0 13357 3970 25  0 75  0  0
14  0 331260 290178944   5248 16533376    0    0     0     0 13355 3959 25  0 75  0  0
12  0 331260 290178880   5248 16533376    0    0     0     5 13131  902 25  0 75  0  0
13  0 331260 290178880   5248 16533376    0    0     0     5 13130  902 25  0 75  0  0
12  0 331260 283071008   5248 16533376    0    0     0     0 13238  796 24  1 75  0  0
12  0 331260 283071008   5248 16533376    0    0     0     0 13239  796 24  1 75  0  0
12  0 331260 290090496   5248 16483712    0    0     0     0 13556 3716 25  0 75  0  0
13  0 331260 290090496   5248 16483712    0    0     0     0 13559 3730 25  0 75  0  0
13  0 331260 290140672   5248 16563324    0    0     0     0 13718 5126 25  0 75  0  0
13  0 331260 290140672   5248 16563324    0    0     0     0 13724 5113 25  0 75  0  0
12  0 331260 290098912   5248 16602348    0    0     0     5 13056  716 25  0 75  0  0
13  0 331260 290098912   5248 16602348    0    0     0     5 13069  716 25  0 75  0  0
14  0 331260 290050432   5248 16574900    0    0     0     0 13236  773 24  1 75  0  0
12  0 331260 290050432   5248 16574900    0    0     0     0 13244  774 24  1 75  0  0
13  0 331260 290052992   5248 16514796    0    0     0     1 13531 2314 25  0 75  0  0
12  0 331260 290052992   5248 16514796    0    0     0     1 13544 2328 25  0 75  0  0
13  0 331260 290052992   5248 16533040    0    0     0     3 13386 3813 25  0 75  0  0
13  0 331260 290118528   5248 16533040    0    0     0     3 13393 3801 25  0 75  0  0
12  0 331260 283068608   5248 16595032    0    0     0     0 12964  743 24  1 75  0  0
13  0 331260 283068608   5248 16595032    0    0     0     0 12962  741 24  1 75  0  0
12  0 331260 290046240   5248 16598372    0    0     0     0 13106  815 25  0 75  0  0
14  0 331260 290045632   5248 16598372    0    0     0     1 13109  815 25  0 75  0  0
12  0 331260 290028000   5248 16550740    0    0     0     9 13597 3824 25  0 75  0  0
12  0 331260 290028000   5248 16550740    0    0     0     9 13601 3864 25  0 75  0  0
13  0 331260 290024064   5248 16576856    0    0     0     0 13680 6187 25  0 75  0  0
13  0 331260 290024064   5248 16576856    0    0     0     0 13672 6149 25  0 75  0  0
12  0 331260 290079552   5248 16618140    0    0     0     0 13559 2800 25  0 75  0  0
12  0 331260 290079552   5248 16618140    0    0     0     0 13559 2797 25  0 75  0  0
14  0 331260 290035040   5248 16621464    0    0     0     9 12954  817 25  0 75  0  0
12  0 331260 290035040   5248 16621464    0    0     0     9 12953  817 25  0 75  0  0
13  0 331260 289994848   5248 16597048    0    0     0     0 13476 2456 25  0 75  0  0
12  0 331260 289994848   5248 16597048    0    0     0     0 13483 2491 25  0 75  0  0
13  0 331260 289992096   5248 16600440    0    0     0     2 13536 4140 25  0 75  0  0
13  0 331260 289992096   5248 16600440    0    0     0     2 13531 4108 25  0 75  0  0
12  0 331260 290052000   5248 16645200    0    0     0     7 13019  932 25  0 75  0  0
12  0 331260 290052000   5248 16645200    0    0     0     7 13010  930 25  0 75  0  0
12  0 331260 290038560   5248 16648528    0    0     0     0 12826  845 25  0 75  0  0
12  0 331260 290036544   5248 16648528    0    0     0     0 12817  843 25  0 75  0  0
12  0 331260 289947072   5248 16637776    0    0     0     0 12968 1719 25  0 75  0  0
13  0 331260 289947072   5248 16637776    0    0     0     0 12959 1719 25  0 75  0  0
13  0 331260 289947008   5248 16637776    0    0     0     5 13192 4271 25  0 75  0  0
12  0 331260 289947008   5248 16637776    0    0     0     5 13185 4292 25  0 75  0  0
12  0 331260 290007840   5248 16643688    0    0     0     0 12969 1578 25  0 75  0  0
12  0 331260 290007840   5248 16643688    0    0     0     0 12958 1556 25  0 75  0  0
12  0 331260 290053120   5248 16643688    0    0     0     0 13246  842 25  0 75  0  0
12  0 331260 290051136   5248 16643688    0    0     0     0 13247  843 25  0 75  0  0
12  0 331260 289946432   5248 16625504    0    0     0     6 13343 1612 24  1 75  0  0
12  0 331260 289946432   5248 16625504    0    0     0     6 13343 1620 24  1 75  0  0
12  0 331260 289946240   5248 16625504    0    0     0     0 14247 7697 25  0 75  0  0
12  0 331260 289946240   5248 16625504    0    0     0     0 14246 7693 25  0 75  0  0
12  0 331260 289989536   5248 16702384    0    0     0     2 13531 2576 25  0 75  0  0
12  0 331260 289989536   5248 16702384    0    0     0     2 13532 2573 25  0 75  0  0
12  0 331260 282934624   5248 16702384    0    0     0     1 13158  695 24  1 75  0  0
12  0 331260 282934624   5248 16702384    0    0     0     1 13158  694 24  1 75  0  0
12  0 331260 289908608   5248 16661048    0    0     0     0 13318 1181 25  0 75  0  0
12  0 331260 289908608   5248 16661048    0    0     0     0 13319 1188 25  0 75  0  0
12  0 331260 289909184   5248 16661048    0    0     0     0 13921 5473 25  0 75  0  0
12  0 331260 289909184   5248 16661048    0    0     0     0 13921 5475 25  0 75  0  0
12  0 331260 283418784   5248 16672824    0    0     0    10 13384 2508 25  0 75  0  0
12  0 331260 283349120   5248 16672824    0    0     0    10 13382 2500 25  0 75  0  0
12  0 331260 289988032   5248 16676192    0    0     0     0 13101  850 24  1 75  0  0
12  0 331260 289988032   5248 16676192    0    0     0     0 13101  850 24  1 75  0  0
12  0 331260 289902560   5248 16665180    0    0     0     0 13333 1025 25  0 75  0  0
12  0 331260 289902560   5248 16665180    0    0     0     0 13331 1025 25  0 75  0  0
12  0 331260 289899168   5248 16668524    0    0     0     1 13103  634 25  0 75  0  0
12  0 331260 289899168   5248 16668524    0    0     0     1 13094  633 25  0 75  0  0
12  0 331260 289978112   5248 16712132    0    0     0     0 13033  984 25  0 75  0  0
12  0 331260 289978112   5248 16712132    0    0     0     0 13029  984 25  0 75  0  0
12  0 331260 289967456   5248 16715456    0    0     0     1 13442  734 25  0 75  0  0
12  0 331260 289967456   5248 16715456    0    0     0     1 13442  734 25  0 75  0  0
12  0 331260 289855424   5248 16708896    0    0     0     6 13164  839 25  0 75  0  0
12  0 331260 289855424   5248 16708392    0    0     0     6 13164  840 25  0 75  0  0
12  0 331260 289852704   5248 16702528    0    0     0     0 13949 6867 25  0 75  0  0
12  0 331260 289852704   5248 16702528    0    0     0     0 13950 6873 25  0 75  0  0
13  0 331260 289973536   5248 16716476    0    0     0     0 13585 5802 25  0 75  0  0
13  0 331260 289973536   5248 16716476    0    0     0     0 13594 5797 25  0 75  0  0
12  0 331260 289969824   5248 16719800    0    0     0     4 12641  725 25  0 75  0  0
13  0 331260 289969824   5248 16719800    0    0     0     4 12641  724 25  0 75  0  0
12  0 331260 289902272   5248 16723164    0    0     0     0 12982 1109 25  0 75  0  0
12  0 331260 289902272   5248 16723164    0    0     0     0 12982 1110 25  0 75  0  0
12  0 331260 289860544   5248 16723160    0    0     0     0 13209 2991 25  0 75  0  0
12  0 331260 289860544   5248 16723160    0    0     0     0 13212 2998 25  0 75  0  0
13  0 331260 289901248   5248 16744520    0    0     0     5 13324 3788 25  0 75  0  0
13  0 331260 289900224   5248 16745024    0    0     0     5 13323 3781 25  0 75  0  0
12  0 331260 289868704   5248 16813656    0    0     0     0 13134  830 25  0 75  0  0
12  0 331260 289868704   5248 16813656    0    0     0     0 13132  829 25  0 75  0  0
12  0 331260 289816992   5248 16813668    0    0     0     2 13856 2705 24  1 75  0  0
12  0 331260 289816992   5248 16813668    0    0     0     2 13857 2704 24  1 75  0  0
12  0 331260 289799968   5248 16758596    0    0     0     1 13607 3694 25  0 75  0  0
12  0 331260 289799968   5248 16758596    0    0     0     1 13608 3705 25  0 75  0  0
13  0 331260 289800000   5248 16775992    0    0     0     0 13931 7001 25  0 75  0  0
13  0 331260 289800000   5248 16775992    0    0     0     0 13930 6991 25  0 75  0  0
12  0 331260 282849504   5248 16794948    0    0     0     0 13152  712 24  1 75  0  0
12  0 331260 282849504   5248 16794948    0    0     0     0 13151  711 24  1 75  0  0
12  0 331260 289849280   5248 16794948    0    0     0    10 13064  753 25  0 75  0  0
12  0 331260 289849280   5248 16794948    0    0     0    10 13066  754 25  0 75  0  0
13  0 331260 289800032   5248 16778308    0    0     0     0 13430 2191 25  0 75  0  0
12  0 331260 289800032   5248 16778308    0    0     0     0 13428 2192 25  0 75  0  0
13  0 331260 289800640   5248 16789068    0    0     0     0 13909 5974 25  0 75  0  0
13  0 331260 289800640   5248 16789068    0    0     0     0 13909 5974 25  0 75  0  0
12  0 331260 289800416   5248 16876024    0    0     0     1 13125  806 24  1 75  0  0
12  0 331260 289800416   5248 16876024    0    0     0     1 13125  805 24  1 75  0  0
12  0 331260 289766176   5248 16879368    0    0     0     0 13117  831 25  0 75  0  0
12  0 331260 289768224   5248 16879368    0    0     0     0 13118  832 25  0 75  0  0
12  0 331260 289751872   5248 16806272    0    0     0     2 13609 2831 25  0 75  0  0
12  0 331260 289751872   5248 16806272    0    0     0     2 13612 2844 25  0 75  0  0
12  0 331260 289748576   5248 16809576    0    0     0     6 14235 9022 25  0 75  0  0
12  0 331260 289748576   5248 16809576    0    0     0     6 14233 9011 25  0 75  0  0
12  0 331260 289798688   5248 16877468    0    0     0     0 13123 1243 25  0 75  0  0
12  0 331260 289798688   5248 16877468    0    0     0     0 13125 1242 25  0 75  0  0
13  0 331260 289774496   5248 16880796    0    0     0     0 13246 1040 25  0 75  0  0
12  0 331260 289774496   5248 16880796    0    0     0     0 13248 1040 25  0 75  0  0
12  0 331260 289738560   5248 16814764    0    0     0     5 13471 2069 25  0 75  0  0
13  0 331260 289738560   5248 16814764    0    0     0     5 13471 2075 25  0 75  0  0
12  0 331260 289735296   5248 16818068    0    0     0     0 14332 8903 25  0 75  0  0
12  0 331260 289735296   5248 16818068    0    0     0     0 14333 8912 25  0 75  0  0
12  0 331260 289706304   5248 16895300    0    0     0     0 13395 3169 25  0 75  0  0
12  0 331260 289706304   5248 16895300    0    0     0     0 13395 3154 25  0 75  0  0
12  0 331260 289756192   5248 16898624    0    0     0     6 12782  844 25  0 75  0  0
12  0 331260 289756192   5248 16898624    0    0     0     6 12790  846 25  0 75  0  0
12  0 331260 289694688   5248 16861000    0    0     0     0 12889 1015 25  0 75  0  0
12  0 331260 289694688   5248 16861000    0    0     0     0 12889 1016 25  0 75  0  0
12  0 331260 289694656   5248 16861008    0    0     0     2 13622 5778 25  0 75  0  0
12  0 331260 289694656   5248 16861008    0    0     0     2 13624 5797 25  0 75  0  0
12  0 331260 289731968   5248 16877560    0    0     0     2 13319 2722 25  0 75  0  0
12  0 331260 289731968   5248 16877560    0    0     0     2 13317 2702 25  0 75  0  0
13  0 331260 282694496   5248 16877560    0    0     0     0 13058  694 24  1 75  0  0
12  0 331260 282694496   5248 16877560    0    0     0     0 13059  692 24  1 75  0  0
12  0 331260 289694208   5248 16871112    0    0     0     0 13396  976 25  0 75  0  0
12  0 331260 289694208   5248 16870104    0    0     0     0 13395  976 25  0 75  0  0
12  0 331260 289694272   5248 16849404    0    0     0    11 14071 6043 25  0 75  0  0
13  0 331260 289694272   5248 16849404    0    0     0    11 14075 6068 25  0 75  0  0
13  0 331260 289694112   5248 16867916    0    0     0     0 13782 5511 25  0 75  0  0
13  0 331260 289694112   5248 16867916    0    0     0     0 13777 5487 25  0 75  0  0
12  0 331260 289734752   5248 16936596    0    0     0     0 13262 1075 24  1 75  0  0
12  0 331260 289734752   5248 16936596    0    0     0     0 13262 1074 24  1 75  0  0
12  0 331260 289658912   5248 16930164    0    0     0     4 13478  891 25  0 75  0  0
12  0 331260 289658912   5248 16930164    0    0     0     4 13478  892 25  0 75  0  0
12  0 331260 289658528   5248 16881564    0    0     0     0 13568 3361 25  0 75  0  0
12  0 331260 289658528   5248 16881564    0    0     0     0 13569 3361 25  0 75  0  0
15  0 331260 289656768   5248 16882144    0    0     0     1 13968 6314 24  1 75  0  0
13  0 331260 289656416   5248 16882648    0    0     0     1 13967 6316 24  1 75  0  0
12  0 331260 289769760   5248 16901528    0    0     0     6 13142  674 25  0 75  0  0
12  0 331260 289769760   5248 16901528    0    0     0     6 13142  672 25  0 75  0  0
12  0 331260 289721696   5248 16904872    0    0     0     0 13333  854 25  0 75  0  0
12  0 331260 289721184   5248 16904872    0    0     0     0 13341  854 25  0 75  0  0
12  0 331260 289646368   5248 16898092    0    0     0     1 13979 4052 25  0 75  0  0
12  0 331260 289646368   5248 16898092    0    0     0     1 13989 4062 25  0 75  0  0
10  0 331260 289659360   5248 16901452    0    0     0     9 13631 4523 25  0 75  0  0
 9  0 331260 289659360   5248 16901452    0    0     0     9 13630 4516 25  0 75  0  0
12  0 331260 289673824   5248 16991776    0    0     0     0 13065  858 25  0 75  0  0
12  0 331260 289673824   5248 16991776    0    0     0     0 13074  857 25  0 75  0  0
12  0 331260 289651968   5248 16995100    0    0     0     0 13080  847 25  0 75  0  0
12  0 331260 289651968   5248 16995100    0    0     0     0 13080  848 25  0 75  0  0
12  0 331260 289598560   5248 16958488    0    0     0     8 13381 1876 25  0 75  0  0
12  0 331260 289598560   5248 16958488    0    0     0     8 13383 1889 25  0 75  0  0
12  0 331260 289595168   5248 16961800    0    0     0     0 13649 5257 25  0 75  0  0
12  0 331260 289595168   5248 16961800    0    0     0     0 13644 5301 25  0 75  0  0
12  0 331260 289647904   5248 17016176    0    0     0     2 13431 2436 25  0 75  0  0
12  0 331260 289647904   5248 17016176    0    0     0     2 13416 2379 25  0 75  0  0
12  0 331260 289632480   5248 17019504    0    0     0     1 12793  920 25  0 75  0  0
12  0 331260 289632480   5248 17019504    0    0     0     1 12786  920 25  0 75  0  0
12  0 331260 289587808   5248 16967284    0    0     0     0 12880 1019 25  0 75  0  0
12  0 331260 289587808   5248 16967284    0    0     0     0 12879 1021 25  0 75  0  0
13  0 331260 289587936   5248 16967284    0    0     0     0 13332 4412 25  0 75  0  0
12  0 331260 289587936   5248 16967284    0    0     0     0 13334 4421 25  0 75  0  0
12  0 331260 289654080   5248 17010708    0    0     0    10 13000 2553 25  0 75  0  0
12  0 331260 289654080   5248 17010708    0    0     0    10 13003 2544 25  0 75  0  0
12  0 331260 289653504   5248 17010708    0    0     0     0 13033  594 24  1 75  0  0
12  0 331260 289653504   5248 17010708    0    0     0     0 13032  595 24  1 75  0  0
12  0 331260 289552192   5248 17009196    0    0     0     0 13383  858 25  0 75  0  0
12  0 331260 289552096   5248 17009196    0    0     0     0 13385  855 25  0 75  0  0
12  0 331260 289551744   5248 17006356    0    0     0     1 13587 3594 25  0 75  0  0
12  0 331260 289551744   5248 17006356    0    0     0     1 13584 3595 25  0 75  0  0
13  0 331260 289645792   5248 17017232    0    0     0     0 13264 2671 24  1 75  0  0
13  0 331260 289648320   5248 17015216    0    0     0     0 13268 2672 24  1 75  0  0
12  0 331260 289683872   5248 16980856    0    0     0     2 13326  695 25  0 75  0  0
12  0 331260 289698368   5248 16966844    0    0     0     2 13443  709 25  0 75  0  0
12  0 331260 289632640   5248 16964868    0    0     0     6 13412  864 25  0 75  0  0
12  0 331260 289632640   5248 16964868    0    0     0     6 13292  848 25  0 75  0  0
12  0 331260 282567968   5248 16948968    0    0     0     0 13629 4280 24  1 75  0  0
12  0 331260 282567968   5248 16948968    0    0     0     0 13627 4293 24  1 75  0  0
13  0 331260 289603040   5248 17015688    0    0     0     0 13739 5399 25  0 75  0  0
13  0 331260 289603040   5248 17015688    0    0     0     0 13729 5386 25  0 75  0  0
12  0 331260 289583616   5248 17060140    0    0     0     5 13120  809 25  0 75  0  0
13  0 331260 289583616   5248 17060140    0    0     0     5 13117  825 25  0 75  0  0
12  0 331260 289600448   5248 17063448    0    0     0     0 13224  963 25  0 75  0  0
12  0 331260 289600448   5248 17063448    0    0     0     0 13210  946 25  0 75  0  0
14  0 331260 289554080   5248 17030284    0    0     0     0 13490 2026 25  0 75  0  0
12  0 331260 289554080   5248 17030284    0    0     0     0 13489 2029 25  0 75  0  0
14  0 331260 289549504   5248 17045236    0    0     0     6 13497 3616 25  0 75  0  0
13  0 331260 289549504   5248 17045236    0    0     0     6 13497 3612 25  0 75  0  0
13  0 331260 289599520   5248 17106152    0    0     0     0 13473  839 25  0 75  0  0
12  0 331260 289599520   5248 17106152    0    0     0     0 13482  840 25  0 75  0  0
12  0 331260 289578592   5248 17109484    0    0     0     1 13432  993 25  0 75  0  0
13  0 331260 289578592   5248 17109484    0    0     0     1 13443  994 25  0 75  0  0
12  0 331260 289521792   5248 17064344    0    0     0     2 13559 2623 25  0 75  0  0
13  0 331260 289521792   5248 17064344    0    0     0     2 13566 2628 25  0 75  0  0
12  0 331260 289518432   5248 17067660    0    0     0     0 13869 7191 25  0 75  0  0
13  0 331260 289518432   5248 17067660    0    0     0     0 13880 7203 25  0 75  0  0
12  0 331260 289497824   5248 17119432    0    0     0     0 12934 1934 25  0 75  0  0
12  0 331260 289497824   5248 17119432    0    0     0     0 12940 1919 25  0 75  0  0
12  0 331260 289548608   5248 17119436    0    0     0    10 12789  760 25  0 75  0  0
12  0 331260 289547584   5248 17119436    0    0     0    10 12800  762 25  0 75  0  0
12  0 331260 289494016   5248 17099340    0    0     0     0 13056 1163 25  0 75  0  0
12  0 331260 289494016   5248 17099340    0    0     0     0 13065 1164 25  0 75  0  0
12  0 331260 289494784   5248 17099340    0    0     0     0 13862 4677 25  0 75  0  0
12  0 331260 289494784   5248 17099340    0    0     0     0 13873 4690 25  0 75  0  0
12  0 331260 289510336   5248 17162308    0    0     0     4 13365 2088 24  1 75  0  0
12  0 331260 289510336   5248 17162308    0    0     0     4 13371 2074 24  1 75  0  0
12  0 331260 289508128   5248 17162308    0    0     0     0 13177  763 25  0 75  0  0
12  0 331260 289508128   5248 17162308    0    0     0     0 13174  764 25  0 75  0  0
12  0 331260 289460000   5248 17124428    0    0     0     2 13198  841 25  0 75  0  0
12  0 331260 289460000   5248 17124428    0    0     0     2 13200  847 25  0 75  0  0
12  0 331260 282422720   5248 17124428    0    0     0     7 14028 6291 24  1 75  0  0
12  0 331260 282422720   5248 17124428    0    0     0     7 14023 6338 24  1 75  0  0
12  0 331260 289512960   5248 17134100    0    0     0     0 13759 5196 25  0 75  0  0
12  0 331260 289512960   5248 17134100    0    0     0     0 13742 5141 25  0 75  0  0
12  0 331260 289512640   5248 17134100    0    0     0     0 13217  787 25  0 75  0  0
14  0 331260 289512640   5248 17134100    0    0     0     0 13208  786 25  0 75  0  0
12  0 331260 289459552   5248 17132588    0    0     0     6 13215  609 25  0 75  0  0
12  0 331260 289459552   5248 17132084    0    0     0     6 13205  608 25  0 75  0  0
12  0 331260 289457184   5248 17109124    0    0     0     0 13769 4809 24  1 75  0  0
12  0 331260 289457184   5248 17109124    0    0     0     0 13761 4833 24  1 75  0  0
13  0 331260 289471296   5248 17136196    0    0     0     0 13510 4136 25  0 75  0  0
13  0 331260 289471296   5248 17136196    0    0     0     0 13507 4112 25  0 75  0  0
12  0 331260 289493824   5248 17172464    0    0     0     5 13115  750 25  0 75  0  0
12  0 331260 289493824   5248 17172464    0    0     0     5 13115  750 25  0 75  0  0
12  0 331260 289451072   5248 17175796    0    0     0     0 13287  831 25  0 75  0  0
12  0 331260 289451072   5248 17175796    0    0     0     0 13289  835 25  0 75  0  0
12  0 331260 289407648   5248 17160468    0    0     0     2 13515 2991 25  0 75  0  0
12  0 331260 289407648   5248 17160468    0    0     0     2 13524 3000 25  0 75  0  0
13  0 331260 289403776   5248 17163780    0    0     0     1 13403 4013 25  0 75  0  0
13  0 331260 289403776   5248 17163780    0    0     0     1 13409 4005 25  0 75  0  0
12  0 331260 289480416   5248 17182872    0    0     0     0 13054  755 25  0 75  0  0
12  0 331260 289480416   5248 17182872    0    0     0     0 13063  750 25  0 75  0  0
12  0 331260 289489856   5248 17186224    0    0     0     0 13169  890 25  0 75  0  0
12  0 331260 289489856   5248 17186224    0    0     0     0 13167  891 25  0 75  0  0
12  0 331260 289393408   5248 17187348    0    0     0     9 13442 2087 25  0 75  0  0
13  0 331260 289393408   5248 17187348    0    0     0     9 13450 2111 25  0 75  0  0
12  0 331260 289389760   5248 17190676    0    0     0     0 13896 8041 25  0 75  0  0
12  0 331260 289389760   5248 17190676    0    0     0     0 13890 8017 25  0 75  0  0
12  0 331260 289412160   5248 17279008    0    0     0     0 13112 3295 25  0 75  0  0
13  0 331260 289412160   5248 17279008    0    0     0     0 13112 3294 25  0 75  0  0
13  0 331260 289412224   5248 17278988    0    0     0     1 12694  726 25  0 75  0  0
12  0 331260 289412224   5248 17278988    0    0     0     1 12694  735 25  0 75  0  0
12  0 331260 289353152   5248 17230736    0    0     0     0 12966  956 25  0 75  0  0
12  0 331260 289353152   5248 17230736    0    0     0     0 12966  950 25  0 75  0  0
12  0 331260 289351360   5248 17230744    0    0     0     2 13574 3371 24  1 75  0  0
12  0 331260 289351360   5248 17230744    0    0     0     2 13576 3391 24  1 75  0  0
12  0 331260 289430016   5248 17262392    0    0     0     6 13229 2056 25  0 75  0  0
12  0 331260 289430016   5248 17262392    0    0     0     6 13226 2033 25  0 75  0  0
12  0 331260 289428960   5248 17262392    0    0     0     0 13138  704 25  0 75  0  0
13  0 331260 289428960   5248 17262392    0    0     0     0 13138  704 25  0 75  0  0
12  0 331260 281706496   5248 17245112    0    0     0     0 13575 1072 25  1 75  0  0
12  0 331260 280729728   5248 17243096    0    0     0     0 13576 1073 24  1 75  0  0
