CPU_MEM_TOTAL: 394153300
CPUS_ON_NODE: 48
CPUS_ON_NODE: 48
REQUESTED_CPUS: 8
REQUESTED_CPUS: 8
REQUESTED_NODES 1
REQUESTED_NODES 1
NODE_NAME: c231
NODE_NAME: c231
procs -----------memory---------- ---swap-- -----io---- -system-- ------cpu-----
 r  b   swpd   free   buff  cache   si   so    bi    bo   in   cs us sy id wa st
procs -----------memory---------- ---swap-- -----io---- -system-- ------cpu-----
 r  b   swpd   free   buff  cache   si   so    bi    bo   in   cs us sy id wa st
 3  0  47432 350592480     56 35288048    0    0     1     5    0    0 48  1 51  0  0
 3  0  47432 350592480     56 35288048    0    0     1     5    0    0 48  1 51  0  0
 1  0  47432 350176352     56 35342576    0    0     0    20 5243 21183  0  1 90  9  0
 1  0  47432 350176352     56 35342576    0    0     0    20 5241 21182  0  1 90  9  0
 1  0  47432 350185504     56 35343296    0    0     0   823  253  441  0  0 100  0  0
 2  0  47432 350185504     56 35343296    0    0     0   823  253  441  0  0 100  0  0
 1  0  47432 350186240     56 35343292    0    0     0     0  238  446  0  0 100  0  0
 1  0  47432 350186240     56 35343292    0    0     0     0  238  446  0  0 100  0  0
