CPU_MEM_TOTAL: 394153280
CPUS_ON_NODE: 48
CPUS_ON_NODE: 48
REQUESTED_CPUS: 1
REQUESTED_CPUS: 1
REQUESTED_NODES 1
REQUESTED_NODES 1
NODE_NAME: c276
NODE_NAME: c276
procs -----------memory---------- ---swap-- -----io---- -system-- ------cpu-----
 r  b   swpd   free   buff  cache   si   so    bi    bo   in   cs us sy id wa st
195  0 349900 373463840   1720 5021128    2    2     7    23    0    0 48  4 47  1  0
procs -----------memory---------- ---swap-- -----io---- -system-- ------cpu-----
 r  b   swpd   free   buff  cache   si   so    bi    bo   in   cs us sy id wa st
193  0 349900 373463328   1720 5021128    2    2     7    23    0    0 48  4 47  1  0
191  0 349900 370718080   1720 5050432    0    0     0   850 46961 31554762 60 33  7  0  0
189  0 349900 370718080   1720 5050432    0    0     0   850 46936 31553371 60 33  7  0  0
167  0 349900 370714240   1720 5052224    0    0     0    51 46697 33064317 61 33  6  0  0
166  0 349900 370714240   1720 5052224    0    0     0    51 46729 33085309 61 33  6  0  0
167  0 349900 370713760   1720 5052232    0    0     0    77 46277 31038197 62 32  6  0  0
166  0 349900 370713760   1720 5052232    0    0     0    77 46273 31038340 62 32  6  0  0
86  0 349900 370697216   1720 5055652    0    0     0    50 45902 30485691 62 31  7  0  0
85  0 349900 370697216   1720 5055652    0    0     0    50 45902 30484981 62 31  7  0  0
160  0 349900 370543424   1720 5059008    0    0     0    51 45029 28496090 62 29  8  0  0
159  0 349900 370543424   1720 5059008    0    0     0    51 45029 28496411 62 29  8  0  0
134  0 349900 370539104   1720 5062400    0    0     0    73 46948 32382244 62 33  5  0  0
132  0 349900 370539104   1720 5062400    0    0     0    73 46948 32382371 62 33  5  0  0
190  0 349900 370535584   1720 5065760    0    0     0    48 46959 33668921 62 34  5  0  0
189  0 349900 370535584   1720 5065760    0    0     0    48 46959 33669236 62 34  5  0  0
163  0 349900 370531840   1720 5069116    0    0     0    50 46942 33250163 63 33  4  0  0
162  0 349900 370531840   1720 5069116    0    0     0    50 46942 33249997 63 33  4  0  0
195  0 349900 370527232   1720 5072472    0    0     0    58 47277 33112568 62 34  4  0  0
194  0 349900 370527232   1720 5072472    0    0     0    58 47277 33112887 62 34  4  0  0
139  0 349900 370523712   1720 5075836    0    0     0    52 47245 31022999 62 32  6  0  0
138  0 349900 370523712   1720 5075836    0    0     0    52 47245 31022330 62 32  6  0  0
166  0 349900 370519872   1720 5079192    0    0     0    49 47543 33074255 62 33  4  0  0
165  0 349900 370519872   1720 5079192    0    0     0    49 47543 33074401 62 33  4  0  0
167  0 349900 370516832   1720 5082548    0    0     0    51 47057 33303783 62 34  4  0  0
190  0 349900 370516832   1720 5082548    0    0     0    51 47057 33304187 62 34  4  0  0
168  0 349900 370513376   1720 5085932    0    0     0    49 47071 33651607 62 34  4  0  0
167  0 349900 370513376   1720 5085932    0    0     0    49 47071 33651348 62 34  4  0  0
190  0 349900 370572544   1720 5081884    0    0     0    50 46702 33048170 62 33  5  0  0
189  0 349900 370572544   1720 5081884    0    0     0    50 46702 33048301 62 33  5  0  0
166  0 349900 370570016   1720 5085228    0    0     0    59 47038 33014154 63 34  4  0  0
165  0 349900 370570016   1720 5085228    0    0     0    59 47038 33014254 63 34  4  0  0
113  0 349900 370566272   1720 5088568    0    0     0    51 46581 33652761 62 33  5  0  0
112  0 349900 370566272   1720 5088568    0    0     0    51 46581 33652098 62 33  5  0  0
193  0 349900 370562784   1720 5091912    0    0     0    24 47160 34730834 62 34  4  0  0
192  0 349900 370562784   1720 5091912    0    0     0    24 47159 34731474 62 34  4  0  0
163  0 349900 370559168   1720 5095256    0    0     0    72 46935 33266285 63 33  4  0  0
162  0 349900 370559168   1720 5095256    0    0     0    72 46935 33266292 63 33  4  0  0
139  0 349900 370555456   1720 5098032    0    0     0    52 46992 33414149 62 33  4  0  0
138  0 349900 370555456   1720 5098032    0    0     0    52 46992 33413578 62 33  4  0  0
194  0 349900 370553504   1720 5099804    0    0     0    50 46982 33970875 62 34  4  0  0
193  0 349900 370553504   1720 5099804    0    0     0    50 46982 33971140 62 34  4  0  0
190  0 349900 370549344   1720 5101960    0    0     0    55 46823 33871757 62 34  4  0  0
189  0 349900 370549344   1720 5101960    0    0     0    55 46823 33872156 62 34  4  0  0
190  0 349900 370545920   1720 5105340    0    0     0    50 46772 32333184 63 33  5  0  0
189  0 349900 370545920   1720 5105340    0    0     0    50 46772 32332888 63 33  5  0  0
190  0 349900 370557344   1720 5107332    0    0     0    50 46806 33115796 62 33  5  0  0
189  0 349900 370557344   1720 5107332    0    0     0    50 46806 33115919 62 33  5  0  0
140  0 349900 370553248   1720 5110672    0    0     0    52 47048 31121173 63 33  4  0  0
139  0 349900 370553248   1720 5110672    0    0     0    52 47048 31120836 63 33  4  0  0
190  0 349900 370548960   1720 5114016    0    0     0    49 46525 31519505 62 32  6  0  0
189  0 349900 370548960   1720 5114016    0    0     0    49 46525 31519879 62 32  6  0  0
112  0 349900 370548576   1720 5114016    0    0     0    50 46605 31366089 62 33  6  0  0
111  0 349900 370548576   1720 5114016    0    0     0    50 46605 31365401 62 33  6  0  0
139  0 349900 370488800   1720 5117664    0    0     0    73 42465 23857845 60 26 14  0  0
138  0 349900 370488800   1720 5117664    0    0     0    73 42465 23858205 60 26 14  0  0
112  0 349900 370339456   1720 5121820    0    0     0    53 40478 18520713 61 20 19  0  0
111  0 349900 370339456   1720 5121820    0    0     0    53 40478 18520497 61 20 19  0  0
193  0 349900 370235456   1720 5125468    0    0     0    49 41241 17896151 63 20 17  0  0
192  0 349900 370235456   1720 5125468    0    0     0    49 41241 17896490 63 20 17  0  0
167  0 349900 370232320   1720 5128844    0    0     0    54 44786 24683865 64 26 10  0  0
166  0 349900 370232320   1720 5128844    0    0     0    54 44786 24683914 64 26 10  0  0
166  0 349900 370228896   1720 5132016    0    0     0    49 44147 23953052 64 25 11  0  0
165  0 349900 370228896   1720 5132016    0    0     0    49 44147 23952956 64 25 11  0  0
112  0 349900 370147008   1720 5135356    0    0     0    50 43033 22227635 63 23 13  0  0
111  0 349900 370147008   1720 5135356    0    0     0    50 43033 22227386 63 23 13  0  0
109  0 349900 369923872   1720 5138700    0    0     0    66 40183 17917000 61 20 19  0  0
108  0 349900 369923872   1720 5138700    0    0     0    66 40183 17917037 61 20 19  0  0
85  0 349900 369604032   1720 5140760    0    0     0    50 38230 13934306 60 16 23  0  0
84  0 349900 369604032   1720 5140760    0    0     0    50 38230 13933989 60 16 23  0  0
84  0 349900 371517024   1720 4867308    0    0     0   102 43245 10919270 59 14 28  0  0
82  0 349900 371517504   1720 4867308    0    0     0   102 43246 10919210 59 14 28  0  0
82  0 349900 371717312   1720 4808512    0    0     0    44 37534 10507114 57 12 31  0  0
81  0 349900 371717312   1720 4808512    0    0     0    44 37533 10507250 57 12 31  0  0
82  0 349900 372835200   1720 4635092    0    0     0    66 38786 10744927 56 12 32  0  0
81  0 349900 372835200   1720 4635092    0    0     0    66 38786 10744826 56 12 32  0  0
86  0 349900 373281856   1720 4471380    0    0     0   482 63166 11192982 61 13 25  0  0
85  0 349900 373281856   1720 4471380    0    0     0   483 63167 11193101 61 13 25  0  0
96  0 349900 372662272   1720 4486604    0    0     0   471 55209 11540093 61 13 26  0  0
95  0 349900 372662272   1720 4486604    0    0     0   469 55209 11540076 61 13 26  0  0
58  0 349900 372256128   1720 4528388    0    0     0  1928 53721 11630971 62 13 26  0  0
57  0 349900 372256128   1720 4528388    0    0     0  1928 53719 11630737 62 13 26  0  0
88  0 349900 372328160   1720 4525360    0    0     0  2659 47203 11805698 60 12 28  0  0
87  0 349900 372328160   1720 4525360    0    0     0  2659 47202 11805782 60 12 28  0  0
58  0 349900 372352608   1720 4541952    0    0     0  3084 55319 11614788 63 12 25  0  0
57  0 349900 372352608   1720 4541952    0    0     0  3084 55319 11614757 63 12 25  0  0
57  0 349900 372080384   1720 4575592    0    0     0  2524 53733 11175203 63 12 25  0  0
56  0 349900 372080384   1720 4575592    0    0     0  2524 53733 11175151 63 12 25  0  0
64  0 349900 372041728   1720 4596776    0    0     0  1699 52489 10406214 62 11 27  0  0
63  0 349900 372041728   1720 4596776    0    0     0  1699 52489 10406210 62 11 27  0  0
65  0 349900 371693312   1720 4622460    0    0     0  2123 54358 5858443 63  8 29  0  0
64  0 349900 371693312   1720 4622460    0    0     0  2123 54358 5858466 63  8 29  0  0
89  0 349900 371591744   1720 4623516    0    0     0  2908 55850 8254465 64 10 26  0  0
88  0 349900 371591744   1720 4623516    0    0     0  2908 55850 8254595 64 10 26  0  0
55  0 349900 371490816   1720 4659992    0    0     0  3417 58553 9507453 64 10 25  0  0
54  0 349900 371490816   1720 4659992    0    0     0  3417 58553 9507299 64 10 25  0  0
91  0 349900 371353024   1720 4679272    0    0     0  2286 51238 9346141 63 10 26  0  0
90  0 349900 371353024   1720 4679272    0    0     0  2286 51239 9346196 63 10 26  0  0
96  0 349900 371475488   1720 4677292    0    0     0  3070 51239 9589906 63 10 27  0  0
95  0 349900 371475488   1720 4677292    0    0     0  3070 51238 9589995 63 10 27  0  0
30  0 349900 371476448   1720 4703332    0    0     0  4025 60107 5898232 65  8 28  0  0
29  0 349900 371476448   1720 4703332    0    0     0  4025 60107 5897886 65  8 28  0  0
57  0 349900 371221312   1720 4738116    0    0     0  3312 57911 5762306 64  8 28  0  0
56  0 349900 371221312   1720 4738116    0    0     0  3312 57911 5762544 64  8 28  0  0
58  0 349900 370990464   1720 4762808    0    0     0  2398 52816 4504458 64  8 29  0  0
57  0 349900 370990464   1720 4762808    0    0     0  2398 52816 4504316 64  8 29  0  0
56  0 349900 372219968   1720 4604168    0    0     0  2660 48862 4174369 60  7 33  0  0
55  0 349900 372219968   1720 4604168    0    0     0  2660 48862 4174471 60  7 33  0  0
62  0 349900 372224288   1720 4615936    0    0     0  3906 56953 4922359 62  7 30  0  0
60  0 349900 372224288   1720 4615936    0    0     0  3906 56954 4922347 62  7 30  0  0
59  0 349900 371851584   1720 4656004    0    0     0  3698 65391 5302821 66  7 27  0  0
58  0 349900 371851584   1720 4656004    0    0     0  3698 65390 5302780 66  7 27  0  0
58  0 349900 371533920   1720 4694752    0    0     0  3132 61993 5610274 66  7 26  0  0
57  0 349900 371533920   1720 4694752    0    0     0  3132 61993 5610328 66  7 26  0  0
66  0 349900 371487840   1720 4724524    0    0     0  3955 61124 4829610 66  7 27  0  0
65  0 349900 371487840   1720 4724524    0    0     0  3955 61124 4829660 66  7 27  0  0
34  0 349900 371469376   1720 4737720    0    0     0  3018 52052 1792580 62  4 34  0  0
33  0 349900 371469376   1720 4737720    0    0     0  3018 52052 1792330 62  4 34  0  0
59  0 349900 371533792   1720 4756788    0    0     0  5469 56117 641139 64  2 34  0  0
58  0 349900 371533792   1720 4756788    0    0     0  5469 56117 641289 64  2 34  0  0
57  0 349900 371299168   1720 4795400    0    0     0  4509 63962 3804363 68  5 27  0  0
56  0 349900 371299168   1720 4795400    0    0     0  4509 63961 3804389 68  5 27  0  0
68  0 349900 371217088   1720 4825880    0    0     0  2260 48244 3607285 62  5 33  0  0
64  0 349900 371217088   1720 4825880    0    0     0  2260 48247 3607270 62  5 33  0  0
61  0 349900 371410336   1720 4828924    0    0     0  4062 54748 2290511 63  5 32  0  0
60  0 349900 371410336   1720 4828924    0    0     0  4062 54745 2290399 63  5 32  0  0
35  0 349900 371257824   1720 4862704    0    0     0  4377 57565 747195 66  4 30  0  0
34  0 349900 371257824   1720 4862704    0    0     0  4377 57565 747146 66  4 30  0  0
33  0 349900 371156256   1720 4891224    0    0     0  3899 59296 75462 65  2 33  0  0
32  0 349900 371156256   1720 4891224    0    0     0  3899 59296 75464 65  2 33  0  0
28  0 349900 370961568   1720 4929652    0    0     0  4424 55162 68315 63  2 34  0  0
27  0 349900 370961568   1720 4929652    0    0     0  4424 55162 68313 63  2 34  0  0
42  0 349900 371070784   1720 4948364    0    0     0  3061 59397 87828 65  2 33  0  0
41  0 349900 371073792   1720 4948364    0    0     0  3061 59397 87828 65  2 33  0  0
32  0 349900 372003840   1720 4806864    0    0     0  4169 56691 89572 62  1 36  0  0
31  0 349900 372003840   1720 4806864    0    0     0  4169 56691 89572 62  1 36  0  0
28  0 349900 371903584   1720 4834152    0    0     0  3843 54933 80822 63  1 36  0  0
27  0 349900 371903584   1720 4834152    0    0     0  3843 54933 80822 63  1 36  0  0
30  0 349900 371994176   1720 4852192    0    0     0  3731 52442 64896 62  1 37  0  0
29  0 349900 371994176   1720 4852192    0    0     0  3731 52442 64896 62  1 37  0  0
30  0 349900 371822592   1720 4883528    0    0     0  3786 48682 52766 59  1 40  0  0
29  0 349900 371822592   1720 4883528    0    0     0  3786 48682 52766 59  1 40  0  0
39  0 349900 371703360   1720 4909080    0    0     0  2558 55000 73066 64  2 34  0  0
38  0 349900 371703360   1720 4909080    0    0     0  2558 55000 73069 64  2 34  0  0
34  0 349900 371922080   1720 4945136    0    0     0  4289 57434 78884 64  2 34  0  0
31  0 349900 371922080   1720 4945136    0    0     0  4289 57440 78901 64  2 34  0  0
29  0 349900 372054560   1720 4966412    0    0     0  3723 68369 104752 65  3 32  0  0
27  0 349900 372054560   1720 4966412    0    0     0  3723 68362 104732 65  3 32  0  0
32  0 349900 372002720   1720 4996784    0    0     0  1805 58643 88108 62  2 36  0  0
32  0 349900 372002720   1720 4996784    0    0     0  1805 58655 88132 62  2 36  0  0
30  0 349900 371593952   1720 5022032    0    0     0  3057 46865 50289 63  2 35  0  0
29  0 349900 371593952   1720 5022032    0    0     0  3057 46853 50266 63  2 35  0  0
34  0 349900 371527584   1720 5041284    0    0     0  2836 45283 45797 63  2 35  0  0
33  0 349900 371527584   1720 5041284    0    0     0  2836 45283 45797 63  2 35  0  0
29  0 349900 371590752   1720 5065296    0    0     0  2953 41709 45569 62  2 36  0  0
28  0 349900 371590752   1720 5065296    0    0     0  2953 41709 45569 62  2 36  0  0
32  0 349900 371444896   1720 5088860    0    0     0  1909 46833 51363 63  2 35  0  0
31  0 349900 371444896   1720 5088860    0    0     0  1909 46844 51385 63  2 35  0  0
31  0 349900 371902976   1720 5105440    0    0     0  1759 41701 36933 61  2 37  0  0
30  0 349900 371902976   1720 5105440    0    0     0  1759 41690 36911 61  2 37  0  0
29  0 349900 371561216   1720 5116876    0    0     0  2214 46878 49314 63  3 34  0  0
28  0 349900 371561216   1720 5116876    0    0     0  2214 46878 49314 63  3 34  0  0
33  0 349900 371532000   1720 5142376    0    0     0  1523 42102 36678 61  2 36  0  0
32  0 349900 371532000   1720 5142376    0    0     0  1523 42102 36678 61  2 36  0  0
31  0 349900 371504832   1720 5146000    0    0     0  1428 38626 22121 62  3 36  0  0
30  0 349900 371504832   1720 5146000    0    0     0  1428 38626 22121 62  3 36  0  0
30  0 349900 371491232   1720 5156360    0    0     0  1871 38818 36383 61  3 36  0  0
29  0 349900 371491232   1720 5156360    0    0     0  1871 38818 36383 61  3 36  0  0
30  0 349900 371502816   1720 5176060    0    0     0  1771 40041 37695 61  3 36  0  0
29  0 349900 371502816   1720 5176060    0    0     0  1771 40041 37695 61  3 36  0  0
32  0 349900 371474912   1720 5181892    0    0     0  1243 39904 33168 61  3 36  0  0
31  0 349900 371474912   1720 5181892    0    0     0  1243 39904 33168 61  3 36  0  0
31  0 349900 371448224   1720 5194264    0    0     0  1778 39176 33526 61  3 36  0  0
30  0 349900 371448224   1720 5194264    0    0     0  1778 39176 33526 61  3 36  0  0
33  0 349900 371382240   1720 5208852    0    0     0  1252 40286 29111 61  3 36  0  0
32  0 349900 371382240   1720 5208852    0    0     0  1252 40286 29111 61  3 36  0  0
31  0 349900 371475392   1720 5213376    0    0     0  1851 37748 21747 61  3 37  0  0
30  0 349900 371475392   1720 5213376    0    0     0  1851 37748 21747 61  3 37  0  0
30  0 349900 371322784   1720 5236580    0    0     0  1790 40118 35010 62  2 36  0  0
29  0 349900 371322784   1720 5236580    0    0     0  1790 40118 35010 62  2 36  0  0
63  0 349900 371410752   1720 5244552    0    0     0   822 39323 2802852 62  4 34  0  0
62  0 349900 371410752   1720 5244552    0    0     0   822 39323 2803103 62  4 34  0  0
112  0 349900 371343808   1720 5256712    0    0     0  2012 44947 11223481 64 12 24  0  0
111  0 349900 371343808   1720 5256712    0    0     0  2012 44947 11223699 64 12 24  0  0
85  0 349900 371278432   1720 5277224    0    0     0  1310 46909 13192549 65 15 21  0  0
84  0 349900 371278432   1720 5277224    0    0     0  1310 46909 13192413 65 15 21  0  0
85  0 349900 371407776   1720 5274460    0    0     0  1520 40947 12716310 63 14 23  0  0
84  0 349900 371407776   1720 5274460    0    0     0  1520 40947 12716368 63 14 23  0  0
58  0 349900 371343904   1720 5288464    0    0     0  1834 49662 12632540 66 14 20  0  0
56  0 349900 371343904   1720 5288464    0    0     0  1834 49662 12632286 66 14 20  0  0
84  0 349900 371302784   1720 5300500    0    0     0  1224 45424 11592897 66 13 21  0  0
83  0 349900 371302784   1720 5300500    0    0     0  1224 45424 11592998 66 13 21  0  0
110  0 349900 371811584   1720 5307672    0    0     0  1876 45809 12125891 65 13 22  0  0
109  0 349900 371811584   1720 5307672    0    0     0  1876 45809 12126224 65 13 22  0  0
142  0 349900 371563264   1720 5343304    0    0     0   713 55457 15487598 66 17 17  0  0
141  0 349900 371563264   1720 5343304    0    0     0   713 55457 15487465 66 17 17  0  0
85  0 349900 371427360   1720 5347528    0    0     0  1090 45603 18718359 66 19 15  0  0
84  0 349900 371427360   1720 5347528    0    0     0  1090 45603 18718205 66 19 15  0  0
57  0 349900 371146080   1720 5360440    0    0     0   674 40295 11913137 65 13 22  0  0
56  0 349900 371146176   1720 5360440    0    0     0   674 40295 11913031 65 13 22  0  0
111  0 349900 370921984   1720 5363172    0    0     0   903 41461 13870148 65 15 20  0  0
110  0 349900 370921984   1720 5363172    0    0     0   903 41460 13870401 65 15 20  0  0
135  0 349900 370815200   1720 5377940    0    0     0  1067 43900 20834677 64 21 15  0  0
136  0 349900 370815200   1720 5377940    0    0     0  1067 43900 20834870 64 21 15  0  0
112  0 349900 370837088   1720 5386392    0    0     0   329 42677 22299051 62 22 16  0  0
111  0 349900 370836576   1720 5386392    0    0     0   329 42677 22299211 62 22 16  0  0
139  0 349900 370883776   1720 5387124    0    0     0  1125 45581 24023695 63 24 14  0  0
138  0 349900 370883776   1720 5387124    0    0     0  1125 45581 24023576 63 24 14  0  0
143  0 349900 370799104   1720 5398788    0    0     0  1178 42861 23551045 62 23 15  0  0
142  0 349900 370799104   1720 5398788    0    0     0  1178 42861 23551208 62 23 15  0  0
139  0 349900 370865600   1720 5397804    0    0     0   588 42529 22522570 63 22 15  0  0
138  0 349900 370865600   1720 5397804    0    0     0   588 42529 22522644 63 22 15  0  0
113  0 349900 370767136   1720 5413332    0    0     0  1338 43788 20841747 64 21 15  0  0
112  0 349900 370767136   1720 5413332    0    0     0  1338 43788 20841396 64 21 15  0  0
113  0 349900 370629888   1720 5421980    0    0     0   318 40717 19630506 62 19 19  0  0
115  0 349900 370629888   1720 5421980    0    0     0   318 40717 19630533 62 19 19  0  0
136  0 349900 370692416   1720 5421836    0    0     0  1504 42752 23526461 62 23 15  0  0
135  0 349900 370691904   1720 5421836    0    0     0  1504 42752 23527015 62 23 15  0  0
142  0 349900 370588896   1720 5437704    0    0     0  1187 45117 24350275 63 24 14  0  0
141  0 349900 370588896   1720 5437704    0    0     0  1187 45117 24349926 63 24 14  0  0
113  0 349900 370642592   1720 5438916    0    0     0   597 43184 23085491 62 23 15  0  0
111  0 349900 370642592   1720 5438916    0    0     0   597 43184 23085253 62 23 15  0  0
112  0 349900 370561120   1720 5454456    0    0     0  1383 43822 24056047 63 23 14  0  0
111  0 349900 370561120   1720 5454456    0    0     0  1383 43822 24056324 63 23 14  0  0
139  0 349900 370582880   1720 5464392    0    0     0   558 42435 23352694 62 23 16  0  0
138  0 349900 370582880   1720 5464392    0    0     0   558 42436 23352645 62 23 16  0  0
108  0 349900 370629280   1720 5465960    0    0     0  1110 45172 24672718 62 24 14  0  0
107  0 349900 370629280   1720 5465960    0    0     0  1110 45171 24672571 62 24 14  0  0
112  0 349900 371005504   1720 5481988    0    0     0   219 44162 22705057 62 23 15  0  0
111  0 349900 371005024   1720 5481988    0    0     0   219 44162 22705078 62 23 15  0  0
113  0 349900 370694784   1720 5497360    0    0     0    86 43019 23458351 62 23 15  0  0
112  0 349900 370694784   1720 5497360    0    0     0    86 43019 23458205 62 23 15  0  0
166  0 349900 370693664   1720 5491912    0    0     0    48 42985 24300930 62 24 14  0  0
165  0 349900 370693664   1720 5491912    0    0     0    48 42985 24301280 62 24 14  0  0
166  0 349900 370691360   1720 5495280    0    0     0    45 44455 27940789 63 27 10  0  0
165  0 349900 370691360   1720 5495280    0    0     0    45 44455 27941117 63 27 10  0  0
166  0 349900 370688064   1720 5498688    0    0     0    85 44477 27762309 62 28 10  0  0
165  0 349900 370688064   1720 5498688    0    0     0    85 44477 27761995 62 28 10  0  0
166  0 349900 370686400   1720 5502040    0    0     0    45 44510 28541538 62 28 10  0  0
165  0 349900 370686400   1720 5502040    0    0     0    45 44510 28541684 62 28 10  0  0
112  0 349900 370683872   1720 5505424    0    0     0    46 44475 29529725 62 29 10  0  0
111  0 349900 370683872   1720 5505424    0    0     0    46 44475 29529357 62 29 10  0  0
167  0 349900 370680032   1720 5508808    0    0     0    53 44020 27270254 62 27 11  0  0
166  0 349900 370680032   1720 5508808    0    0     0    53 44020 27270443 62 27 11  0  0
166  0 349900 370672160   1720 5514520    0    0     0    44 44220 27186906 63 27 10  0  0
165  0 349900 370672160   1720 5514520    0    0     0    44 44220 27186983 63 27 10  0  0
166  0 349900 370664640   1720 5518944    0    0     0    23 44426 26487879 63 27 10  0  0
165  0 349900 370664640   1720 5518944    0    0     0    23 44426 26488149 63 27 10  0  0
139  0 349900 370664448   1720 5518944    0    0     0    56 44686 29944744 62 29  9  0  0
138  0 349900 370664448   1720 5518944    0    0     0    56 44686 29944385 62 29  9  0  0
139  0 349900 370662272   1720 5522284    0    0     0    44 44751 29862341 62 29  9  0  0
138  0 349900 370662272   1720 5522284    0    0     0    44 44751 29862327 62 29  9  0  0
163  0 349900 370657888   1720 5525624    0    0     0    44 44698 29798775 62 29  9  0  0
162  0 349900 370657888   1720 5525624    0    0     0    44 44698 29799183 62 29  9  0  0
110  0 349900 370653312   1720 5529008    0    0     0    57 44822 29834611 62 29  9  0  0
109  0 349900 370653312   1720 5529008    0    0     0    57 44822 29834011 62 29  9  0  0
139  0 349900 370649792   1720 5532360    0    0     0    44 44393 28990324 62 28 10  0  0
138  0 349900 370649792   1720 5532360    0    0     0    44 44393 28990463 62 28 10  0  0
139  0 349900 370675360   1720 5534348    0    0     0    44 44507 28714478 62 28 10  0  0
138  0 349900 370675360   1720 5534348    0    0     0    44 44507 28714685 62 28 10  0  0
139  0 349900 370671424   1720 5537692    0    0     0    46 44789 29521026 62 29  9  0  0
138  0 349900 370671424   1720 5537692    0    0     0    46 44789 29520903 62 29  9  0  0
166  0 349900 370668096   1720 5541040    0    0     0    44 44513 28644500 62 28 10  0  0
165  0 349900 370668096   1720 5541040    0    0     0    44 44513 28644573 62 28 10  0  0
136  0 349900 370644128   1720 5546116    0    0     0    46 43566 26276212 63 26 12  0  0
135  0 349900 370644128   1720 5546116    0    0     0    46 43566 26276184 63 26 12  0  0
139  0 349900 370494848   1720 5551136    0    0     0    62 43401 25623974 62 26 12  0  0
138  0 349900 370494848   1720 5551136    0    0     0    62 43401 25623903 62 26 12  0  0
167  0 349900 370494784   1720 5551144    0    0     0    47 44368 28805533 62 28 10  0  0
167  0 349900 370494784   1720 5551144    0    0     0    47 44368 28805721 62 28 10  0  0
166  0 349900 370505696   1720 5553136    0    0     0    44 44562 29552308 62 29  9  0  0
165  0 349900 370505696   1720 5553136    0    0     0    44 44561 29552475 62 29  9  0  0
112  0 349900 370500032   1720 5556540    0    0     0    49 44340 29155686 62 28 10  0  0
111  0 349900 370500032   1720 5556540    0    0     0    49 44340 29155136 62 28 10  0  0
166  0 349900 370496576   1720 5559952    0    0     0    45 44842 29546770 62 28 10  0  0
165  0 349900 370496576   1720 5559952    0    0     0    45 44842 29546926 62 28 10  0  0
193  0 349900 370486272   1720 5563312    0    0     0    44 47110 33556327 62 34  4  0  0
192  0 349900 370486272   1720 5563312    0    0     0    44 47110 33556821 62 34  4  0  0
193  0 349900 370482208   1720 5566672    0    0     0    62 47141 32932122 62 34  4  0  0
192  0 349900 370482208   1720 5566672    0    0     0    62 47141 32931902 62 34  4  0  0
190  0 349900 370479040   1720 5570044    0    0     0    44 47024 32413212 62 34  4  0  0
189  0 349900 370479040   1720 5570044    0    0     0    44 47024 32413312 62 34  4  0  0
190  0 349900 370474720   1720 5573444    0    0     0    44 46902 32185168 62 33  4  0  0
189  0 349900 370474720   1720 5573444    0    0     0    44 46902 32185302 62 33  4  0  0
139  0 349900 370469568   1720 5577832    0    0     0    50 46876 31901834 63 32  4  0  0
138  0 349900 370469568   1720 5577832    0    0     0    50 46876 31901352 63 32  4  0  0
139  0 349900 370434784   1720 5583776    0    0     0    44 44403 26518052 62 28 10  0  0
138  0 349900 370434784   1720 5583776    0    0     0    44 44403 26517993 62 28 10  0  0
139  0 349900 370386368   1720 5583856    0    0     0    22 44802 29012145 62 29  9  0  0
138  0 349900 370386368   1720 5583856    0    0     0    22 44802 29012261 62 29  9  0  0
140  0 349900 370325344   1720 5586296    0    0     0    55 43960 24430525 63 26 11  0  0
139  0 349900 370325344   1720 5586296    0    0     0    55 43960 24430332 63 26 11  0  0
166  0 349900 370316576   1720 5589700    0    0     0    44 45617 25326948 66 27  7  0  0
165  0 349900 370316576   1720 5589700    0    0     0    44 45618 25327038 66 27  7  0  0
166  0 349900 370280288   1720 5593044    0    0     0    44 44450 24400773 63 27 10  0  0
165  0 349900 370280288   1720 5593044    0    0     0    44 44450 24400924 63 27 10  0  0
112  0 349900 370195072   1720 5596728    0    0     0    46 42115 20604397 63 22 15  0  0
111  0 349900 370195072   1720 5596728    0    0     0    46 42115 20604004 63 22 15  0  0
139  0 349900 370093120   1720 5601076    0    0     0    44 43203 21355477 63 25 13  0  0
138  0 349900 370093120   1720 5601076    0    0     0    44 43203 21355531 63 25 13  0  0
139  0 349900 369963744   1720 5606752    0    0     0    44 41740 18661180 62 22 16  0  0
138  0 349900 369963264   1720 5606752    0    0     0    44 41741 18661330 62 22 16  0  0
112  0 349900 370947232   1720 5433196    0    0     0   103 43765 17901922 61 20 19  0  0
111  0 349900 370947232   1720 5433196    0    0     0   103 43765 17901637 61 20 19  0  0
85  0 349900 370842240   1720 5436112    0    0     0    40 39377 16245682 60 19 21  0  0
84  0 349900 370842240   1720 5436112    0    0     0    40 39377 16245615 60 19 21  0  0
83  0 349900 371680576   1720 5269548    0    0     0    66 36436 9343942 58 11 31  0  0
82  0 349900 371680576   1720 5269548    0    0     0    66 36436 9344005 58 11 31  0  0
110  0 349900 371574560   1720 5263396    0    0     0    61 37164 14944181 57 16 27  0  0
109  0 349900 371574560   1720 5263396    0    0     0    61 37164 14944261 57 16 27  0  0
111  0 349900 371251808   1720 5268320    0    0     0   173 48425 14950926 60 17 23  0  0
109  0 349900 371251808   1720 5268320    0    0     0   173 48426 14950926 60 17 23  0  0
60  0 349900 372147776   1720 5095232    0    0     0   204 50875 14734375 60 16 24  0  0
59  0 349900 372147776   1720 5095232    0    0     0   204 50877 14734057 60 16 24  0  0
113  0 349900 372004064   1720 5111348    0    0     0   988 44923 15500394 59 16 25  0  0
112  0 349900 372004064   1720 5111348    0    0     0   988 44920 15500758 59 16 25  0  0
91  0 349900 371812544   1720 5120040    0    0     0   864 48097 11747935 59 13 28  0  0
90  0 349900 371812544   1720 5120040    0    0     0   864 48098 11747798 59 13 28  0  0
85  0 349900 371368576   1720 5139552    0    0     0   886 46888 11926046 60 13 27  0  0
83  0 349900 371368576   1720 5139552    0    0     0   886 46889 11926122 60 13 27  0  0
87  0 349900 371164608   1720 5149768    0    0     0  1081 49077 9812683 62 12 26  0  0
86  0 349900 371164608   1720 5149768    0    0     0  1081 49076 9812509 62 12 26  0  0
85  0 349900 372310016   1720 4989648    0    0     0  1895 53607 10867765 59 12 29  0  0
84  0 349900 372310016   1720 4989648    0    0     0  1895 53607 10867743 59 12 29  0  0
83  0 349900 372222080   1720 5006360    0    0     0  1580 71100 10890180 60 13 27  0  0
82  0 349900 372222080   1720 5006360    0    0     0  1580 71100 10890326 60 13 27  0  0
89  0 349900 372183488   1720 5012756    0    0     0  1650 75949 11225033 60 13 27  0  0
88  0 349900 372182976   1720 5012756    0    0     0  1650 75949 11225009 60 13 27  0  0
89  0 349900 372179680   1720 5021280    0    0     0  1599 73882 10245497 59 13 28  0  0
86  0 349900 372179680   1720 5021280    0    0     0  1599 73882 10245372 59 13 28  0  0
90  0 349900 371824192   1720 5267408    1    0     1  1448 79868 9381678 61 14 25  0  0
89  0 349900 371824192   1720 5267408    1    0     1  1448 79876 9381838 61 14 25  0  0
80  0 349900 371525632   1720 5298908    1    0     1  1974 60051 10655352 61 12 27  0  0
79  0 349900 371525632   1720 5298908    1    0     1  1974 60043 10655325 61 12 27  0  0
56  0 349900 371275296   1720 5327520    0    0     0  1476 56165 11862790 63 13 25  0  0
55  0 349900 371275296   1720 5327520    0    0     0  1476 56165 11862530 63 13 25  0  0
80  0 349900 371224960   1720 5343736    0    0     0  2317 51575 10997487 62 12 26  0  0
79  0 349900 371224960   1720 5343736    0    0     0  2317 51575 10997766 62 12 26  0  0
87  0 349900 371199008   1720 5364044    0    0     0  2807 50176 10999432 62 12 26  0  0
86  0 349900 371199008   1720 5364044    0    0     0  2807 50176 10999358 62 12 26  0  0
83  0 349900 371237984   1720 5381628    0    0     0  2898 52816 11195174 61 12 27  0  0
81  0 349900 371237984   1720 5381628    0    0     0  2898 52822 11195225 61 12 27  0  0
84  0 349900 371198080   1720 5392620    0    0     0  2360 54839 11455338 63 12 25  0  0
83  0 349900 371198080   1720 5392620    0    0     0  2360 54833 11455351 63 12 25  0  0
84  0 349900 371197824   1720 5411396    0    0     0  2911 54137 11832917 62 12 26  0  0
83  0 349900 371197824   1720 5411396    0    0     0  2911 54138 11832913 62 12 26  0  0
86  0 349900 371116480   1720 5440448    0    0     0  2355 52800 11713471 62 12 26  0  0
85  0 349900 371116480   1720 5440448    0    0     0  2355 52800 11713452 62 12 26  0  0
57  0 349900 371083808   1720 5448572    0    0     0  1771 55657 11694388 61 12 27  0  0
56  0 349900 371083808   1720 5448572    0    0     0  1771 55657 11694220 61 12 27  0  0
28  0 349900 371126592   1720 5470140    0    0     0  2712 52935 11013290 62 12 26  0  0
27  0 349900 371126592   1720 5470140    0    0     0  2712 52935 11013047 62 12 26  0  0
88  0 349900 371034272   1720 5489188    0    0     0  2073 53849 10372338 63 11 26  0  0
87  0 349900 371034272   1720 5489188    0    0     0  2073 53849 10372703 63 11 26  0  0
58  0 349900 370788192   1720 5534608    0    0     0  2698 51437 11207105 63 12 25  0  0
57  0 349900 370788192   1720 5534608    0    0     0  2698 51437 11206983 63 12 25  0  0
61  0 349900 370306688   1720 5637980    0    0     0  2470 59482 4757572 64  8 28  0  0
59  0 349900 370306688   1720 5637980    0    0     0  2470 59483 4757415 64  8 28  0  0
59  0 349900 370246624   1720 5663768    0    0     0  2485 53733 6461466 68  8 24  0  0
59  0 349900 370246624   1720 5663768    0    0     0  2485 53732 6461541 68  8 24  0  0
87  0 349900 370053408   1720 5682068    0    0     0  2032 52924 9734868 68 10 22  0  0
86  0 349900 370053408   1720 5682068    0    0     0  2032 52923 9735221 68 10 22  0  0
63  0 349900 369993984   1720 5703468    0    0     0  2064 56601 8852493 70 10 21  0  0
62  0 349900 369993984   1720 5703468    0    0     0  2064 56601 8852126 70 10 21  0  0
89  0 349900 369966016   1720 5721580    0    0     0  2075 52052 9491245 69 10 21  0  0
88  0 349900 369966016   1720 5721580    0    0     0  2075 52051 9491466 69 10 21  0  0
63  0 349900 369944160   1720 5737984    0    0     0  2232 49358 7587595 68  9 23  0  0
62  0 349900 369944160   1720 5737984    0    0     0  2232 49358 7587351 68  9 23  0  0
60  0 349900 369906048   1720 5750208    0    0     0  2162 50321 3139172 68  7 25  0  0
59  0 349900 369906048   1720 5750208    0    0     0  2162 50321 3139204 68  7 25  0  0
62  0 349900 369743200   1720 5769208    0    0     0  2379 52875 4523833 68  7 25  0  0
61  0 349900 369743200   1720 5769208    0    0     0  2379 52875 4523830 68  7 25  0  0
34  0 349900 369621376   1720 5789784    0    0     0  2055 50676 4636441 68  7 25  0  0
33  0 349900 369621888   1720 5789784    0    0     0  2055 50676 4636289 68  7 25  0  0
61  0 349900 370826592   1720 5597068    0    0     0  2430 51710 3879675 66  7 27  0  0
60  0 349900 370826592   1720 5597068    0    0     0  2430 51710 3879831 66  7 27  0  0
64  0 349900 371267072   1720 5598760    0    0     0  2313 67259 4348510 66  9 25  0  0
62  0 349900 371267072   1720 5598760    0    0     0  2313 67259 4348521 66  9 25  0  0
69  0 349900 371093760   1720 5650336    0    0     0   973 72348 3288584 67  8 26  0  0
68  0 349900 371093760   1720 5650336    0    0     0   973 72348 3288612 67  8 26  0  0
62  0 349900 370770112   1720 5673548    0    0     0  1595 45345 4917396 65  7 28  0  0
63  0 349900 370770112   1720 5673548    0    0     0  1595 45345 4917400 65  7 28  0  0
30  0 349900 370731584   1720 5676300    0    0     0  1762 40930 419875 64  2 34  0  0
29  0 349900 370731584   1720 5676300    0    0     0  1762 40930 419676 64  2 34  0  0
59  0 349900 371144832   1720 5700960    0    0     0  1243 42610 1366383 63  3 34  0  0
58  0 349900 371144832   1720 5700960    0    0     0  1243 42610 1366572 63  3 34  0  0
33  0 349900 370722848   1720 5726024    0    0     0  1153 45567 2844962 66  5 29  0  0
32  0 349900 370722848   1720 5726024    0    0     0  1153 45567 2844774 66  5 29  0  0
33  0 349900 370723584   1720 5725332    0    0     0   835 38689 2359819 65  5 30  0  0
32  0 349900 370723584   1720 5725332    0    0     0   835 38689 2359819 65  5 30  0  0
33  0 349900 370732064   1720 5732188    0    0     0   864 38501 2253077 65  5 31  0  0
32  0 349900 370732064   1720 5732188    0    0     0   864 38501 2253077 65  5 31  0  0
32  0 349900 370756544   1720 5738916    0    0     0  1398 39127 2249232 64  5 31  0  0
31  0 349900 370756544   1720 5738916    0    0     0  1398 39127 2249232 64  5 31  0  0
37  0 349900 370597600   1720 5751524    0    0     0   681 40717 29081 64  2 34  0  0
36  0 349900 370597600   1720 5751524    0    0     0   681 40717 29081 64  2 34  0  0
34  0 349900 370475264   1720 5755056    0    0     0   667 48726 51158 63  5 32  0  0
33  0 349900 370475264   1720 5755056    0    0     0   667 48727 51165 63  5 32  0  0
33  0 349900 370384704   1720 5781764    0    0     0   953 57536 78800 64  4 32  0  0
31  0 349900 370384704   1720 5781764    0    0     0   953 57535 78793 64  4 32  0  0
31  0 349900 371820352   1720 5598736    0    0     0   241 59569 77831 62  2 35  0  0
30  0 349900 371820352   1720 5598736    0    0     0   241 59569 77830 62  2 35  0  0
33  1 349900 371440960   1720 5610600    0    0     0    26 39421 25956 62  3 35  0  0
33  0 349900 371441472   1720 5610600    0    0     0    26 39422 25960 62  3 35  0  0
34  0 349900 371467136   1720 5629176    0    0     0    65 54926 76203 64  5 31  0  0
33  0 349900 371466624   1720 5629176    0    0     0    65 54925 76202 64  5 31  0  0
33  0 349900 370987680   1720 5667748    0    0     0    24 38896 18270 65  2 33  0  0
32  0 349900 370987680   1720 5667748    0    0     0    24 38895 18268 65  2 33  0  0
33  0 349900 370982784   1720 5674436    0    0     0    25 33245 2311 65  2 33  0  0
32  0 349900 370982784   1720 5674436    0    0     0    25 33245 2310 65  2 33  0  0
33  0 349900 370986944   1720 5668900    0    0     0    65 33157 2067 65  2 33  0  0
32  0 349900 370986944   1720 5668900    0    0     0    65 33157 2067 65  2 33  0  0
35  0 349900 370983744   1720 5672344    0    0     0    26 33192 1985 65  2 33  0  0
34  0 349900 370983744   1720 5672344    0    0     0    26 33192 1985 65  2 33  0  0
33  0 349900 370979232   1720 5675852    0    0     0    11 33642 3182 66  1 33  0  0
32  0 349900 370979232   1720 5675852    0    0     0    11 33642 3182 66  1 33  0  0
59  0 349900 371136736   1720 5703388    0    0     0    44 36016 3249502 66  4 30  0  0
58  0 349900 371136736   1720 5703388    0    0     0    44 36016 3249669 66  4 30  0  0
32  0 349900 371259808   1720 5803204    0    0     0    22 36505 3977033 64  6 30  0  0
31  0 349900 371259808   1720 5803204    0    0     0    22 36505 3976866 64  6 30  0  0
57  0 349900 371277632   1720 5814908    0    0     0    22 35229 3995212 63  5 32  0  0
56  0 349900 371277632   1720 5814908    0    0     0    22 35229 3995364 63  5 32  0  0
58  0 349900 371296736   1720 5818852    0    0     0    38 36240 6991702 62  8 30  0  0
57  0 349900 371296736   1720 5818852    0    0     0    38 36240 6991702 62  8 30  0  0
32  0 349900 371214208   1720 5839236    0    0     0    22 40494 7995728 64 10 26  0  0
31  0 349900 371214208   1720 5839236    0    0     0    22 40494 7995575 64 10 26  0  0
62  0 349900 370955936   1720 5854216    0    0     0    22 38226 8062874 65  9 26  0  0
61  0 349900 370955936   1720 5854216    0    0     0    22 38226 8063060 65  9 26  0  0
59  0 349900 370952128   1720 5857700    0    0     0    33 37151 7965368 66  9 25  0  0
58  0 349900 370952128   1720 5857700    0    0     0    33 37151 7965346 66  9 25  0  0
60  0 349900 370834752   1720 5865780    0    0     0    22 40640 7747887 68  9 23  0  0
59  0 349900 370834752   1720 5865780    0    0     0    22 40640 7747873 68  9 23  0  0
61  0 349900 370249504   1720 5896248    0    0     0    22 40256 5076191 68  6 25  0  0
60  0 349900 370249504   1720 5896248    0    0     0    22 40256 5076240 68  6 25  0  0
89  0 349900 370243840   1720 5901756    0    0     0    31 39610 8787932 70 10 20  0  0
88  0 349900 370243840   1720 5901756    0    0     0    31 39610 8788011 70 10 20  0  0
115  0 349900 370232256   1720 5906624    0    0     0    22 40079 8906292 70 10 20  0  0
114  0 349900 370232256   1720 5906624    0    0     0    22 40079 8906580 70 10 20  0  0
89  0 349900 370176128   1720 5910176    0    0     0    22 40398 11891471 69 12 18  0  0
88  0 349900 370176128   1720 5910176    0    0     0    22 40398 11891365 69 12 18  0  0
115  0 349900 370057888   1720 5917028    0    0     0    34 41516 14579009 70 15 16  0  0
114  0 349900 370057888   1720 5917028    0    0     0    34 41516 14579185 70 15 16  0  0
88  0 349900 370012992   1720 5924656    0    0     0    22 42761 15298371 70 15 15  0  0
87  0 349900 370012992   1720 5924656    0    0     0    22 42761 15298113 70 15 15  0  0
115  0 349900 369971136   1720 5929948    0    0     0    22 42786 14865630 70 15 15  0  0
114  0 349900 369971136   1720 5929948    0    0     0    22 42786 14865926 70 15 15  0  0
117  0 349900 369924672   1720 5935188    0    0     0    35 43176 16793799 70 17 14  0  0
116  0 349900 369924672   1720 5935188    0    0     0    35 43176 16793834 70 17 14  0  0
116  0 349900 369917216   1720 5941968    0    0     0    22 42028 17580642 68 17 15  0  0
115  0 349900 369917216   1720 5941968    0    0     0    22 42028 17580597 68 17 15  0  0
117  0 349900 369914112   1720 5945432    0    0     0    22 42313 17870761 69 17 14  0  0
116  0 349900 369914112   1720 5945432    0    0     0    22 42313 17870914 69 17 14  0  0
116  0 349644 369907168   1720 5952232    1    0     1    25 42251 17126706 69 17 14  0  0
115  0 349644 369907168   1720 5952232    1    0     1    25 42251 17126361 69 17 14  0  0
61  0 349644 369902784   1720 5955672    0    0     0    32 41958 16622227 69 16 15  0  0
60  0 349644 369902784   1720 5955672    0    0     0    32 41958 16621914 69 16 15  0  0
87  0 349644 369898912   1720 5959152    0    0     0    11 41564 15753734 69 16 15  1  0
87  0 349644 369898912   1720 5959152    0    0     0    11 41564 15754066 69 16 15  1  0
88  0 349644 369895264   1720 5962596    0    0     0    33 42010 15584180 70 15 15  0  0
87  0 349644 369895264   1720 5962596    0    0     0    33 42010 15583926 70 15 15  0  0
88  0 349644 369889824   1720 5967768    0    0     0    28 41655 15133827 69 15 16  0  0
87  0 349644 369889824   1720 5967768    0    0     0    28 41655 15133946 69 15 16  0  0
116  0 349644 369722208   1720 5972884    0    0     0    22 40357 13304569 69 13 18  0  0
115  0 349644 369722208   1720 5972884    0    0     0    22 40357 13304929 69 13 18  0  0
89  0 349644 369718464   1720 5976332    0    0     0    22 42045 16750082 69 16 15  0  0
88  0 349644 369718464   1720 5976332    0    0     0    22 42046 16749811 69 16 15  0  0
63  0 349644 369926400   1720 6047688    0    0     0    33 44595 17557079 68 17 15  0  0
62  0 349644 369926400   1720 6047688    0    0     0    33 44595 17556851 68 17 15  0  0
114  0 349644 370182528   1720 6072164    0    0     0    22 43242 16099129 66 16 18  0  0
113  0 349644 370182528   1720 6072164    0    0     0    22 43242 16099717 66 16 18  0  0
87  0 349644 370251840   1720 6061420    0    0     0    22 40420 17569830 64 17 19  0  0
86  0 349644 370251840   1720 6061420    0    0     0    22 40420 17569426 64 17 19  0  0
113  0 349644 370248608   1720 6070428    0    0     0    29 41678 18293845 65 18 18  0  0
112  0 349644 370248608   1720 6070428    0    0     0    29 41677 18294097 65 18 18  0  0
113  0 349644 370240672   1720 6077160    0    0     0    25 39826 15849254 66 15 19  0  0
112  0 349644 370240672   1720 6077160    0    0     0    25 39826 15849246 66 15 19  0  0
113  0 349644 370234880   1720 6080596    0    0     0    24 40430 17217301 65 16 18  0  0
112  0 349644 370234880   1720 6080596    0    0     0    24 40430 17217266 65 16 18  0  0
113  0 349644 370218144   1720 6087388    0    0     0    29 40755 17950992 65 17 18  0  0
112  0 349644 370218144   1720 6087388    0    0     0    29 40755 17951071 65 17 18  0  0
111  0 349644 370207328   1720 6090808    0    0     0    22 39840 17482745 64 17 19  0  0
110  0 349644 370207328   1720 6090808    0    0     0    22 39840 17482909 64 17 19  0  0
113  0 349644 370201440   1720 6096252    0    0     0    25 40058 17981845 64 17 19  0  0
112  0 349644 370201440   1720 6096252    0    0     0    25 40058 17981625 64 17 19  0  0
113  0 349644 370196480   1720 6100996    0    0     0    43 39935 17152728 65 16 19  0  0
112  0 349644 370196480   1720 6100996    0    0     0    43 39935 17152545 65 16 19  0  0
114  0 349644 370192416   1720 6104428    0    0     0    22 40001 16291653 65 16 19  0  0
113  0 349644 370192416   1720 6104428    0    0     0    22 40001 16291890 65 16 19  0  0
112  0 349644 370399360   1720 6121860    0    0     0    22 41438 18250657 64 17 19  0  0
111  0 349644 370399360   1720 6121860    0    0     0    22 41438 18250626 64 17 19  0  0
112  0 349644 370596768   1720 6141648    0    0     0    30 39986 17173179 61 17 22  0  0
111  0 349644 370596768   1720 6141648    0    0     0    30 39986 17173109 61 17 22  0  0
84  0 349644 370660672   1720 6172104    0    0     0    22 43107 18123998 62 18 21  0  0
83  0 349644 370660672   1720 6172104    0    0     0    22 43107 18123928 62 18 21  0  0
112  0 349644 370401216   1720 6213296    0    0     0    24 41703 17511474 61 17 22  0  0
111  0 349644 370401216   1720 6213296    0    0     0    24 41703 17511559 61 17 22  0  0
112  0 349644 370438784   1720 6213184    0    0     0    34 42229 18424472 62 18 21  0  0
111  0 349644 370438784   1720 6213184    0    0     0    34 42229 18424521 62 18 21  0  0
86  0 349644 370180672   1720 6228712    0    0     0    22 40983 17291253 62 17 22  0  0
85  0 349644 370180672   1720 6228712    0    0     0    22 40983 17291071 62 17 22  0  0
113  0 349644 370173472   1720 6235460    0    0     0    11 39284 18551000 62 17 20  0  0
112  0 349644 370173472   1720 6235460    0    0     0    11 39284 18551213 62 17 20  0  0
85  0 349644 370169568   1720 6238784    0    0     0    38 38904 17646462 62 17 21  0  0
84  0 349644 370169568   1720 6238784    0    0     0    38 38904 17646209 62 17 21  0  0
109  0 349644 370166048   1720 6242264    0    0     0    22 39282 18440943 62 17 20  0  0
108  0 349644 370166048   1720 6242264    0    0     0    22 39282 18441289 62 17 20  0  0
112  0 349644 370160672   1720 6245676    0    0     0    22 39252 18286805 62 17 20  0  0
111  0 349644 370160672   1720 6245676    0    0     0    22 39252 18286637 62 17 20  0  0
109  0 349644 370153216   1720 6252432    0    0     0    41 39235 18276995 62 17 21  0  0
108  0 349644 370153216   1720 6252432    0    0     0    41 39235 18277040 62 17 21  0  0
85  0 349644 370149088   1720 6255848    0    0     0    23 38983 17917341 62 17 21  0  0
84  0 349644 370149088   1720 6255848    0    0     0    23 38983 17917134 62 17 21  0  0
114  0 349644 370124128   1720 6262888    0    0     0    24 39905 18051292 63 17 20  0  0
113  0 349644 370124128   1720 6262888    0    0     0    24 39905 18051449 63 17 20  0  0
112  0 349644 370071488   1720 6269508    0    0     0    24 40475 18064983 63 17 20  0  0
111  0 349644 370071488   1720 6269508    0    0     0    24 40475 18065041 63 17 20  0  0
87  0 349644 370121408   1720 6331228    0    0     0    22 42180 17919130 63 18 20  0  0
86  0 349644 370121408   1720 6331228    0    0     0    22 42180 17918996 63 18 20  0  0
86  0 349644 370089088   1720 6311428    0    0     0    22 39328 14989783 62 15 23  0  0
85  0 349644 370089088   1720 6311428    0    0     0    22 39328 14989715 62 15 23  0  0
87  0 349644 369978432   1720 6318868    0    0     0    34 37042 11648795 62 11 26  0  0
86  0 349644 369978432   1720 6318868    0    0     0    34 37042 11648712 62 11 26  0  0
112  0 349644 369978816   1720 6323632    0    0     0    22 38944 15916120 63 15 21  0  0
111  0 349644 369978816   1720 6323632    0    0     0    22 38944 15916497 63 15 21  0  0
112  0 349644 369972096   1720 6330212    0    0     0    22 38586 15448756 63 15 22  0  0
111  0 349644 369972096   1720 6330212    0    0     0    22 38586 15448549 63 15 22  0  0
112  0 349644 369968352   1720 6333792    0    0     0    27 38867 16157050 63 15 21  0  0
111  0 349644 369968352   1720 6333792    0    0     0    27 38867 16157074 63 15 21  0  0
85  0 349644 369963136   1720 6338200    0    0     0    22 38567 15511706 63 15 22  0  0
84  0 349644 369963136   1720 6338200    0    0     0    22 38567 15511692 63 15 22  0  0
58  0 349644 369867840   1720 6343972    0    0     0    23 36860 12492566 62 13 26  0  0
57  0 349644 369867840   1720 6343972    0    0     0    23 36860 12492176 62 13 26  0  0
58  0 349644 369735584   1720 6347788    0    0     0    34 33787 5242863 61  7 32  0  0
57  0 349644 369735584   1720 6347788    0    0     0    34 33787 5242856 61  7 32  0  0
58  0 349644 369603936   1720 6351188    0    0     0    22 34717 7588655 61  9 30  0  0
57  0 349644 369603936   1720 6351188    0    0     0    22 34717 7588771 61  9 30  0  0
84  0 349644 370717504   1720 6193296    0    0     0    48 38262 9815882 61 10 29  0  0
83  0 349644 370717504   1720 6193296    0    0     0    48 38262 9815981 61 10 29  0  0
59  0 349644 370803264   1720 6229520    0    0     0    25 37165 9409519 61 10 29  0  0
58  0 349644 370803264   1720 6229520    0    0     0    25 37166 9409341 61 10 29  0  0
86  0 349644 370679488   1720 6228600    0    0     0    15 37342 9697891 62 10 28  0  0
85  0 349644 370679488   1720 6228600    0    0     0    15 37342 9698156 62 10 28  0  0
61  0 349644 370376288   1720 6267960    0    0     0   142 48581 7827990 65 10 25  0  0
60  0 349644 370375808   1720 6267960    0    0     0   142 48581 7827760 65 10 25  0  0
60  0 349644 369743232   1720 6288032    0    0     0    47 40219 6124370 64  7 28  0  0
59  0 349644 369743232   1720 6288032    0    0     0    47 40219 6124299 64  7 28  0  0
61  0 349644 369597664   1720 6312952    0    0     0   361 43755 5753171 66  7 26  0  0
60  0 349644 369597664   1720 6312952    0    0     0   361 43755 5753279 66  7 26  0  0
62  0 349644 369704448   1720 6332812    0    0     0   947 44758 6070373 67  7 26  0  0
61  0 349644 369704448   1720 6332812    0    0     0   947 44758 6070265 67  7 26  0  0
60  0 349644 370636288   1720 6158364    0    0     0   636 42753 5445387 66  6 29  0  0
59  0 349644 370636288   1720 6158364    0    0     0   636 42753 5445383 66  6 29  0  0
58  0 349644 370689024   1720 6196080    0    0     0  1068 42700 4908072 66  6 28  0  0
57  0 349644 370689024   1720 6196080    0    0     0  1068 42700 4908085 66  6 28  0  0
31  0 349644 371089440   1720 6227088    0    0     0   365 43016 917359 61  4 36  0  0
30  0 349644 371089440   1720 6227088    0    0     0   365 43016 917197 61  4 36  0  0
57  0 349644 370802688   1720 6239416    0    0     0  1113 41482 781177 61  2 37  0  0
56  0 349644 370802688   1720 6239416    0    0     0  1113 41482 781328 61  2 37  0  0
57  0 349644 370542080   1720 6254616    0    0     0  1116 44984 3868930 62  5 33  0  0
56  0 349644 370542080   1720 6254616    0    0     0  1116 44984 3868987 62  5 33  0  0
57  0 349644 370477088   1720 6274020    0    0     0  1276 40431 3627787 62  4 34  0  0
56  0 349644 370477088   1720 6274020    0    0     0  1276 40431 3627729 62  4 34  0  0
61  0 349644 370392768   1720 6280900    0    0     0  1626 44156 3987983 63  5 33  0  0
60  0 349644 370392768   1720 6280900    0    0     0  1626 44156 3987990 63  5 33  0  0
34  0 349644 370146496   1720 6307076    0    0     0  1908 48655 2722276 63  4 33  0  0
33  0 349644 370146496   1720 6307076    0    0     0  1908 48655 2722119 63  4 33  0  0
33  0 349644 369685888   1720 6337896    0    0     0  1517 41798 26853 63  2 35  0  0
32  0 349644 369685888   1720 6337896    0    0     0  1517 41798 26852 63  2 35  0  0
31  0 349644 369589152   1720 6361428    0    0     0  1616 47745 41553 66  2 32  0  0
30  0 349644 369589152   1720 6361428    0    0     0  1616 47745 41553 66  2 32  0  0
35  0 349644 369254880   1720 6377492    0    0     0  1303 43360 23429 67  2 31  0  0
34  0 349644 369254880   1720 6377492    0    0     0  1303 43360 23429 67  2 31  0  0
33  0 349644 370236480   1720 6226864    0    0     0  1588 48233 41922 67  1 31  0  0
32  0 349644 370236480   1720 6226864    0    0     0  1588 48233 41922 67  1 31  0  0
39  0 349644 370083808   1720 6241348    0    0     0  1654 45833 30642 69  1 30  0  0
38  0 349644 370083808   1720 6241348    0    0     0  1654 45833 30644 69  1 30  0  0
34  0 349644 369890592   1720 6262792    0    0     0  1369 47429 45797 70  1 29  0  0
32  0 349644 369890592   1720 6262792    0    0     0  1369 47429 45796 70  1 29  0  0
35  0 349644 369599616   1720 6276560    0    0     0  1579 52347 153155 71  2 27  0  0
34  0 349644 369599616   1720 6276560    0    0     0  1579 52347 153153 71  2 27  0  0
39  0 349644 369444192   1720 6304484    0    0     0  2043 51454 85636 71  1 28  0  0
39  0 349644 369444192   1720 6304484    0    0     0  2043 51458 85646 71  1 28  0  0
40  0 349644 369449696   1720 6318044    0    0     0  1733 44509 32681 70  1 29  0  0
39  0 349644 369449696   1720 6318044    0    0     0  1733 44508 32680 70  1 29  0  0
41  0 349644 369539104   1720 6333876    0    0     0  3323 45685 45557 70  1 29  0  0
39  0 349644 369539104   1720 6333876    0    0     0  3323 45684 45560 70  1 29  0  0
37  0 349644 369419232   1720 6354916    0    0     0  1813 50821 46112 71  1 28  0  0
36  0 349644 369419232   1720 6354916    0    0     0  1813 50819 46101 71  1 28  0  0
34  0 349644 369436608   1720 6367832    0    0     0  2194 46252 46833 70  1 29  0  0
33  1 349644 369436608   1720 6367832    0    0     0  2194 46252 46832 70  1 29  0  0
34  0 349644 369238144   1720 6395980    0    0     0  2573 56421 61801 69  1 30  1  0
33  0 349644 369238144   1720 6395980    0    0     0  2573 56421 61801 69  1 30  1  0
40  0 349644 369298656   1720 6413028    0    0     0   777 44819 37798 69  1 30  0  0
39  0 349644 369298656   1720 6413028    0    0     0   777 44819 37798 69  1 30  0  0
35  0 349644 369454016   1720 6412144    0    0     0  3158 48418 35816 69  1 30  0  0
34  0 349644 369454016   1720 6412144    0    0     0  3158 48418 35816 69  1 30  0  0
42  0 349644 369186368   1720 6449532    0    0     0  2087 51684 65576 72  1 27  0  0
39  0 349644 369186368   1720 6449532    0    0     0  2087 51684 65577 72  1 27  0  0
34  0 349644 369331264   1720 6450120    0    0     0  1496 40949 17603 68  1 31  0  0
33  0 349644 369331264   1720 6450120    0    0     0  1496 40949 17603 68  1 31  0  0
34  0 349644 369417312   1720 6473040    0    0     0  3382 53365 72428 71  1 28  0  0
33  0 349644 369417312   1720 6473040    0    0     0  3382 53365 72428 71  1 28  0  0
36  0 349644 369214112   1720 6530816    0    0     0  1049 46879 41495 71  1 28  0  0
36  0 349644 369214112   1720 6530816    0    0     0  1049 46879 41498 71  1 28  0  0
34  0 349644 369455872   1720 6551224    0    0     0  2493 47005 39997 69  1 29  0  0
33  0 349644 369455872   1720 6551224    0    0     0  2493 47005 39994 69  1 29  0  0
36  0 349644 369510560   1720 6596140    0    0     0  2799 58313 72015 73  1 26  0  0
35  0 349644 369510560   1720 6596140    0    0     0  2799 58313 72015 73  1 26  0  0
36  0 349644 369724512   1720 6624384    0    0     0   854 42632 34046 66  1 33  0  0
35  0 349644 369724512   1720 6624384    0    0     0   854 42632 34046 66  1 33  0  0
32  0 349644 369864896   1720 6626532    0    0     0  3317 46382 36190 66  1 33  0  0
31  0 349644 369864896   1720 6626532    0    0     0  3317 46382 36190 66  1 33  0  0
32  0 349644 369607232   1720 6665928    0    0     0  2081 46946 52660 66  1 33  0  0
32  0 349644 369607232   1720 6665928    0    0     0  2081 46947 52664 66  1 33  0  0
36  0 349644 369722208   1720 6670776    0    0     0  1499 42618 30669 65  1 34  0  0
36  0 349644 369722208   1720 6670776    0    0     0  1499 42617 30666 65  1 34  0  0
31  0 349644 369696576   1720 6696940    0    0     0  3059 48756 54753 67  1 32  0  0
30  0 349644 369696576   1720 6696940    0    0     0  3059 48756 54753 67  1 32  0  0
32  0 349644 369574016   1720 6717996    0    0     0  1206 48499 46020 66  1 33  0  0
31  0 349644 369574016   1720 6717996    0    0     0  1206 48499 46020 66  1 33  0  0
33  0 349644 369709024   1720 6717144    0    0     0  2704 43344 33359 65  1 34  0  0
32  0 349644 369709024   1720 6717144    0    0     0  2704 43344 33360 65  1 34  0  0
36  0 349644 369779040   1720 6760852    0    0     0  2639 51214 61760 67  1 32  0  0
35  0 349644 369779040   1720 6760852    0    0     0  2639 51214 61759 67  1 32  0  0
44  0 349644 369755328   1720 6779692    0    0     0  1544 40405 40865 62  1 37  0  0
43  0 349644 369755328   1720 6779692    0    0     0  1544 40405 40865 62  1 37  0  0
30  0 349644 369825504   1720 6787428    0    0     0  2334 49090 46292 65  1 34  0  0
29  0 349644 369825504   1720 6787428    0    0     0  2334 49090 46292 65  1 34  0  0
34  0 349644 370712704   1720 6356556    0    0     0  2222 53714 59089 65  2 33  0  0
32  0 349644 370712704   1720 6356556    0    0     0  2222 53715 59091 65  2 33  0  0
34  0 349644 370265248   1720 6405404    0    0     0  1699 50945 66220 65  2 33  0  0
33  0 349644 370265248   1720 6405404    0    0     0  1708 50945 66218 65  2 33  0  0
30  0 349644 370296448   1720 6427828    0    0     0  1996 44105 76147 63  1 36  0  0
29  0 349644 370296448   1720 6427828    0    0     0  1987 44105 76147 63  1 36  0  0
35  0 349644 370043136   1720 6455080    0    0     0  1670 43402 69645 64  1 35  0  0
34  0 349644 370043136   1720 6455080    0    0     0  1670 43406 69655 64  1 35  0  0
34  0 349644 370126528   1720 6462972    0    0     0   794 37004 23567 62  1 37  0  0
33  0 349644 370126528   1720 6462972    0    0     0   794 37000 23560 62  1 37  0  0
31  0 349644 370096864   1720 6472204    0    0     0  2091 42616 55496 64  1 35  0  0
29  0 349644 370096864   1720 6472204    0    0     0  2091 42615 55493 64  1 35  0  0
31  0 349644 370508896   1720 6503820    0    0     0   764 40887 31113 62  1 37  0  0
30  0 349644 370508896   1720 6503820    0    0     0   764 40887 31113 62  1 37  0  0
31  0 349644 370486400   1720 6290216    0    0     0   541 38494 26065 63  1 36  0  0
31  0 349644 370486400   1720 6290216    0    0     0   541 38494 26065 63  1 36  0  0
30  0 349644 370470656   1720 6297276    0    0     0  1682 36867 18075 62  1 37  0  0
29  0 349644 370470656   1720 6297276    0    0     0  1682 36867 18075 62  1 37  0  0
30  0 349644 370390848   1720 6306740    0    0     0   744 35604 25496 62  1 37  0  0
29  0 349644 370390848   1720 6306740    0    0     0   744 35604 25496 62  1 37  0  0
31  0 349644 370412608   1720 6311864    0    0     0   663 34593 42354 62  1 37  0  0
30  0 349644 370412096   1720 6311864    0    0     0   663 34593 42354 62  1 37  0  0
30  0 349644 370403616   1720 6326744    0    0     0  1362 37783 18604 63  1 36  0  0
29  0 349644 370403616   1720 6326744    0    0     0  1362 37783 18604 63  1 36  0  0
32  0 349644 370455296   1720 6212612    0    0     0   353 35522 10855 62  1 37  0  0
30  0 349644 370455296   1720 6212612    0    0     0   353 35522 10855 62  1 37  0  0
32  0 349644 370466048   1720 6218796    0    0     0  1018 34920 45558 62  1 37  0  0
31  0 349644 370466048   1720 6218796    0    0     0  1018 34920 45558 62  1 37  0  0
32  0 349644 370355136   1720 6252208    0    0     0   724 45576 114624 65  2 34  0  0
31  0 349644 370355136   1720 6252208    0    0     0   724 45576 114624 65  2 34  0  0
31  0 349644 370874688   1720 6295940    0    0     0   616 36635 17928 61  1 38  0  0
30  0 349644 370874688   1720 6295940    0    0     0   616 36635 17928 61  1 38  0  0
32  0 349644 370591296   1720 6302292    0    0     0   156 36312 16274 62  1 36  0  0
31  0 349644 370591296   1720 6302292    0    0     0   156 36313 16274 62  1 36  0  0
32  0 349644 370502624   1720 6308668    0    0     0    26 34542 5255194 62  6 32  0  0
30  0 349644 370502624   1720 6308668    0    0     0    26 34542 5255194 62  6 32  0  0
31  0 349644 370503680   1720 6306420    0    0     0    63 33872 4153588 62  5 32  0  0
30  0 349644 370503680   1720 6306420    0    0     0    63 33872 4153587 62  5 32  0  0
31  0 349644 370499904   1720 6309912    0    0     0    22 33771 4133195 62  5 32  0  0
30  0 349644 370499904   1720 6309912    0    0     0    22 33771 4133195 62  5 32  0  0
58  0 349644 370494976   1720 6313440    0    0     0    22 33475 3680511 62  5 33  0  0
57  0 349644 370494976   1720 6313440    0    0     0    22 33475 3680673 62  5 33  0  0
58  0 349644 370487392   1720 6320112    0    0     0    41 33932 5218481 62  6 32  0  0
57  0 349644 370487392   1720 6320112    0    0     0    41 33932 5218526 62  6 32  0  0
58  0 349644 370520832   1720 6340240    0    0     0    22 35897 4501137 63  6 31  0  0
57  0 349644 370520832   1720 6340240    0    0     0    22 35897 4501115 63  6 31  0  0
58  0 349644 370517504   1720 6343492    0    0     0    24 33685 4137803 62  5 32  0  0
57  0 349644 370517504   1720 6343492    0    0     0    24 33685 4137777 62  5 32  0  0
58  0 349644 370510208   1720 6350272    0    0     0    28 33825 4171394 63  5 32  0  0
57  0 349644 370510208   1720 6350272    0    0     0    28 33825 4171386 63  5 32  0  0
31  0 349644 370497056   1720 6379296    0    0     0    22 34670 2200457 62  4 34  0  0
30  0 349644 370497056   1720 6379296    0    0     0    22 34670 2200304 62  4 34  0  0
68  0 349644 370379040   1720 6381344    0    0     0    13 35682 3598564 63  5 32  0  0
61  0 349644 370379072   1720 6381344    0    0     0    22 35690 3598672 63  5 32  0  0
88  0 349644 370216288   1720 6424516    0    0     0    27 40105 7814931 64  9 27  0  0
87  0 349644 370216288   1720 6424516    0    0     0    18 40097 7815205 64  9 27  0  0
86  0 349644 369991648   1720 6436476    0    0     0    22 41867 9942055 66 11 23  0  0
85  0 349644 369991648   1720 6436476    0    0     0    22 41867 9942083 66 11 23  0  0
86  0 349644 369918496   1720 6443760    0    0     0    22 38322 9614312 67 10 23  0  0
85  0 349644 369918496   1720 6443760    0    0     0    22 38321 9614220 67 10 23  0  0
58  0 349644 370111072   1720 6476568    0    0     0    32 39683 10137485 65 11 24  0  0
57  0 349644 370111072   1720 6476568    0    0     0    32 39683 10137369 65 11 24  0  0
84  0 349644 370552256   1720 6490472    0    0     0    22 38768 9578811 62 11 27  0  0
83  0 349644 370552256   1720 6490472    0    0     0    22 38768 9579053 62 11 27  0  0
85  0 349644 370545696   1720 6497196    0    0     0    24 35253 10017323 61 10 29  0  0
84  0 349644 370545696   1720 6497196    0    0     0    24 35253 10017223 61 10 29  0  0
86  0 349644 370542176   1720 6500580    0    0     0    27 35344 10191416 61 10 29  0  0
85  0 349644 370542176   1720 6500580    0    0     0    27 35344 10191427 61 10 29  0  0
86  0 349644 370432512   1720 6504036    0    0     0    22 35423 9700510 61 10 29  0  0
84  0 349644 370432512   1720 6504036    0    0     0    22 35423 9700537 61 10 29  0  0
58  0 349644 370430016   1720 6515944    0    0     0    22 38337 10035757 62 10 27  0  0
57  0 349644 370430016   1720 6515944    0    0     0    22 38337 10035578 62 10 27  0  0
85  0 349644 370093760   1720 6527720    0    0     0    34 36737 9879007 63 10 27  0  0
84  0 349644 370093760   1720 6527720    0    0     0    34 36737 9879170 63 10 27  0  0
86  0 349644 370075872   1720 6531176    0    0     0    25 39014 14848594 64 15 21  0  0
85  0 349644 370075872   1720 6531176    0    0     0    25 39014 14848756 64 15 21  0  0
115  0 349644 369862336   1720 6542928    0    0     0    22 41374 15192897 65 15 20  0  0
114  0 349644 369862848   1720 6542424    0    0     0    22 41374 15192894 65 15 20  0  0
117  0 349644 369601472   1720 6566380    0    0     0    27 44395 16157348 67 16 17  0  0
116  0 349644 369601472   1720 6566380    0    0     0    27 44395 16157345 67 16 17  0  0
117  0 349644 369280416   1720 6587556    0    0     0    22 44385 15019962 68 15 17  0  0
116  0 349644 369280416   1720 6587556    0    0     0    22 44386 15020185 68 15 17  0  0
117  0 349644 369276288   1720 6591004    0    0     0    24 41977 15942484 69 16 15  0  0
116  0 349644 369276288   1720 6591004    0    0     0    24 41977 15942156 69 16 15  0  0
114  0 349644 369227680   1720 6599560    0    0     0    39 42817 15153635 70 15 15  0  0
113  0 349644 369227680   1720 6599560    0    0     0    39 42817 15153829 70 15 15  0  0
89  0 349644 369156928   1720 6605368    0    0     0    25 43755 15715204 70 16 14  0  0
88  0 349644 369156928   1720 6605368    0    0     0    25 43755 15715130 70 16 14  0  0
115  0 349644 369141664   1720 6610708    0    0     0    23 42354 15112797 70 15 15  0  0
115  0 349644 369141664   1720 6610708    0    0     0    23 42354 15112823 70 15 15  0  0
