CPU_MEM_TOTAL: 394153280
CPUS_ON_NODE: 48
CPUS_ON_NODE: 48
REQUESTED_CPUS: 1
REQUESTED_CPUS: 1
REQUESTED_NODES 1
REQUESTED_NODES 1
NODE_NAME: c301
NODE_NAME: c301
procs -----------memory---------- ---swap-- -----io---- -system-- ------cpu-----
 r  b   swpd   free   buff  cache   si   so    bi    bo   in   cs us sy id wa st
 1  0   7160 380111584   5248 5815352    0    0     1     3    0    0 49  1 50  0  0
procs -----------memory---------- ---swap-- -----io---- -system-- ------cpu-----
 r  b   swpd   free   buff  cache   si   so    bi    bo   in   cs us sy id wa st
 1  0   7160 380111584   5248 5815352    0    0     1     3    0    0 49  1 50  0  0
 0  0   7160 379993024   5248 5877016    0    0     0    13 2374 9099  0  0 100  0  0
 0  0   7160 379993024   5248 5877016    0    0     0    13 2365 9067  0  0 100  0  0
 4  0   7160 377316384   5248 5891912    0    0     0   820 1643 2377  1  0 98  0  0
 2  0   7160 377316384   5248 5891912    0    0     0   820 1644 2378  1  0 98  0  0
 2  0   7160 377315456   5248 5891916    0    0     0     0 1324  503  2  0 98  0  0
 1  0   7160 377315456   5248 5891916    0    0     0     0 1323  502  2  0 98  0  0
 2  0   7160 377311584   5248 5895176    0    0     0    46 1439  893  2  0 98  0  0
 1  0   7160 377311584   5248 5895176    0    0     0    46 1439  893  2  0 98  0  0
 2  0   7160 377308096   5248 5898456    0    0     0     1 1241  515  2  0 98  0  0
 1  0   7160 377308096   5248 5898456    0    0     0     1 1241  515  2  0 98  0  0
 2  0   7160 377304704   5248 5901760    0    0     0     0 1276  540  2  0 98  0  0
 1  0   7160 377304704   5248 5901760    0    0     0     0 1276  540  2  0 98  0  0
 3  0   7160 377304768   5248 5901772    0    0     0    23 1291  478  2  0 98  0  0
 2  0   7160 377304768   5248 5901772    0    0     0    23 1291  478  2  0 98  0  0
 2  0   7160 377301184   5248 5905076    0    0     0     0 1244  482  2  0 98  0  0
 1  0   7160 377301184   5248 5905076    0    0     0     0 1244  482  2  0 98  0  0
 2  0   7160 377297696   5248 5908396    0    0     0     0 1228  493  2  0 98  0  0
 1  0   7160 377297696   5248 5908396    0    0     0     0 1228  493  2  0 98  0  0
 2  0   7160 377293760   5248 5911728    0    0     0    14 1380  763  2  0 98  0  0
 1  0   7160 377293760   5248 5911728    0    0     0    14 1380  763  2  0 98  0  0
 2  0   7160 377290240   5248 5915096    0    0     0     0 1203  431  2  0 98  0  0
 1  0   7160 377290240   5248 5915096    0    0     0     0 1203  431  2  0 98  0  0
 2  0   7160 377286656   5248 5918440    0    0     0     0 1231  495  2  0 98  0  0
 1  0   7160 377286656   5248 5918440    0    0     0     0 1231  495  2  0 98  0  0
 2  0   7160 377283264   5248 5921788    0    0     0     2 1300  502  2  0 98  0  0
 1  0   7160 377283264   5248 5921788    0    0     0     2 1300  502  2  0 98  0  0
 2  0   7160 377280064   5248 5925064    0    0     0     2 1243  460  2  0 98  0  0
 1  0   7160 377280064   5248 5925064    0    0     0     2 1243  460  2  0 98  0  0
 2  0   7160 377279936   5248 5925128    0    0     0     0 1211  401  2  0 98  0  0
 1  0   7160 377279936   5248 5925128    0    0     0     0 1211  401  2  0 98  0  0
 2  0   7160 377277120   5248 5927400    0    0     0     7 1413  786  2  0 98  0  0
 1  0   7160 377277120   5248 5927400    0    0     0     7 1413  786  2  0 98  0  0
 2  0   7160 377276096   5248 5928492    0    0     0     0 1245  446  2  0 98  0  0
 1  0   7160 377276096   5248 5928492    0    0     0     0 1245  446  2  0 98  0  0
 2  0   7160 377272448   5248 5931852    0    0     0     0 1248  485  2  0 98  0  0
 1  0   7160 377272448   5248 5931852    0    0     0     0 1248  485  2  0 98  0  0
 2  0   7160 377268672   5248 5935228    0    0     0     1 1289  511  2  0 98  0  0
 1  0   7160 377268672   5248 5935228    0    0     0     1 1289  511  2  0 98  0  0
 2  0   7160 377265152   5248 5938636    0    0     0     0 1260  491  2  0 98  0  0
 1  0   7160 377265152   5248 5938636    0    0     0     0 1260  491  2  0 98  0  0
 3  0   7160 377261600   5248 5941996    0    0     0     0 1240  474  2  0 98  0  0
 1  0   7160 377261600   5248 5941996    0    0     0     0 1240  474  2  0 98  0  0
 2  0   7160 377257600   5248 5945388    0    0     0    11 1413  805  2  0 98  0  0
 1  0   7160 377257600   5248 5945388    0    0     0    11 1413  804  2  0 98  0  0
 2  0   7160 377254240   5248 5948772    0    0     0     2 1219  431  2  0 98  0  0
 1  0   7160 377254240   5248 5948772    0    0     0     2 1219  431  2  0 98  0  0
 2  0   7160 377250624   5248 5952172    0    0     0     0 1221  449  2  0 98  0  0
 1  0   7160 377250624   5248 5952172    0    0     0     0 1221  449  2  0 98  0  0
 2  0   7160 377247936   5248 5955408    0    0     0     1 1281  486  2  0 98  0  0
 1  0   7160 377247936   5248 5955408    0    0     0     1 1281  486  2  0 98  0  0
 2  0   7160 377247648   5248 5955596    0    0     0     2 1248  426  2  0 98  0  0
 1  0   7160 377247648   5248 5955596    0    0     0     2 1248  426  2  0 98  0  0
 2  0   7160 377243968   5248 5959012    0    0     0     0 1235  442  2  0 98  0  0
 1  0   7160 377243968   5248 5959012    0    0     0     0 1235  442  2  0 98  0  0
 2  0   7160 377242368   5248 5959012    0    0     0    12 2140 3307  2  0 98  0  0
 1  0   7160 377242368   5248 5959012    0    0     0    12 2140 3307  2  0 98  0  0
 2  0   7160 377238816   5248 5962472    0    0     0     0 1260  511  2  0 98  0  0
 1  0   7160 377238816   5248 5962472    0    0     0     0 1260  511  2  0 98  0  0
 3  0   7160 377235232   5248 5965884    0    0     0     0 1256  471  2  0 98  0  0
 2  0   7160 377235232   5248 5965884    0    0     0     0 1256  471  2  0 98  0  0
 2  0   7160 377231456   5248 5969300    0    0     0     9 1324  542  2  0 98  0  0
 1  0   7160 377231456   5248 5969300    0    0     0     9 1324  542  2  0 98  0  0
 2  0   7160 377227840   5248 5972724    0    0     0     1 1248  486  2  0 98  0  0
 1  0   7160 377227840   5248 5972724    0    0     0     1 1248  486  2  0 98  0  0
 2  0   7160 377224288   5248 5976136    0    0     0     0 1250  486  2  0 98  0  0
 1  0   7160 377224288   5248 5976136    0    0     0     0 1250  486  2  0 98  0  0
 2  0   7160 377220832   5248 5979548    0    0     0     9 1422  810  2  0 98  0  0
 1  0   7160 377220832   5248 5979548    0    0     0     9 1422  810  2  0 98  0  0
 2  0   7160 377217248   5248 5982960    0    0     0     0 1245  483  2  0 98  0  0
 1  0   7160 377217248   5248 5982960    0    0     0     0 1245  483  2  0 98  0  0
 1  0   7160 377216320   5248 5983976    0    0     0     0 1244  447  2  0 98  0  0
 0  0   7160 377216320   5248 5983976    0    0     0     0 1244  447  2  0 98  0  0
 2  0   7160 377213696   5248 5986404    0    0     0     4 1276  504  2  0 98  0  0
 1  0   7160 377213696   5248 5986404    0    0     0     4 1275  504  2  0 98  0  0
 2  0   7160 377209984   5248 5989852    0    0     0     0 1263  532  2  0 98  0  0
 1  0   7160 377209984   5248 5989852    0    0     0     0 1263  532  2  0 98  0  0
 2  0   7160 377206400   5248 5993240    0    0     0     0 1236  477  2  0 98  0  0
 1  0   7160 377206400   5248 5993240    0    0     0     0 1236  477  2  0 98  0  0
 2  0   7160 377206432   5248 5993240    0    0     0     7 1404  791  2  0 98  0  0
 1  0   7160 377206432   5248 5993240    0    0     0     7 1404  791  2  0 98  0  0
 2  0   7160 377202784   5248 5996648    0    0     0     1 1219  419  2  0 98  0  0
 1  0   7160 377202784   5248 5996648    0    0     0     1 1219  419  2  0 98  0  0
 2  0   7160 377199168   5248 6000064    0    0     0     0 1213  448  2  0 98  0  0
 1  0   7160 377199168   5248 6000064    0    0     0     0 1213  448  2  0 98  0  0
 2  0   7160 377195520   5248 6003484    0    0     0     1 1271  482  2  0 98  0  0
 1  0   7160 377195520   5248 6003484    0    0     0     1 1271  482  2  0 98  0  0
 2  0   7160 377191872   5248 6006896    0    0     0     0 1220  429  2  0 98  0  0
 1  0   7160 377191872   5248 6006896    0    0     0     0 1220  429  2  0 98  0  0
 2  0   7160 377188224   5248 6010344    0    0     0     0 1217  439  2  0 98  0  0
 1  0   7160 377188224   5248 6010344    0    0     0     0 1217  439  2  0 98  0  0
