CPU_MEM_TOTAL: 394153300
CPUS_ON_NODE: 48
CPUS_ON_NODE: 48
REQUESTED_CPUS: 8
REQUESTED_CPUS: 8
REQUESTED_NODES 1
REQUESTED_NODES 1
NODE_NAME: c231
NODE_NAME: c231
procs -----------memory---------- ---swap-- -----io---- -system-- ------cpu-----
 r  b   swpd   free   buff  cache   si   so    bi    bo   in   cs us sy id wa st
 3  0  47432 350544800     56 35335056    0    0     1     5    0    0 48  1 51  0  0
procs -----------memory---------- ---swap-- -----io---- -system-- ------cpu-----
 r  b   swpd   free   buff  cache   si   so    bi    bo   in   cs us sy id wa st
 0  0  47432 350544800     56 35335056    0    0     1     5    0    0 48  1 51  0  0
 8  0  47432 327862688     56 35442764    0    0     0     2 8656 14416  5  3 85  7  0
 8  0  47432 327862688     56 35442764    0    0     0     2 8649 14383  5  3 85  7  0
 8  0  47432 327852864     56 35444068    0    0     0     1 9876 4618 15  0 84  1  0
 8  0  47432 327852864     56 35444068    0    0     0     1 9876 4618 15  0 84  1  0
 9  0  47432 327853440     56 35444068    0    0     0    22 8779  605 17  0 83  0  0
 8  0  47432 327853440     56 35444068    0    0     0    22 8781  606 17  0 83  0  0
 8  0  47432 327853600     56 35444068    0    0     0   828 8750  619 17  0 83  0  0
 8  0  47432 327853600     56 35444068    0    0     0   828 8750  619 17  0 83  0  0
 8  0  47432 327853568     56 35444068    0    0     0     0 8981 1019 17  0 83  0  0
 8  0  47432 327853568     56 35444068    0    0     0     0 8981 1019 17  0 83  0  0
 9  0  47432 327847616     56 35445944    0    0     0    26 8325  679 15  1 83  1  0
 8  0  47432 327847616     56 35445944    0    0     0    26 8325  679 15  1 83  1  0
 8  0  47432 327847552     56 35445944    0    0     0     0 8765  586 17  0 83  0  0
 8  0  47432 327847552     56 35445944    0    0     0     0 8765  586 17  0 83  0  0
 8  0  47432 327847904     56 35445876    0    0     0     0 8814  638 17  0 83  0  0
 8  0  47432 327847904     56 35445876    0    0     0     0 8814  638 17  0 83  0  0
 8  0  47432 327847776     56 35445876    0    0     0    16 8771  609 17  0 83  0  0
 8  0  47432 327847776     56 35445876    0    0     0    16 8771  609 17  0 83  0  0
 8  0  47432 327846208     56 35445876    0    0     0     0 8835  595 16  1 83  0  0
 8  0  47432 327846208     56 35445876    0    0     0     0 8835  595 16  1 83  0  0
 8  0  47432 327846784     56 35445876    0    0     0     1 9020 1034 17  0 83  0  0
 9  0  47432 327846784     56 35445876    0    0     0     1 9020 1034 17  0 83  0  0
 8  0  47432 327846976     56 35445876    0    0     0     1 8768  587 17  0 83  0  0
 8  0  47432 327846976     56 35445876    0    0     0     1 8768  587 17  0 83  0  0
 8  0  47432 327846976     56 35445876    0    0     0     0 8744  595 17  0 83  0  0
 8  0  47432 327846976     56 35445876    0    0     0     0 8744  595 17  0 83  0  0
 8  0  47432 327845408     56 35447076    0    0     0     0 8621  626 16  1 83  0  0
 8  0  47432 327845408     56 35447076    0    0     0     0 8621  626 16  1 83  0  0
 8  0  47432 327843168     56 35449296    0    0     0     6 8703  672 16  0 83  0  0
 8  0  47432 327843168     56 35449296    0    0     0     6 8708  673 16  0 83  0  0
 8  0  47432 327839584     56 35452660    0    0     0     0 8784  674 16  0 83  0  0
 8  0  47432 327839584     56 35452660    0    0     0     0 8791  674 16  0 83  0  0
 8  0  47432 327836160     56 35456032    0    0     0     0 9015 1102 17  0 83  0  0
 8  0  47432 327836160     56 35456032    0    0     0     0 9014 1102 17  0 83  0  0
 9  0  47432 327832320     56 35459400    0    0     0     2 8709  673 16  0 83  0  0
 8  0  47432 327832320     56 35459400    0    0     0     2 8705  672 16  0 83  0  0
 8  0  47432 327828576     56 35462784    0    0     0     0 8558  673 17  0 83  0  0
 9  0  47432 327828576     56 35462784    0    0     0     0 8552  672 17  0 83  0  0
 9  0  47432 327824832     56 35466152    0    0     0     1 8587  702 17  0 83  0  0
 8  0  47432 327824832     56 35466152    0    0     0     1 8593  703 17  0 83  0  0
 8  0  47432 327821280     56 35469524    0    0     0     6 8530  679 17  0 83  0  0
 8  0  47432 327821280     56 35469524    0    0     0     6 8530  678 17  0 83  0  0
 8  0  47432 327815744     56 35472924    0    0     0     0 8552  656 16  0 83  0  0
 8  0  47432 327815744     56 35472924    0    0     0     0 8552  656 16  0 83  0  0
 8  0  47432 327813760     56 35475220    0    0     0     0 8762 1098 17  0 83  0  0
 8  0  47432 327813760     56 35475220    0    0     0     0 8763 1098 17  0 83  0  0
 8  0  47432 327812608     56 35476308    0    0     0     5 8532  627 17  0 83  0  0
 8  0  47432 327812608     56 35476308    0    0     0     5 8532  626 17  0 83  0  0
 8  0  47432 327809120     56 35479680    0    0     0     0 8561  673 17  0 83  0  0
 8  0  47432 327809120     56 35479680    0    0     0     0 8558  673 17  0 83  0  0
 8  0  47432 327809312     56 35479688    0    0     0     0 8663  671 17  0 83  0  0
 8  0  47432 327809312     56 35479688    0    0     0     0 8663  671 17  0 83  0  0
 8  0  47432 327809536     56 35479688    0    0     0     6 8796  606 17  0 83  0  0
 8  0  47432 327809536     56 35479688    0    0     0     6 8796  606 17  0 83  0  0
 9  0  47432 327809440     56 35479688    0    0     0     0 8761  591 17  0 83  0  0
 8  0  47432 327809440     56 35479688    0    0     0     0 8765  593 17  0 83  0  0
 8  0  47432 320765952     56 35479688    0    0     0     2 9663 4275 16  1 83  0  0
 9  0  47432 320765952     56 35479688    0    0     0     2 9662 4274 16  1 83  0  0
 8  0  47432 327803040     56 35479688    0    0     0     1 8741  605 17  0 83  0  0
 8  0  47432 327803040     56 35479688    0    0     0     1 8741  605 17  0 83  0  0
 8  0  47432 327803040     56 35479688    0    0     0     0 8756  595 17  0 83  0  0
 8  0  47432 327803040     56 35479688    0    0     0     0 8757  595 17  0 83  0  0
 9  0  47432 327803264     56 35479688    0    0     0     0 8809  629 17  0 83  0  0
 9  0  47432 327803264     56 35479688    0    0     0     0 8805  628 17  0 83  0  0
 8  0  47432 320765952     56 35479688    0    0     0    10 8774  615 16  1 83  0  0
 8  0  47432 320765952     56 35479688    0    0     0    10 8784  616 16  1 83  0  0
 8  0  47432 327802880     56 35479688    0    0     0     0 8760  594 17  0 83  0  0
 8  0  47432 327802880     56 35479688    0    0     0     0 8761  594 17  0 83  0  0
 8  0  47432 327803360     56 35479692    0    0     0     0 8991 1026 17  0 83  0  0
 8  0  47432 327803360     56 35479692    0    0     0     0 8990 1026 17  0 83  0  0
 8  0  47432 327803424     56 35479692    0    0     0     8 8740  589 17  0 83  0  0
 8  0  47432 327803424     56 35479692    0    0     0     8 8740  590 17  0 83  0  0
 8  0  47432 320766304     56 35479692    0    0     0     0 8757  598 16  1 83  0  0
 9  0  47432 320766304     56 35479692    0    0     0     0 8758  598 16  1 83  0  0
 8  0  47432 327799424     56 35483060    0    0     0     1 8877  665 16  1 83  0  0
 8  0  47432 327799424     56 35483060    0    0     0     1 8877  665 16  1 83  0  0
 8  0  47432 327813248     56 35469968    0    0     0     6 8781  677 17  0 83  0  0
 8  0  47432 327813248     56 35469968    0    0     0     6 8782  678 17  0 83  0  0
25  0  47432 326615552     56 36152632    0    0     0     1 21219 27259 20  1 78  1  0
25  0  47432 326615520     56 36152632    0    0     0     1 21254 27295 20  1 78  1  0
24  0  47432 325547968     56 37117548    0    0     0     0 43557 97680 32  3 64  1  0
26  0  47432 325544064     56 37117548    0    0     0     0 43583 97756 32  3 64  1  0
18  0  47432 324547008     56 38095136    0    0     0    21 51735 117937 37  3 59  0  0
26  0  47432 324496960     56 38139992    0    0     0    21 51711 117836 37  3 59  0  0
10  0  47432 324336960     56 38470220    0    0     0     8 50251 112094 38  3 59  0  0
19  0  47432 324465536     56 38470220    0    0     0     8 50292 112298 38  3 59  0  0
25  0  47432 324015264     56 38738996    0    0     0    90 51566 99013 37  3 60  0  0
29  0  47432 323928128     56 38738996    0    0     0    90 51565 98852 37  3 60  0  0
12  0  47432 324108160     56 38807716    0    0     0    88 52177 103245 37  3 60  0  0
18  0  47432 323963808     56 38808292    0    0     0    88 52213 103386 37  3 60  0  0
 9  0  47432 323747296     56 39241280    0    0     0     0 41537 75041 26  3 71  0  0
 9  0  47432 323747168     56 39241784    0    0     0     0 41452 74884 26  3 71  0  0
10  0  47432 323296256     56 39646192    0    0     0   111 41755 79853 17  3 80  0  0
11  0  47432 323296704     56 39646192    0    0     0   111 41781 79912 17  3 80  0  0
10  0  47432 322927424     56 39989124    0    0     0   103 46104 82845 17  3 80  0  0
 9  0  47432 322927488     56 39989124    0    0     0   103 46113 82832 17  3 80  0  0
10  0  47432 322646272     56 40249780    0    0     0     1 44257 81352 17  3 79  0  0
11  0  47432 322647008     56 40249780    0    0     0     1 44248 81396 17  3 79  0  0
10  0  47432 322204160     56 40663352    0    0     0   193 46109 87942 18  3 79  0  0
12  0  47432 322203648     56 40663352    0    0     0   193 46072 87865 18  3 79  0  0
11  0  47432 321950304     56 40897976    0    0     0    41 47814 90080 18  3 80  0  0
10  0  47432 321950304     56 40897976    0    0     0    41 47848 90133 18  3 80  0  0
10  0  47432 321777792     56 41059464    0    0     0     0 44243 81915 18  3 79  0  0
10  0  47432 321777792     56 41059464    0    0     0     0 44266 81932 18  3 79  0  0
14  0  47432 321630528     56 41130736    0    0     0   192 49073 102691 17  5 78  0  0
14  0  47432 321632288     56 41130736    0    0     0   192 49067 102717 17  5 78  0  0
15  0  47432 321558464     56 41200108    0    0     0   221 72634 202753 19  9 72  0  0
13  0  47432 321559264     56 41200108    0    0     0   221 72678 202851 19  9 72  0  0
14  0  47432 321105152     56 41621436    0    0     0   233 74201 186890 19  8 72  0  0
14  0  47432 321099648     56 41623956    0    0     0   233 74204 186915 19  8 72  0  0
13  0  47432 320353248     56 42314732    0    0     0   195 68808 201557 19  9 72  0  0
16  0  47432 320355744     56 42314732    0    0     0   195 68813 201574 19  9 72  0  0
16  0  47432 312400800     56 43158704    0    0     0   272 74361 221418 18 11 70  0  0
14  0  47432 312399136     56 43158704    0    0     0   272 74361 221436 18 11 70  0  0
13  0  47432 318970304     56 43592052    0    0     0   306 77002 224274 19 10 70  0  0
12  0  47432 318969024     56 43592052    0    0     0   306 77048 224449 19 10 70  0  0
13  0  47432 318887264     56 43669976    0    0     0   144 73163 213082 20 10 70  0  0
13  0  47432 318886208     56 43669976    0    0     0   144 73154 212999 20 10 70  0  0
13  0  47432 318019776     56 44477960    0    0     0   246 73149 216484 19 10 70  0  0
14  0  47432 318019488     56 44477960    0    0     0   246 73145 216482 19 10 70  0  0
15  0  47432 310682144     56 44758596    0    0     0   188 72568 211182 18 10 71  0  0
14  0  47432 310681088     56 44758596    0    0     0   188 72557 211087 18 10 71  0  0
13  0  47432 317433824     56 45018048    0    0     0    82 67971 185418 19  9 72  0  0
15  0  47432 317435840     56 45018048    0    0     0    82 67947 185421 19  9 72  0  0
14  0  47432 317429632     56 45024588    0    0     0   163 72646 209866 19 10 71  0  0
17  0  47432 317427904     56 45024588    0    0     0   163 72644 209851 19 10 71  0  0
17  0  47432 317425504     56 45029904    0    0     0   197 72688 207189 19 10 71  0  0
15  0  47432 317425504     56 45029904    0    0     0   197 72731 207284 19 10 71  0  0
13  1  47432 317417504     56 45034460    0    0     0   147 70899 190825 19 10 71  0  0
13  1  47432 317417376     56 45034460    0    0     0   147 70961 191026 19 10 71  0  0
13  0  47432 317411424     56 45038452    0    0     0   148 70320 188646 19 10 71  0  0
16  0  47432 317413504     56 45038456    0    0     0   148 70369 188764 19 10 71  0  0
13  0  47432 317417568     56 45040760    0    0     0   410 74311 211298 19 10 70  0  0
13  0  47432 317416320     56 45040760    0    0     0   410 74327 211490 19 10 70  0  0
23  0  47432 317321024     56 44957428    0    0     0   966 72652 203652 22  9 70  0  0
24  0  47432 317320768     56 44957428    0    0     0   966 72677 203595 22  9 70  0  0
10  1  47432 317604384     56 44870288    0    0     0   585 73657 198322 23  8 69  0  0
13  1  47432 317606208     56 44870308    0    0     0   585 73656 198340 23  8 69  0  0
12  1  47432 317504384     56 44908488    0    0     0   310 61604 150007 19  8 72  2  0
13  1  47432 317507616     56 44908492    0    0     0   310 61636 150030 19  8 72  2  0
15  0  47432 317454144     56 44933368    0    0     0   480 62006 155611 19  8 72  1  0
14  0  47432 317453600     56 44933368    0    0     0   480 62043 155626 19  8 72  1  0
15  0  47432 317125792     56 44855808    0    0     0   437 74346 197408 24  9 67  0  0
15  0  47432 317127328     56 44855840    0    0     0   437 74391 197593 24  9 67  0  0
22  0  47432 316943936     56 44679524    0    0     0   449 86915 239914 23  9 68  0  0
22  0  47432 316945440     56 44679620    0    0     0   449 87632 242247 23  9 68  0  0
22  0  47432 316818624     56 44579552    0    0     0   912 79890 214927 24  8 68  0  0
24  0  47432 316820032     56 44579632    0    0     0   912 79481 213398 24  8 68  0  0
15  0  47432 316760832     56 44527068    0    0     0  4238 55003 122115 25  5 70  0  0
14  0  47432 316746496     56 44527068    0    0     0  4238 54692 121032 25  5 70  0  0
16  0  47432 316793632     56 44523500    0    0     0  1480 106339 283576 34  5 60  0  0
14  0  47432 316780384     56 44523500    0    0     0  1480 106291 283454 34  5 60  0  0
25  0  47432 316451424     56 44528580    0    0     0  1852 97151 264242 30  5 64  0  0
23  0  47432 316447296     56 44528580    0    0     0  1858 97651 265553 30  5 64  0  0
14  0  47432 315182528     56 44549444    0    0     0  2450 46383 81348 28  3 68  0  0
13  0  47432 315177152     56 44549444    0    0     0  2443 45818 79944 28  3 68  0  0
19  0  47432 314730272     56 44570608    0    0     0  1500 110112 293352 37  5 58  0  0
19  0  47432 314720928     56 44570612    0    0     0  1543 110209 293477 37  5 58  0  0
13  0  47432 314653056     56 44603872    0    0     0  5302 57832 149448 36  2 62  0  0
13  0  47432 314647136     56 44603880    0    0     0  5258 57708 149238 36  2 62  0  0
14  0  47432 314054848     56 44635004    0    0     0  3827 39743 77038 34  2 65  0  0
15  0  47432 314053184     56 44635044    0    0     0  3915 39741 77044 34  2 65  0  0
22  0  47432 314104992     56 44639880    0    0     0  5873 49000 94199 34  3 63  0  0
24  0  47432 314103040     56 44639932    0    0     0  5785 49214 94626 34  3 63  0  0
14  0  47432 313995904     56 44672268    0    0     0  5708 46402 96159 37  2 62  0  0
14  0  47432 313986048     56 44672284    0    0     0  5757 46159 95647 37  2 62  0  0
11  0  47432 313796032     56 44678604    0    0     0  3620 37082 86228 34  2 64  0  0
11  0  47432 313795584     56 44678604    0    0     0  3612 37080 86218 34  2 64  0  0
11  0  47432 314144608     56 44688840    0    0     0  4944 34662 59396 29  1 69  0  0
13  0  47432 314144448     56 44689536    0    0     0  4903 34666 59474 29  1 69  0  0
13  0  47432 313737280     56 44730280    0    0     0  4068 40972 81899 34  3 63  0  0
13  0  47432 313739136     56 44728496    0    0     0  4105 40984 81913 35  3 63  0  0
16  0  47432 313877152     56 44733372    0    0     0  3185 31952 52478 31  1 68  0  0
16  0  47432 313871776     56 44733392    0    0     0  3171 31951 52406 31  1 68  0  0
13  0  47432 313888448     56 44759488    0    0     0  6324 45305 88957 36  2 62  0  0
12  0  47432 313882944     56 44758132    0    0     0  6322 45447 89491 36  2 62  0  0
13  0  47432 313634720     56 44808232    0    0     0  3376 45071 129036 36  2 62  0  0
12  0  47432 313633600     56 44808580    0    0     0  3360 44983 128633 36  2 62  0  0
17  0  47432 313795360     56 44811932    0    0     0  3975 34166 62558 31  1 67  0  0
17  0  47432 313793440     56 44812436    0    0     0  3997 34362 62941 31  1 67  0  0
13  0  47432 313625216     56 44838760    0    0     0  5741 47333 89849 36  2 62  0  0
12  0  47432 313643648     56 44838768    0    0     0  5768 47089 89340 36  2 62  0  0
24  0  47432 313553280     56 44891156    0    0     0  3274 38870 80647 34  2 65  0  0
24  0  47432 313550400     56 44892164    0    0     0  3236 39193 82285 34  2 64  0  0
15  0  47432 313672288     56 44895344    0    0     0  5190 45188 119751 33  2 65  0  0
19  0  47432 313664672     56 44895904    0    0     0  5183 45208 118952 33  2 65  0  0
18  0  47432 313478880     56 44926784    0    0     0  4598 63105 156585 38  3 59  0  0
17  0  47432 313476608     56 44927124    0    0     0  4657 62907 156160 38  3 59  0  0
17  0  47432 313426912     56 44966220    0    0     0  4343 60849 153865 35  3 63  0  0
20  0  47432 313423456     56 44966312    0    0     0  4362 61100 156269 35  3 63  0  0
15  0  47432 313351520     56 45160996    0    0     0  4871 53219 131712 34  2 64  0  0
15  0  47432 313350112     56 45161096    0    0     0  4793 52915 129020 34  2 64  0  0
12  0  47432 313330240     56 45186440    0    0     0  5654 43239 88242 36  2 63  0  0
12  0  47432 313328928     56 45186700    0    0     0  5676 43232 88316 36  2 63  0  0
18  0  47432 313118880     56 45225420    0    0     0  3883 44248 89432 35  2 63  0  0
18  0  47432 313114528     56 45227496    0    0     0  4025 44413 89776 35  2 63  0  0
17  0  47432 313294144     56 45232892    0    0     0  4273 37372 70193 33  1 66  0  0
17  0  47432 313280640     56 45233396    0    0     0  4099 37432 70235 33  2 66  0  0
12  0  47432 313379200     56 45260692    0    0     0  6217 49247 86038 36  2 62  0  0
12  0  47432 313376992     56 45262348    0    0     0  6218 49105 86188 36  2 63  0  0
12  0  47432 313037120     56 45291732    0    0     0  3455 43389 88275 35  2 63  0  0
12  0  47432 313035680     56 45293064    0    0     0  3454 43290 87719 35  2 63  0  0
17  0  47432 313167552     56 45302016    0    0     0  4185 37326 58088 33  1 66  0  0
14  0  47432 313182976     56 45303700    0    0     0  4196 37349 57992 33  1 66  0  0
17  0  47432 313012256     56 45338080    0    0     0  4438 47451 96004 35  2 64  0  0
18  0  47432 313012960     56 45338368    0    0     0  4493 47398 95899 35  2 64  0  0
14  0  47432 313114336     56 45341396    0    0     0  3821 35241 58898 32  1 66  0  0
14  0  47432 313111616     56 45341716    0    0     0  3780 35209 58889 32  1 67  0  0
11  0  47432 313168736     56 45371600    0    0     0  5757 43868 83154 32  2 66  0  0
11  0  47432 313167456     56 45371616    0    0     0  5756 43885 83215 32  2 66  0  0
14  0  47432 312907360     56 45398508    0    0     0  3418 39575 84874 35  2 64  0  0
13  0  47432 312901120     56 45399552    0    0     0  3572 39605 84927 35  2 64  0  0
11  0  47432 313112800     56 45401948    0    0     0  4205 28515 45123 26  1 73  0  0
11  0  47432 313113536     56 45401948    0    0     0  4029 28462 45024 26  1 73  0  0
19  0  47432 312664800     56 45467696    0    0     0  2728 42758 85172 36  2 62  0  0
17  0  47432 312664608     56 45466488    0    0     0  2951 43023 85639 36  2 62  0  0
26  0  47432 312901056     56 45529180    0    0     0  4481 38789 62907 32  3 65  0  0
22  0  47432 312893440     56 45533476    0    0     0  4258 39097 63645 32  3 65  0  0
13  0  47432 312555424     56 45584664    0    0     0  5038 41955 86675 35  2 64  0  0
13  0  47432 312554752     56 45585828    0    0     0  5118 41562 85906 34  2 64  0  0
19  0  47432 312956992     56 45625844    0    0     0  2707 42333 80063 35  2 64  0  0
20  0  47432 312937984     56 45628360    0    0     0  2799 42565 80482 35  2 64  0  0
22  0  47432 312889888     56 45657424    0    0     0  4881 47807 104422 36  2 62  0  0
20  0  47432 313058912     56 45658332    0    0     0  4748 47917 104929 36  2 62  0  0
18  0  47432 313007936     56 45697244    0    0     0  3827 47894 103596 37  2 61  0  0
19  0  47432 312997376     56 45699752    0    0     0  3790 47870 103604 37  2 61  0  0
33  0  47432 312565376     56 45735880    0    0     0  2464 36861 81577 35  2 63  0  0
27  0  47432 312561664     56 45736300    0    0     0  2462 36899 81488 35  2 63  0  0
25  0  47432 312740960     56 45735404    0    0     0  3733 32230 48274 33  2 65  0  0
19  0  47432 312740736     56 45735412    0    0     0  3733 31997 47331 33  2 65  0  0
17  0  47432 312628480     56 45782152    0    0     0  4087 40208 70351 37  2 61  0  0
21  0  47432 312634720     56 45776556    0    0     0  4087 40121 70332 37  2 61  0  0
22  0  47432 312905312     56 45815448    0    0     0  2109 35256 67758 34  2 64  0  0
26  0  47432 312901536     56 45815668    0    0     0  2120 35690 68796 34  2 63  0  0
14  0  47432 314387872     56 45801636    0    0     0  2979 39999 67625 32  3 66  0  0
14  0  47432 314388608     56 45800900    0    0     0  2968 39393 66287 31  3 66  0  0
19  0  47432 313829088     56 45877200    0    0     0  1423 46659 92045 35  4 61  0  0
17  0  47432 313807040     56 45878508    0    0     0  1423 46754 92149 35  4 61  0  0
17  0  47432 312949632     56 45889612    0    0     0   472 22164 17235 31  2 67  0  0
16  0  47432 312951648     56 45885956    0    0     0   472 22081 17100 31  2 67  0  0
19  0  47432 312989408     56 45888832    0    0     0  1038 23947 24127 32  2 66  0  0
16  0  47432 313057440     56 45889836    0    0     0  1050 23984 24197 32  2 66  0  0
16  0  47432 313362240     56 45921908    0    0     0   276 20215 9552 30  3 68  0  0
16  0  47432 313359872     56 45921908    0    0     0   263 20185 9513 30  3 68  0  0
16  0  47432 313045184     56 45928972    0    0     0    54 36164 55471 32  3 65  0  0
16  0  47432 313044160     56 45928972    0    0     0    54 36169 55505 32  3 65  0  0
16  0  47432 306005184     56 45909720    0    0     0    80 18260 4363 30  3 67  0  0
16  0  47432 306005184     56 45909728    0    0     0    80 18269 4336 30  3 67  0  0
16  0  47432 313046496     56 45909760    0    0     0    48 17988 3493 31  3 66  0  0
17  0  47432 313046496     56 45909760    0    0     0    48 17993 3483 31  3 66  0  0
16  0  47432 313092256     56 45866144    0    0     0    26 17671 2899 30  3 67  0  0
16  0  47432 313092448     56 45865688    0    0     0    48 17685 2893 30  3 67  0  0
16  0  47432 313107968     56 45850776    0    0     0    79 17627 2789 30  3 67  0  0
16  0  47432 313107968     56 45850780    0    0     0    56 17629 2765 30  3 67  0  0
16  0  47432 306095360     56 45828116    0    0     0    47 17678 2889 30  4 67  0  0
16  0  47432 306095712     56 45827748    0    0     0    47 17671 2876 30  4 67  0  0
16  0  47432 313935552     56 45068588    0    0     0    45 17778 2847 30  3 67  0  0
16  0  47432 313936992     56 45066744    0    0     0    45 17799 2860 30  3 67  0  0
16  0  47432 313937568     56 45066084    0    0     0    59 17588 2747 30  3 67  0  0
16  0  47432 313937728     56 45066084    0    0     0    59 17587 2746 30  3 67  0  0
17  0  47432 313938144     56 45066116    0    0     0    45 17754 3132 31  3 66  0  0
16  0  47432 313938144     56 45066116    0    0     0    45 17747 3122 31  3 66  0  0
16  0  47432 306900608     56 45066072    0    0     0    47 17950 3434 30  3 67  0  0
16  0  47432 306900640     56 45066072    0    0     0    47 17957 3452 30  3 67  0  0
43  0  47432 313926368     56 45069696    0    0     0    50 18892 1496967 31  4 65  0  0
43  0  47432 313926400     56 45069700    0    0     0    50 18949 1566629 31  4 65  0  0
43  0  47432 313921824     56 45073208    0    0     0    47 21204 3514420 32  7 62  0  0
43  0  47432 313922272     56 45073280    0    0     0    47 21200 3498704 32  7 62  0  0
70  0  47432 313904928     56 45076776    0    0     0    47 24770 11142386 32 16 52  0  0
71  0  47432 313904992     56 45076776    0    0     0    47 24841 11219785 32 16 52  0  0
98  0  47432 313901248     56 45080272    0    0     0    53 25334 11239573 33 16 51  0  0
97  0  47432 313901760     56 45080288    0    0     0    53 25400 11313231 33 16 51  0  0
98  0  47432 313897280     56 45083880    0    0     0    45 25695 11466690 33 17 50  0  0
70  0  47432 313897312     56 45083884    0    0     0    45 25697 11464334 33 16 50  0  0
97  0  47432 313892416     56 45087416    0    0     0    47 25548 10530774 34 15 51  0  0
97  0  47432 313892448     56 45087416    0    0     0    47 25572 10539796 34 15 51  0  0
96  0  47432 314013952     56 45185900    0    0     0    49 29295 14073237 32 19 49  0  0
96  0  47432 314013504     56 45185976    0    0     0    49 29305 14104040 32 19 49  0  0
177  0  47432 314004224     56 45187300    0    0     0    47 29475 18758363 32 24 44  0  0
177  0  47432 314003968     56 45187300    0    0     0    47 29574 18986297 33 24 43  0  0
150  0  47432 313999680     56 45190828    0    0     0    47 32105 23172323 33 30 37  0  0
150  0  47432 313999712     56 45190832    0    0     0    47 32079 23032781 33 30 37  0  0
177  0  47432 313997216     56 45194424    0    0     0    53 31872 20672466 35 27 38  0  0
177  0  47432 313997600     56 45194440    0    0     0    53 31903 20741024 35 27 38  0  0
150  0  47432 313993568     56 45198136    0    0     0    57 32124 19255112 36 26 38  0  0
150  0  47432 313993440     56 45198144    0    0     0    57 32077 19187279 36 26 39  0  0
174  0  47432 313870656     56 45154620    0    0     0    50 32542 23284003 35 29 36  0  0
150  0  47432 313870848     56 45153596    0    0     0    50 32516 23300950 35 29 36  0  0
150  0  47432 313799104     56 45153532    0    0     0    29 32398 21596087 36 28 36  0  0
177  0  47432 313793024     56 45153540    0    0     0    53 32412 21562527 36 28 36  0  0
204  0  47432 313709376     56 45153716    0    0     0    47 33987 24454951 36 31 33  0  0
178  0  47432 313709376     56 45153716    0    0     0    24 33990 24531729 36 31 33  0  0
205  0  47432 304035168     56 45153800    0    0     0    45 34418 27073694 34 34 32  0  0
204  0  47432 309394848     56 45153800    0    0     0    45 34459 27176194 34 34 32  0  0
177  0  47432 313708384     56 45153928    0    0     0    89 34715 29011498 33 36 31  0  0
177  0  47432 313708352     56 45153932    0    0     0    89 34685 28902199 33 35 31  0  0
124  0  47432 313541024     56 45154084    0    0     0    45 33859 24526251 34 31 35  0  0
147  0  47432 313540800     56 45154084    0    0     0    45 33782 24421749 34 30 35  0  0
150  0  47432 313541344     56 45154092    0    0     0    50 34865 29746119 34 36 30  0  0
150  0  47432 313541344     56 45154092    0    0     0    50 34984 29968396 34 36 30  0  0
124  0  47432 303840480     56 45154936    0    0     0    48 36549 30123045 33 38 29  0  0
151  0  47432 307748992     56 45154936    0    0     0    48 36495 29991484 33 38 29  0  0
204  0  47432 313497632     56 45158268    0    0     0    63 35571 30483743 33 38 30  0  0
204  0  47432 313497632     56 45158268    0    0     0    63 35598 30603651 33 38 30  0  0
150  0  47432 313485376     56 45158312    0    0     0    47 34260 27882534 33 35 32  0  0
150  0  47432 313483872     56 45158312    0    0     0    47 34177 27682771 33 35 32  0  0
123  0  47432 313285248     56 45158396    0    0     0    80 31584 21383113 34 29 37  0  0
150  0  47432 313281728     56 45158396    0    0     0    80 31624 21370563 34 29 38  0  0
204  0  47432 303499552     56 45158408    0    0     0    45 34850 27243002 34 36 31  0  0
204  0  47432 303497152     56 45158408    0    0     0    45 34847 27367735 34 36 31  0  0
150  0  47432 313133920     56 45161832    0    0     0    57 33341 25031025 33 33 34  0  0
150  0  47432 313132416     56 45161832    0    0     0    57 33342 24993847 33 33 34  0  0
150  0  47432 312962624     56 45165252    0    0     0    55 32403 25396385 33 31 36  0  0
123  0  47432 312960608     56 45165252    0    0     0    55 32371 25390765 33 31 36  0  0
204  0  47432 312836352     56 45168632    0    0     0    47 33582 27939954 33 34 33  0  0
204  0  47432 312836352     56 45168632    0    0     0    47 33662 28036715 33 34 33  0  0
177  0  47432 312833920     56 45172056    0    0     0    48 35219 31087190 33 38 29  0  0
178  0  47432 312833920     56 45172060    0    0     0    48 35178 31032404 33 38 29  0  0
185  1  47432 312831840     56 45174132    0    0     0    73 34411 29820819 32 37 31  0  0
204  1  47432 312831584     56 45174400    0    0     0    73 34448 29912245 32 37 31  0  0
204  0  47432 312830016     56 45175504    0    0     0    46 34907 30403621 33 37 30  0  0
178  0  47432 312830016     56 45175504    0    0     0    46 34925 30398162 33 37 30  0  0
177  0  47432 312826528     56 45178884    0    0     0    48 35162 29525283 34 36 30  0  0
177  0  47432 312826528     56 45178884    0    0     0    48 35131 29496851 34 36 30  0  0
186  0  47432 312850272     56 45180928    0    0     0    49 34467 29439842 33 36 31  0  0
204  0  47432 312850240     56 45180928    0    0     0    49 34487 29470229 33 36 31  0  0
205  0  47432 312891296     56 45201628    0    0     0    46 36813 30651575 32 38 30  0  0
204  0  47432 312891296     56 45201628    0    0     0    46 36813 30672293 32 38 30  0  0
123  0  47432 312888960     56 45204996    0    0     0    23 34729 31129311 32 38 30  0  0
150  0  47432 312888960     56 45204996    0    0     0    23 34640 30957827 32 38 31  0  0
150  0  47432 312885280     56 45208324    0    0     0    62 34579 29800961 33 37 31  0  0
178  0  47432 312885280     56 45208324    0    0     0    62 34686 29943441 33 37 31  0  0
177  0  47432 312884640     56 45208324    0    0     0    45 34749 30405234 32 37 31  0  0
201  0  47432 312884640     56 45208324    0    0     0    45 34737 30427159 32 37 31  0  0
177  0  47432 312915104     56 45205652    0    0     0    47 34502 30491058 32 37 31  0  0
204  0  47432 312915104     56 45205652    0    0     0    47 34473 30446321 32 37 31  0  0
177  0  47432 312915136     56 45205652    0    0     0    50 34595 31207907 32 38 30  0  0
150  0  47432 312915168     56 45205652    0    0     0    50 34543 31140791 32 38 31  0  0
150  0  47432 312915328     56 45205664    0    0     0    47 34160 30533225 32 36 32  0  0
150  0  47432 312915328     56 45205664    0    0     0    47 34157 30492179 32 36 32  0  0
201  0  47432 312930368     56 45204332    0    0     0    47 34565 30498893 32 38 31  0  0
206  0  47432 312930368     56 45204332    0    0     0    47 34632 30656556 32 38 30  0  0
177  0  47432 312930336     56 45204332    0    0     0    65 34863 30732770 33 37 30  0  0
177  0  47432 312930336     56 45204332    0    0     0    65 34861 30703512 33 37 30  0  0
177  0  47432 312929792     56 45204332    0    0     0    45 34335 30486542 32 36 31  0  0
177  0  47432 312929792     56 45204332    0    0     0    45 34289 30425035 32 36 31  0  0
147  0  47432 312929792     56 45204332    0    0     0    47 34623 31087446 32 38 30  0  0
177  0  47432 312929792     56 45204332    0    0     0    47 34646 31109113 32 38 30  0  0
177  0  47432 312929376     56 45204332    0    0     0    58 34684 30491211 32 38 30  0  0
205  0  47432 312929376     56 45204332    0    0     0    58 34719 30531100 32 38 30  0  0
205  0  47432 312814656     56 45205464    0    0     0    48 35105 31043336 32 37 30  0  0
151  0  47432 312814656     56 45205464    0    0     0    48 35095 31033195 32 37 30  0  0
183  0  47432 312734336     56 45218780    0    0     0    47 38054 30830914 34 38 29  0  0
177  0  47432 312727776     56 45218780    0    0     0    47 38134 30774224 34 38 29  0  0
178  0  47432 312665760     56 45219016    0    0     0    55 35484 30128480 34 37 29  0  0
205  0  47432 312665760     56 45219016    0    0     0    55 35434 30208650 34 37 29  0  0
205  0  47432 312660000     56 45222444    0    0     0    45 36571 31227252 33 39 28  0  0
151  0  47432 312660032     56 45222444    0    0     0    45 36527 31184088 33 39 28  0  0
205  0  47432 312656704     56 45225816    0    0     0    50 35768 30080771 35 37 28  0  0
205  0  47432 312656736     56 45225816    0    0     0    50 35790 30110842 35 37 28  0  0
205  0  47432 312654464     56 45228132    0    0     0    60 35488 30626692 34 37 29  0  0
178  0  47432 312654464     56 45228132    0    0     0    60 35469 30560172 34 37 29  0  0
202  0  47432 312653440     56 45229236    0    0     0    47 35963 29901470 36 36 28  0  0
178  0  47432 312653440     56 45229236    0    0     0    47 36017 29979546 36 36 28  0  0
125  0  47432 312636928     56 45214752    0    0     0    47 33389 26335129 33 33 34  0  0
178  0  47432 312636928     56 45214752    0    0     0    47 33273 26167476 33 33 34  0  0
151  0  47432 312636864     56 45162724    0    0     0    64 33137 25640265 34 32 34  0  0
178  0  47432 312636864     56 45162724    0    0     0    64 33180 25659910 34 32 34  0  0
151  0  47432 312646912     56 45166116    0    0     0    48 35476 27987936 36 35 29  0  0
151  0  47432 312646912     56 45166116    0    0     0    48 35473 28040450 36 35 29  0  0
151  0  47432 312643232     56 45169508    0    0     0    24 34337 26670388 35 34 31  0  0
178  0  47432 312641952     56 45169508    0    0     0    46 34346 26632503 35 34 31  0  0
179  0  47432 312607360     56 45173228    0    0     0    47 32821 24527713 35 31 35  0  0
178  0  47432 312607360     56 45173228    0    0     0    25 32830 24546527 35 31 35  0  0
152  0  47432 312562752     56 45176612    0    0     0    51 34048 26493184 35 32 32  0  0
124  0  47432 312562752     56 45176612    0    0     0    51 34004 26474357 35 32 32  0  0
151  0  47432 312553600     56 45180004    0    0     0    47 34528 27660783 35 34 31  0  0
179  0  47432 312553088     56 45180004    0    0     0    47 34540 27674068 35 34 31  0  0
97  0  47432 312548128     56 45111544    0    0     0    53 32333 24872483 33 31 36  0  0
124  0  47432 312548128     56 45110032    0    0     0    53 32259 24734172 33 30 36  0  0
151  0  47432 312589344     56 44966972    0    0     0    45 31192 20828697 33 28 39  0  0
151  0  47432 312589344     56 44965964    0    0     0    45 31233 20897316 33 28 39  0  0
98  0  47432 312550720     56 44889296    0    0     0    47 30404 20872374 34 26 40  0  0
70  0  47432 312550720     56 44888792    0    0     0    47 30337 20777983 34 26 40  0  0
150  0  47432 313545088     56 44728228    0    0     0    75 31452 20611348 33 27 41  0  0
98  0  47432 313568640     56 44704540    0    0     0    75 31737 20716777 33 27 40  0  0
150  0  47432 313577984     56 44655328    0    0     0    42 31300 19682580 32 26 42  0  0
70  0  47432 313576960     56 44655328    0    0     0    42 31028 19629103 32 26 42  0  0
123  0  47432 313465344     56 44655644    0    0     0    39 26317 16602890 30 22 48  0  0
97  0  47432 313464352     56 44655644    0    0     0    39 26324 16584126 30 22 48  0  0
149  0  47432 313632896     56 44661760    0    0     0    48 26968 15704280 32 20 48  0  0
123  0  47432 313632736     56 44661760    0    0     0    48 27075 15810739 32 20 48  0  0
95  0  47432 314490208     56 44490496    0    0     0    62 27943 14035188 30 19 51  0  0
68  0  47432 314490208     56 44490496    0    0     0    62 27785 13860533 30 19 52  0  0
122  0  47432 314439456     56 44481240    0    0     0    34 24021 13356586 29 18 53  0  0
68  0  47432 314438432     56 44481240    0    0     0    34 24112 13477239 29 18 53  0  0
68  0  47432 314366208     56 44481256    0    0     0    47 24850 13937170 30 18 51  0  0
95  0  47432 314364704     56 44481256    0    0     0    47 24777 13815285 30 18 51  0  0
68  0  47432 314276256     56 44481276    0    0     0    35 22275 9489173 28 15 57  0  0
41  0  47432 314273728     56 44481276    0    0     0    35 22202 9385628 28 15 57  0  0
41  0  47432 314143680     56 44482016    0    0     0    32 19555 5567459 29  9 62  0  0
68  0  47432 314141152     56 44482016    0    0     0    32 19598 5610352 29  9 62  0  0
67  0  47432 314974112     56 44445132    0    0     0   101 21947 7794271 28 12 59  0  0
67  0  47432 315003648     56 44414892    0    0     0   101 22212 7819978 28 12 59  0  0
40  0  47432 315053024     56 44309296    0    0     0    27 22032 7100621 28 10 62  0  0
40  0  47432 315049984     56 44309296    0    0     0    27 21718 7034370 28 10 62  0  0
40  0  47432 314903936     56 44312692    0    0     0    26 18563 5932473 27  9 64  0  0
41  0  47432 314900928     56 44312692    0    0     0    26 18580 5933531 27  9 64  0  0
41  0  47432 314746464     56 44316104    0    0     0    31 18561 5773511 27  9 64  0  0
41  0  47432 314743936     56 44316104    0    0     0    31 18553 5772771 27  9 64  0  0
11  0  47432 316008992     56 44159948    0    0     0    50 23797 5741947 25  9 67  0  0
11  0  47432 316008512     56 44159948    0    0     0    50 23552 5671632 25  9 67  0  0
10  0  47432 317068672     56 43988180    0    0     0    48 16786 1780051 21  4 75  0  0
10  0  47432 317068672     56 43988180    0    0     0    48 16790 1780053 20  4 75  0  0
10  0  47432 316913216     56 43991548    0    0     0    45 10994 1162 19  2 79  0  0
11  0  47432 316912736     56 43991548    0    0     0    48 10985 1160 19  2 79  0  0
10  0  47432 316755232     56 43994868    0    0     0    13 11967 4927 19  2 79  0  0
10  0  47432 316754240     56 43994868    0    0     0    10 11976 4963 19  2 79  0  0
10  0  47432 316620480     56 43998244    0    0     0    14 11014 1182 19  2 79  0  0
10  0  47432 316619488     56 43998244    0    0     0    14 11011 1181 19  2 79  0  0
 8  0  47432 318896768     56 43650804    0    0     0    86 17012 23275 18  1 81  0  0
 8  0  47432 318896768     56 43650804    0    0     0    86 16992 23237 18  1 81  0  0
 9  0  47432 318897376     56 43650788    0    0     0     1 8841  687 17  0 83  0  0
 8  0  47432 318897376     56 43650788    0    0     0     1 8844  689 17  0 83  0  0
 8  0  47432 318894048     56 43654164    0    0     0     0 8805  672 17  0 83  0  0
 8  0  47432 318894048     56 43654164    0    0     0     0 8805  670 17  0 83  0  0
 8  0  47432 318894944     56 43653348    0    0     0    15 8787  668 17  0 83  0  0
 8  0  47432 318894944     56 43653348    0    0     0    15 8787  669 17  0 83  0  0
 8  0  47432 318895200     56 43652944    0    0     0     0 8979 1100 17  0 83  0  0
 8  0  47432 318895200     56 43652944    0    0     0     0 8977 1099 17  0 83  0  0
 8  0  47432 318895072     56 43652944    0    0     0     1 8710  590 17  0 83  0  0
 8  0  47432 318895072     56 43652944    0    0     0     1 8716  590 17  0 83  0  0
10  0  47432 311837856     56 43652988    0    0     0    28 11239 6877 16  1 83  0  0
 8  0  47432 311835008     56 43652824    0    0     0    28 11414 7101 16  1 83  0  0
13  0  47432 318367808     56 43656836    0    0     0   278 28032 85194 23  2 76  0  0
12  0  47432 318366240     56 43656836    0    0     0   278 27885 84983 23  2 76  0  0
19  0  47432 317961120     56 43675520    0    0     0   293 22244 32028 21  1 78  0  0
18  0  47432 317961120     56 43675520    0    0     0   293 22530 32876 21  1 78  0  0
 9  0  47432 317737600     56 43683168    0    0     0  1434 24455 50397 23  1 76  0  0
 9  0  47432 317737600     56 43683168    0    0     0  1452 24174 49563 23  1 76  0  0
 9  0  47432 310706688     56 43683932    0    0     0  1056 16362 20834 20  1 79  0  0
 9  0  47432 310705152     56 43683952    0    0     0  1038 16450 21149 20  1 79  0  0
16  0  47432 317743840     56 43689668    0    0     0  1763 18483 24227 21  1 78  0  0
17  0  47432 317742336     56 43689668    0    0     0  1763 18449 23937 21  1 78  0  0
10  0  47432 317758976     56 43698956    0    0     0  1448 29503 56356 22  1 77  0  0
10  0  47432 317758976     56 43698956    0    0     0  1448 29466 56330 22  1 77  0  0
21  0  47432 317483328     56 43712700    0    0     0  1763 34498 61532 26  2 73  0  0
19  0  47432 317478848     56 43713336    0    0     0  1795 34899 62613 26  2 72  0  0
11  0  47432 309814144     56 43729052    0    0     0  1126 33369 64431 26  2 72  0  0
12  0  47432 309805888     56 43729052    0    0     0  1148 33150 63890 26  2 72  0  0
15  0  47432 316565952     56 43751316    0    0     0  1133 37014 74957 27  2 70  0  0
12  0  47432 316565888     56 43751316    0    0     0  1130 36842 74397 27  2 70  0  0
13  0  47432 316455616     56 43777068    0    0     0  3136 32265 60254 28  1 71  0  0
13  0  47432 316455136     56 43777068    0    0     0  3085 32399 60711 27  1 71  0  0
27  0  47432 315951616     56 43812968    0    0     0  2252 38304 66243 30  2 68  0  0
17  0  47432 315949312     56 43811548    0    0     0  2293 38321 66051 30  2 68  0  0
15  0  47432 315873792     56 43817116    0    0     0  3047 35490 71660 29  2 69  0  0
15  0  47432 315868736     56 43818124    0    0     0  3013 35532 72074 29  2 69  0  0
19  0  47432 315732576     56 43839608    0    0     0  3862 41832 83165 30  2 68  0  0
31  0  47432 315726688     56 43839608    0    0     0  3863 41908 83414 31  2 68  0  0
15  0  47432 315045088     56 43889300    0    0     0  2938 55014 125663 36  3 61  0  0
16  0  47432 315036544     56 43889300    0    0     0  2966 54750 124748 36  3 61  0  0
15  0  47432 314808576     56 43917028    0    0     0  3009 49257 95828 35  3 63  0  0
14  0  47432 314805952     56 43917560    0    0     0  2985 49231 95820 35  3 63  0  0
12  0  47432 314807008     56 43950876    0    0     0  5503 46333 99014 34  2 64  0  0
12  0  47432 314806016     56 43951380    0    0     0  5549 46321 99011 34  2 64  0  0
21  0  47432 314565824     56 43987548    0    0     0  4817 46814 139043 36  2 62  0  0
17  0  47432 314565024     56 43987548    0    0     0  4760 46854 139041 36  2 62  0  0
15  0  47432 314417568     56 44018084    0    0     0  4071 41665 81532 33  2 65  0  0
14  0  47432 314413024     56 44018084    0    0     0  4071 41709 81661 33  2 65  0  0
24  0  47432 314586752     56 44029132    0    0     0  4440 36704 82042 31  2 67  0  0
18  0  47432 314586144     56 44029132    0    0     0  4440 36787 83804 31  2 67  0  0
21  0  47432 314637696     56 44062928    0    0     0  5552 43286 88915 35  2 64  0  0
23  0  47432 314628224     56 44062928    0    0     0  5552 43407 87486 35  2 64  0  0
